<?xml version="1.0" encoding="UTF-8"?>
<!-- Generated by org.testng.reporters.JUnitXMLReporter -->
<testsuite hostname="sr39-PC" name="Test" tests="51" failures="8" timestamp="4 Mar 2019 13:45:03 GMT" time="1365.485" errors="0">
  <testcase name="smokeXport_qualityOptimized_UDP_UDP" time="17.964" classname="testCasesSmoke.XportSmokeTest.SmokeXport_QualityOptimized_UDP_UDP">
    <failure type="org.openqa.selenium.NoSuchElementException" message="Cannot locate element with text: enp2s0
For documentation on this error, please visit: http://seleniumhq.org/exceptions/no_such_element.html
Build info: version: &amp;apos;3.14.0&amp;apos;, revision: &amp;apos;aacccce0&amp;apos;, time: &amp;apos;2018-08-02T20:19:58.91Z&amp;apos;
System info: host: &amp;apos;SR39-PC&amp;apos;, ip: &amp;apos;10.0.0.39&amp;apos;, os.name: &amp;apos;Windows 7&amp;apos;, os.arch: &amp;apos;amd64&amp;apos;, os.version: &amp;apos;6.1&amp;apos;, java.version: &amp;apos;1.8.0_92&amp;apos;
Driver info: driver.version: unknown">
      <![CDATA[org.openqa.selenium.NoSuchElementException: Cannot locate element with text: enp2s0
For documentation on this error, please visit: http://seleniumhq.org/exceptions/no_such_element.html
Build info: version: '3.14.0', revision: 'aacccce0', time: '2018-08-02T20:19:58.91Z'
System info: host: 'SR39-PC', ip: '10.0.0.39', os.name: 'Windows 7', os.arch: 'amd64', os.version: '6.1', java.version: '1.8.0_92'
Driver info: driver.version: unknown
	at org.openqa.selenium.support.ui.Select.selectByVisibleText(Select.java:151)
	at pagesSmoke.XportInput.udpInput(XportInput.java:94)
	at testCasesSmoke.XportSmokeTest.SmokeXport_QualityOptimized_UDP_UDP.smokeXport_qualityOptimized_UDP_UDP(SmokeXport_QualityOptimized_UDP_UDP.java:25)
... Removed 24 stack frames]]>
    </failure>
  </testcase> <!-- smokeXport_qualityOptimized_UDP_UDP -->
  <testcase name="smkVrs30MltProScteOotbndCueOuIn" time="27.501" classname="testCasesSmoke.scteSmoketestcases.SmkVrs30MltProScteOotbndCueOuIn"/>
  <testcase name="smokeVersa6AMulticastUdpMp4out" time="17.125" classname="testCasesSmoke.VersaIpSmokeTest.D1SmokeVersa6AMulticastUdpMp4out"/>
  <testcase name="mp4_file" time="27.338" classname="testCasesSmoke.VersaIpSmokeTest.AAAFileUpload"/>
  <testcase name="smokeVersa3aUdpMulticastRtpUnicastjob" time="16.509" classname="testCasesSmoke.VersaIpSmokeTest.C1SmokeVersa3aUdpMulticastRtpUnicastjob"/>
  <testcase name="smokeVersa6BMp4FileUdpUnicast" time="15.463" classname="testCasesSmoke.VersaIpSmokeTest.D2SmokeVersa6BMp4FileUdpUnicast"/>
  <testcase name="smkVrs31MltProScteOotbndCueOuDurat" time="24.724" classname="testCasesSmoke.scteSmoketestcases.SmkVrs31MltProScteOotbndCueOuDurat"/>
  <testcase name="smokeVersa6CUdpPassthroughUdpunicast" time="15.207" classname="testCasesSmoke.VersaIpSmokeTest.D3SmokeVersa6CUdpPassthroughUdpunicast"/>
  <testcase name="smokeXport_SRTclient_UDP" time="17.166" classname="testCasesSmoke.XportSmokeTest.SmokeXport_SRTclient_UDP"/>
  <testcase name="smokeVersa3bRtpUnicastRtmpOut" time="16.855" classname="testCasesSmoke.VersaIpSmokeTest.C2SmokeVersa3bRtpUnicastRtmpOut"/>
  <testcase name="smokeVersa6DUdpunicastUdpOut" time="16.675" classname="testCasesSmoke.VersaIpSmokeTest.D4SmokeVersa6DUdpunicastUdpOut"/>
  <testcase name="smokevrs2aUdpMulticastRtmpoutjob" time="16.199" classname="testCasesSmoke.VersaIpSmokeTest.B1Smokevrs2aUdpMulticastRtmpoutjob"/>
  <testcase name="smkVrs32MltProSctePerodic" time="28.542" classname="testCasesSmoke.scteSmoketestcases.SmkVrs32MltProSctePerodic"/>
  <testcase name="smokeVersa7AUdpMulticastMp4out" time="16.122" classname="testCasesSmoke.VersaIpSmokeTest.E1SmokeVersa7AUdpMulticastMp4out"/>
  <testcase name="smkVrs26OutbandCueOutCueIn" time="19.556" classname="testCasesSmoke.scteSmoketestcases.SmkVrs26OutbandCueOutCueIn"/>
  <testcase name="smokeVersa3CRtmpInRtpUnicast" time="16.322" classname="testCasesSmoke.VersaIpSmokeTest.C3SmokeVersa3CRtmpInRtpUnicast"/>
  <testcase name="smokeVersa7BMp4OutMp4Input" time="15.24" classname="testCasesSmoke.VersaIpSmokeTest.E2SmokeVersa7BMp4OutMp4Input"/>
  <testcase name="smokeXport_Testpattern_UDP" time="16.743" classname="testCasesSmoke.XportSmokeTest.SmokeXport_TestPattern_UDP"/>
  <testcase name="smkVrs33MltProScteInband" time="24.329" classname="testCasesSmoke.scteSmoketestcases.SmkVrs33MltProScteInband"/>
  <testcase name="smkVrs52UDPInSrtServer" time="12.718" classname="testCasesSmoke.VersaIpSmokeTest.SmkVrs52UDPInSrtServer">
    <failure type="org.openqa.selenium.ElementNotVisibleException" message="element not visible
  (Session info: chrome=72.0.3626.119)
  (Driver info: chromedriver=2.41.578737 (49da6702b16031c40d63e5618de03a32ff6c197e),platform=Windows NT 6.1.7600 x86_64) (WARNING: The server did not provide any stacktrace information)
Command duration or timeout: 0 milliseconds
Build info: version: &amp;apos;3.14.0&amp;apos;, revision: &amp;apos;aacccce0&amp;apos;, time: &amp;apos;2018-08-02T20:19:58.91Z&amp;apos;
System info: host: &amp;apos;SR39-PC&amp;apos;, ip: &amp;apos;10.0.0.39&amp;apos;, os.name: &amp;apos;Windows 7&amp;apos;, os.arch: &amp;apos;amd64&amp;apos;, os.version: &amp;apos;6.1&amp;apos;, java.version: &amp;apos;1.8.0_92&amp;apos;
Driver info: org.openqa.selenium.chrome.ChromeDriver
Capabilities {acceptInsecureCerts: false, acceptSslCerts: false, applicationCacheEnabled: false, browserConnectionEnabled: false, browserName: chrome, chrome: {chromedriverVersion: 2.41.578737 (49da6702b16031..., userDataDir: C:\Users\sr39\AppData\Local...}, cssSelectorsEnabled: true, databaseEnabled: false, goog:chromeOptions: {debuggerAddress: localhost:10485}, handlesAlerts: true, hasTouchScreen: false, javascriptEnabled: true, locationContextEnabled: true, mobileEmulationEnabled: false, nativeEvents: true, networkConnectionEnabled: false, pageLoadStrategy: normal, platform: XP, platformName: XP, rotatable: false, setWindowRect: true, takesHeapSnapshot: true, takesScreenshot: true, unexpectedAlertBehaviour: , unhandledPromptBehavior: , version: 72.0.3626.119, webStorageEnabled: true}
Session ID: e6ec801cae7a213040ca9efbcee854f3">
      <![CDATA[org.openqa.selenium.ElementNotVisibleException: element not visible
  (Session info: chrome=72.0.3626.119)
  (Driver info: chromedriver=2.41.578737 (49da6702b16031c40d63e5618de03a32ff6c197e),platform=Windows NT 6.1.7600 x86_64) (WARNING: The server did not provide any stacktrace information)
Command duration or timeout: 0 milliseconds
Build info: version: '3.14.0', revision: 'aacccce0', time: '2018-08-02T20:19:58.91Z'
System info: host: 'SR39-PC', ip: '10.0.0.39', os.name: 'Windows 7', os.arch: 'amd64', os.version: '6.1', java.version: '1.8.0_92'
Driver info: org.openqa.selenium.chrome.ChromeDriver
Capabilities {acceptInsecureCerts: false, acceptSslCerts: false, applicationCacheEnabled: false, browserConnectionEnabled: false, browserName: chrome, chrome: {chromedriverVersion: 2.41.578737 (49da6702b16031..., userDataDir: C:\Users\sr39\AppData\Local...}, cssSelectorsEnabled: true, databaseEnabled: false, goog:chromeOptions: {debuggerAddress: localhost:10485}, handlesAlerts: true, hasTouchScreen: false, javascriptEnabled: true, locationContextEnabled: true, mobileEmulationEnabled: false, nativeEvents: true, networkConnectionEnabled: false, pageLoadStrategy: normal, platform: XP, platformName: XP, rotatable: false, setWindowRect: true, takesHeapSnapshot: true, takesScreenshot: true, unexpectedAlertBehaviour: , unhandledPromptBehavior: , version: 72.0.3626.119, webStorageEnabled: true}
Session ID: e6ec801cae7a213040ca9efbcee854f3
	at org.openqa.selenium.remote.ErrorHandler.createThrowable(ErrorHandler.java:214)
	at org.openqa.selenium.remote.ErrorHandler.throwIfResponseFailed(ErrorHandler.java:166)
	at org.openqa.selenium.remote.http.JsonHttpResponseCodec.reconstructValue(JsonHttpResponseCodec.java:40)
	at org.openqa.selenium.remote.http.AbstractHttpResponseCodec.decode(AbstractHttpResponseCodec.java:80)
	at org.openqa.selenium.remote.http.AbstractHttpResponseCodec.decode(AbstractHttpResponseCodec.java:44)
	at org.openqa.selenium.remote.HttpCommandExecutor.execute(HttpCommandExecutor.java:158)
	at org.openqa.selenium.remote.service.DriverCommandExecutor.execute(DriverCommandExecutor.java:83)
	at org.openqa.selenium.remote.RemoteWebDriver.execute(RemoteWebDriver.java:548)
	at org.openqa.selenium.remote.RemoteWebElement.execute(RemoteWebElement.java:276)
	at org.openqa.selenium.remote.RemoteWebElement.click(RemoteWebElement.java:83)
	at org.openqa.selenium.support.pagefactory.internal.LocatingElementHandler.invoke(LocatingElementHandler.java:51)
	at com.sun.proxy.$Proxy11.click(Unknown Source)
	at pagesSmoke.OutputVersa.srt_out(OutputVersa.java:421)
	at testCasesSmoke.VersaIpSmokeTest.SmkVrs52UDPInSrtServer.smkVrs52UDPInSrtServer(SmkVrs52UDPInSrtServer.java:36)
... Removed 31 stack frames]]>
    </failure>
  </testcase> <!-- smkVrs52UDPInSrtServer -->
  <testcase name="smokevrs2bRTMPInUdpUbnicastjob" time="14.972" classname="testCasesSmoke.VersaIpSmokeTest.B2Smokevrs2bRTMPInUdpUbnicastjob"/>
  <testcase name="smokeVersa3dRtpunicastMp4out" time="15.107" classname="testCasesSmoke.VersaIpSmokeTest.C4SmokeVersa3dRtpunicastMp4out"/>
  <testcase name="smkVrs53SrtclientUDpout" time="7.029" classname="testCasesSmoke.VersaIpSmokeTest.SmkVrs53SrtclientUDpout">
    <failure type="org.openqa.selenium.WebDriverException" message="unknown error: Element &amp;lt;input type=&amp;quot;checkbox&amp;quot; id=&amp;quot;gstaf_src_srt_server&amp;quot; name=&amp;quot;gstaf_src_srt_server&amp;quot; onchange=&amp;quot;gstaf_src_srt_push()&amp;quot; value=&amp;quot;1&amp;quot; class=&amp;quot;switch-input&amp;quot;&amp;gt; is not clickable at point (558, 436). Other element would receive the click: &amp;lt;span class=&amp;quot;switch-label pixflex-tooltip&amp;quot; data-toggle=&amp;quot;tooltip&amp;quot; data-placement=&amp;quot;top&amp;quot; title=&amp;quot;&amp;quot; data-on=&amp;quot;On&amp;quot; data-off=&amp;quot;Off&amp;quot; data-original-title=&amp;quot;&amp;quot;&amp;gt;&amp;lt;/span&amp;gt;
  (Session info: chrome=72.0.3626.119)
  (Driver info: chromedriver=2.41.578737 (49da6702b16031c40d63e5618de03a32ff6c197e),platform=Windows NT 6.1.7600 x86_64) (WARNING: The server did not provide any stacktrace information)
Command duration or timeout: 0 milliseconds
Build info: version: &amp;apos;3.14.0&amp;apos;, revision: &amp;apos;aacccce0&amp;apos;, time: &amp;apos;2018-08-02T20:19:58.91Z&amp;apos;
System info: host: &amp;apos;SR39-PC&amp;apos;, ip: &amp;apos;10.0.0.39&amp;apos;, os.name: &amp;apos;Windows 7&amp;apos;, os.arch: &amp;apos;amd64&amp;apos;, os.version: &amp;apos;6.1&amp;apos;, java.version: &amp;apos;1.8.0_92&amp;apos;
Driver info: org.openqa.selenium.chrome.ChromeDriver
Capabilities {acceptInsecureCerts: false, acceptSslCerts: false, applicationCacheEnabled: false, browserConnectionEnabled: false, browserName: chrome, chrome: {chromedriverVersion: 2.41.578737 (49da6702b16031..., userDataDir: C:\Users\sr39\AppData\Local...}, cssSelectorsEnabled: true, databaseEnabled: false, goog:chromeOptions: {debuggerAddress: localhost:10666}, handlesAlerts: true, hasTouchScreen: false, javascriptEnabled: true, locationContextEnabled: true, mobileEmulationEnabled: false, nativeEvents: true, networkConnectionEnabled: false, pageLoadStrategy: normal, platform: XP, platformName: XP, rotatable: false, setWindowRect: true, takesHeapSnapshot: true, takesScreenshot: true, unexpectedAlertBehaviour: , unhandledPromptBehavior: , version: 72.0.3626.119, webStorageEnabled: true}
Session ID: 48885f119aa5990479515887c08f06aa">
      <![CDATA[org.openqa.selenium.WebDriverException: unknown error: Element <input type="checkbox" id="gstaf_src_srt_server" name="gstaf_src_srt_server" onchange="gstaf_src_srt_push()" value="1" class="switch-input"> is not clickable at point (558, 436). Other element would receive the click: <span class="switch-label pixflex-tooltip" data-toggle="tooltip" data-placement="top" title="" data-on="On" data-off="Off" data-original-title=""></span>
  (Session info: chrome=72.0.3626.119)
  (Driver info: chromedriver=2.41.578737 (49da6702b16031c40d63e5618de03a32ff6c197e),platform=Windows NT 6.1.7600 x86_64) (WARNING: The server did not provide any stacktrace information)
Command duration or timeout: 0 milliseconds
Build info: version: '3.14.0', revision: 'aacccce0', time: '2018-08-02T20:19:58.91Z'
System info: host: 'SR39-PC', ip: '10.0.0.39', os.name: 'Windows 7', os.arch: 'amd64', os.version: '6.1', java.version: '1.8.0_92'
Driver info: org.openqa.selenium.chrome.ChromeDriver
Capabilities {acceptInsecureCerts: false, acceptSslCerts: false, applicationCacheEnabled: false, browserConnectionEnabled: false, browserName: chrome, chrome: {chromedriverVersion: 2.41.578737 (49da6702b16031..., userDataDir: C:\Users\sr39\AppData\Local...}, cssSelectorsEnabled: true, databaseEnabled: false, goog:chromeOptions: {debuggerAddress: localhost:10666}, handlesAlerts: true, hasTouchScreen: false, javascriptEnabled: true, locationContextEnabled: true, mobileEmulationEnabled: false, nativeEvents: true, networkConnectionEnabled: false, pageLoadStrategy: normal, platform: XP, platformName: XP, rotatable: false, setWindowRect: true, takesHeapSnapshot: true, takesScreenshot: true, unexpectedAlertBehaviour: , unhandledPromptBehavior: , version: 72.0.3626.119, webStorageEnabled: true}
Session ID: 48885f119aa5990479515887c08f06aa
	at org.openqa.selenium.remote.ErrorHandler.createThrowable(ErrorHandler.java:214)
	at org.openqa.selenium.remote.ErrorHandler.throwIfResponseFailed(ErrorHandler.java:166)
	at org.openqa.selenium.remote.http.JsonHttpResponseCodec.reconstructValue(JsonHttpResponseCodec.java:40)
	at org.openqa.selenium.remote.http.AbstractHttpResponseCodec.decode(AbstractHttpResponseCodec.java:80)
	at org.openqa.selenium.remote.http.AbstractHttpResponseCodec.decode(AbstractHttpResponseCodec.java:44)
	at org.openqa.selenium.remote.HttpCommandExecutor.execute(HttpCommandExecutor.java:158)
	at org.openqa.selenium.remote.service.DriverCommandExecutor.execute(DriverCommandExecutor.java:83)
	at org.openqa.selenium.remote.RemoteWebDriver.execute(RemoteWebDriver.java:548)
	at org.openqa.selenium.remote.RemoteWebElement.execute(RemoteWebElement.java:276)
	at org.openqa.selenium.remote.RemoteWebElement.click(RemoteWebElement.java:83)
	at org.openqa.selenium.support.pagefactory.internal.LocatingElementHandler.invoke(LocatingElementHandler.java:51)
	at com.sun.proxy.$Proxy11.click(Unknown Source)
	at pagesSmoke.InputVersa.srtInput(InputVersa.java:312)
	at testCasesSmoke.VersaIpSmokeTest.SmkVrs53SrtclientUDpout.smkVrs53SrtclientUDpout(SmkVrs53SrtclientUDpout.java:23)
... Removed 31 stack frames]]>
    </failure>
  </testcase> <!-- smkVrs53SrtclientUDpout -->
  <testcase name="smkVrs27scteOutbandCueoutDuration" time="18.176" classname="testCasesSmoke.scteSmoketestcases.SmkVrs27scteOutbandCueoutDuration"/>
  <testcase name="smkVrs54srtClientRTmpout" time="7.154" classname="testCasesSmoke.VersaIpSmokeTest.SmkVrs54srtClientRTmpout">
    <failure type="org.openqa.selenium.WebDriverException" message="unknown error: Element &amp;lt;input type=&amp;quot;checkbox&amp;quot; id=&amp;quot;gstaf_src_srt_server&amp;quot; name=&amp;quot;gstaf_src_srt_server&amp;quot; onchange=&amp;quot;gstaf_src_srt_push()&amp;quot; value=&amp;quot;1&amp;quot; class=&amp;quot;switch-input&amp;quot;&amp;gt; is not clickable at point (558, 436). Other element would receive the click: &amp;lt;span class=&amp;quot;switch-label pixflex-tooltip&amp;quot; data-toggle=&amp;quot;tooltip&amp;quot; data-placement=&amp;quot;top&amp;quot; title=&amp;quot;&amp;quot; data-on=&amp;quot;On&amp;quot; data-off=&amp;quot;Off&amp;quot; data-original-title=&amp;quot;&amp;quot;&amp;gt;&amp;lt;/span&amp;gt;
  (Session info: chrome=72.0.3626.119)
  (Driver info: chromedriver=2.41.578737 (49da6702b16031c40d63e5618de03a32ff6c197e),platform=Windows NT 6.1.7600 x86_64) (WARNING: The server did not provide any stacktrace information)
Command duration or timeout: 0 milliseconds
Build info: version: &amp;apos;3.14.0&amp;apos;, revision: &amp;apos;aacccce0&amp;apos;, time: &amp;apos;2018-08-02T20:19:58.91Z&amp;apos;
System info: host: &amp;apos;SR39-PC&amp;apos;, ip: &amp;apos;10.0.0.39&amp;apos;, os.name: &amp;apos;Windows 7&amp;apos;, os.arch: &amp;apos;amd64&amp;apos;, os.version: &amp;apos;6.1&amp;apos;, java.version: &amp;apos;1.8.0_92&amp;apos;
Driver info: org.openqa.selenium.chrome.ChromeDriver
Capabilities {acceptInsecureCerts: false, acceptSslCerts: false, applicationCacheEnabled: false, browserConnectionEnabled: false, browserName: chrome, chrome: {chromedriverVersion: 2.41.578737 (49da6702b16031..., userDataDir: C:\Users\sr39\AppData\Local...}, cssSelectorsEnabled: true, databaseEnabled: false, goog:chromeOptions: {debuggerAddress: localhost:10803}, handlesAlerts: true, hasTouchScreen: false, javascriptEnabled: true, locationContextEnabled: true, mobileEmulationEnabled: false, nativeEvents: true, networkConnectionEnabled: false, pageLoadStrategy: normal, platform: XP, platformName: XP, rotatable: false, setWindowRect: true, takesHeapSnapshot: true, takesScreenshot: true, unexpectedAlertBehaviour: , unhandledPromptBehavior: , version: 72.0.3626.119, webStorageEnabled: true}
Session ID: 5e52f826977019547a05a32b39544689">
      <![CDATA[org.openqa.selenium.WebDriverException: unknown error: Element <input type="checkbox" id="gstaf_src_srt_server" name="gstaf_src_srt_server" onchange="gstaf_src_srt_push()" value="1" class="switch-input"> is not clickable at point (558, 436). Other element would receive the click: <span class="switch-label pixflex-tooltip" data-toggle="tooltip" data-placement="top" title="" data-on="On" data-off="Off" data-original-title=""></span>
  (Session info: chrome=72.0.3626.119)
  (Driver info: chromedriver=2.41.578737 (49da6702b16031c40d63e5618de03a32ff6c197e),platform=Windows NT 6.1.7600 x86_64) (WARNING: The server did not provide any stacktrace information)
Command duration or timeout: 0 milliseconds
Build info: version: '3.14.0', revision: 'aacccce0', time: '2018-08-02T20:19:58.91Z'
System info: host: 'SR39-PC', ip: '10.0.0.39', os.name: 'Windows 7', os.arch: 'amd64', os.version: '6.1', java.version: '1.8.0_92'
Driver info: org.openqa.selenium.chrome.ChromeDriver
Capabilities {acceptInsecureCerts: false, acceptSslCerts: false, applicationCacheEnabled: false, browserConnectionEnabled: false, browserName: chrome, chrome: {chromedriverVersion: 2.41.578737 (49da6702b16031..., userDataDir: C:\Users\sr39\AppData\Local...}, cssSelectorsEnabled: true, databaseEnabled: false, goog:chromeOptions: {debuggerAddress: localhost:10803}, handlesAlerts: true, hasTouchScreen: false, javascriptEnabled: true, locationContextEnabled: true, mobileEmulationEnabled: false, nativeEvents: true, networkConnectionEnabled: false, pageLoadStrategy: normal, platform: XP, platformName: XP, rotatable: false, setWindowRect: true, takesHeapSnapshot: true, takesScreenshot: true, unexpectedAlertBehaviour: , unhandledPromptBehavior: , version: 72.0.3626.119, webStorageEnabled: true}
Session ID: 5e52f826977019547a05a32b39544689
	at org.openqa.selenium.remote.ErrorHandler.createThrowable(ErrorHandler.java:214)
	at org.openqa.selenium.remote.ErrorHandler.throwIfResponseFailed(ErrorHandler.java:166)
	at org.openqa.selenium.remote.http.JsonHttpResponseCodec.reconstructValue(JsonHttpResponseCodec.java:40)
	at org.openqa.selenium.remote.http.AbstractHttpResponseCodec.decode(AbstractHttpResponseCodec.java:80)
	at org.openqa.selenium.remote.http.AbstractHttpResponseCodec.decode(AbstractHttpResponseCodec.java:44)
	at org.openqa.selenium.remote.HttpCommandExecutor.execute(HttpCommandExecutor.java:158)
	at org.openqa.selenium.remote.service.DriverCommandExecutor.execute(DriverCommandExecutor.java:83)
	at org.openqa.selenium.remote.RemoteWebDriver.execute(RemoteWebDriver.java:548)
	at org.openqa.selenium.remote.RemoteWebElement.execute(RemoteWebElement.java:276)
	at org.openqa.selenium.remote.RemoteWebElement.click(RemoteWebElement.java:83)
	at org.openqa.selenium.support.pagefactory.internal.LocatingElementHandler.invoke(LocatingElementHandler.java:51)
	at com.sun.proxy.$Proxy11.click(Unknown Source)
	at pagesSmoke.InputVersa.srtInput(InputVersa.java:312)
	at testCasesSmoke.VersaIpSmokeTest.SmkVrs54srtClientRTmpout.smkVrs54srtClientRTmpout(SmkVrs54srtClientRTmpout.java:23)
... Removed 31 stack frames]]>
    </failure>
  </testcase> <!-- smkVrs54srtClientRTmpout -->
  <testcase name="smokeXport_UDP_SRTserver" time="14.847" classname="testCasesSmoke.XportSmokeTest.SmokeXport_UDP_SRTserver">
    <failure type="org.openqa.selenium.NoSuchElementException" message="Cannot locate element with text: enp2s0
For documentation on this error, please visit: http://seleniumhq.org/exceptions/no_such_element.html
Build info: version: &amp;apos;3.14.0&amp;apos;, revision: &amp;apos;aacccce0&amp;apos;, time: &amp;apos;2018-08-02T20:19:58.91Z&amp;apos;
System info: host: &amp;apos;SR39-PC&amp;apos;, ip: &amp;apos;10.0.0.39&amp;apos;, os.name: &amp;apos;Windows 7&amp;apos;, os.arch: &amp;apos;amd64&amp;apos;, os.version: &amp;apos;6.1&amp;apos;, java.version: &amp;apos;1.8.0_92&amp;apos;
Driver info: driver.version: unknown">
      <![CDATA[org.openqa.selenium.NoSuchElementException: Cannot locate element with text: enp2s0
For documentation on this error, please visit: http://seleniumhq.org/exceptions/no_such_element.html
Build info: version: '3.14.0', revision: 'aacccce0', time: '2018-08-02T20:19:58.91Z'
System info: host: 'SR39-PC', ip: '10.0.0.39', os.name: 'Windows 7', os.arch: 'amd64', os.version: '6.1', java.version: '1.8.0_92'
Driver info: driver.version: unknown
	at org.openqa.selenium.support.ui.Select.selectByVisibleText(Select.java:151)
	at pagesSmoke.XportInput.udpInput(XportInput.java:94)
	at testCasesSmoke.XportSmokeTest.SmokeXport_UDP_SRTserver.smokeXport_UDP_SRTserver(SmokeXport_UDP_SRTserver.java:25)
... Removed 24 stack frames]]>
    </failure>
  </testcase> <!-- smokeXport_UDP_SRTserver -->
  <testcase name="smkvrs55UdpInNDIout" time="15.62" classname="testCasesSmoke.VersaIpSmokeTest.Smkvrs55UdpInNDIout"/>
  <testcase name="smokevrs2cUdpunicastRTMPjob" time="16.74" classname="testCasesSmoke.VersaIpSmokeTest.B3Smokevrs2cUdpunicastRTMPjob"/>
  <testcase name="smkvrs56NDIinUDpout" time="9.998" classname="testCasesSmoke.VersaIpSmokeTest.Smkvrs56NDIinUDpout">
    <failure type="org.openqa.selenium.NoSuchElementException" message="Cannot locate element with text: sne1
For documentation on this error, please visit: http://seleniumhq.org/exceptions/no_such_element.html
Build info: version: &amp;apos;3.14.0&amp;apos;, revision: &amp;apos;aacccce0&amp;apos;, time: &amp;apos;2018-08-02T20:19:58.91Z&amp;apos;
System info: host: &amp;apos;SR39-PC&amp;apos;, ip: &amp;apos;10.0.0.39&amp;apos;, os.name: &amp;apos;Windows 7&amp;apos;, os.arch: &amp;apos;amd64&amp;apos;, os.version: &amp;apos;6.1&amp;apos;, java.version: &amp;apos;1.8.0_92&amp;apos;
Driver info: driver.version: unknown">
      <![CDATA[org.openqa.selenium.NoSuchElementException: Cannot locate element with text: sne1
For documentation on this error, please visit: http://seleniumhq.org/exceptions/no_such_element.html
Build info: version: '3.14.0', revision: 'aacccce0', time: '2018-08-02T20:19:58.91Z'
System info: host: 'SR39-PC', ip: '10.0.0.39', os.name: 'Windows 7', os.arch: 'amd64', os.version: '6.1', java.version: '1.8.0_92'
Driver info: driver.version: unknown
	at org.openqa.selenium.support.ui.Select.selectByVisibleText(Select.java:151)
	at pagesSmoke.InputVersa.ndiInput(InputVersa.java:322)
	at testCasesSmoke.VersaIpSmokeTest.Smkvrs56NDIinUDpout.smkvrs56NDIinUDpout(Smkvrs56NDIinUDpout.java:23)
... Removed 24 stack frames]]>
    </failure>
  </testcase> <!-- smkvrs56NDIinUDpout -->
  <testcase name="smkVrs28SctePerodic" time="20.248" classname="testCasesSmoke.scteSmoketestcases.SmkVrs28SctePerodic"/>
  <testcase name="smkVrs58QualityOpt" time="16.733" classname="testCasesSmoke.VersaIpSmokeTest.SmkVrs58QualityOpt"/>
  <testcase name="smokeXport_UDPmulticast_RTP" time="15.681" classname="testCasesSmoke.XportSmokeTest.SmokeXport_UDPmulticast_RTP">
    <failure type="org.openqa.selenium.NoSuchElementException" message="Cannot locate element with text: enp2s0
For documentation on this error, please visit: http://seleniumhq.org/exceptions/no_such_element.html
Build info: version: &amp;apos;3.14.0&amp;apos;, revision: &amp;apos;aacccce0&amp;apos;, time: &amp;apos;2018-08-02T20:19:58.91Z&amp;apos;
System info: host: &amp;apos;SR39-PC&amp;apos;, ip: &amp;apos;10.0.0.39&amp;apos;, os.name: &amp;apos;Windows 7&amp;apos;, os.arch: &amp;apos;amd64&amp;apos;, os.version: &amp;apos;6.1&amp;apos;, java.version: &amp;apos;1.8.0_92&amp;apos;
Driver info: driver.version: unknown">
      <![CDATA[org.openqa.selenium.NoSuchElementException: Cannot locate element with text: enp2s0
For documentation on this error, please visit: http://seleniumhq.org/exceptions/no_such_element.html
Build info: version: '3.14.0', revision: 'aacccce0', time: '2018-08-02T20:19:58.91Z'
System info: host: 'SR39-PC', ip: '10.0.0.39', os.name: 'Windows 7', os.arch: 'amd64', os.version: '6.1', java.version: '1.8.0_92'
Driver info: driver.version: unknown
	at org.openqa.selenium.support.ui.Select.selectByVisibleText(Select.java:151)
	at pagesSmoke.XportInput.udpInput(XportInput.java:94)
	at testCasesSmoke.XportSmokeTest.SmokeXport_UDPmulticast_RTP.smokeXport_UDPmulticast_RTP(SmokeXport_UDPmulticast_RTP.java:24)
... Removed 24 stack frames]]>
    </failure>
  </testcase> <!-- smokeXport_UDPmulticast_RTP -->
  <testcase name="smkVrs59QualityOptMultipro" time="19.518" classname="testCasesSmoke.VersaIpSmokeTest.SmkVrs59QualityOptMultipro"/>
  <testcase name="smokeVrs2dRtmpInputrtmpOutputjob" time="15.263" classname="testCasesSmoke.VersaIpSmokeTest.B4SmokeVrs2dRtmpInputrtmpOutputjob"/>
  <testcase name="smkVrs64UdpInPtsbasedPcr" time="15.967" classname="testCasesSmoke.VersaIpSmokeTest.SmkVrs64UdpInPtsbasedPcr"/>
  <testcase name="smkVrs29InbandScte" time="19.023" classname="testCasesSmoke.scteSmoketestcases.SmkVrs29InbandScte"/>
  <testcase name="smokeVersa10MulticastRTPmultiOut" time="26.47" classname="testCasesSmoke.VersaIpSmokeTest.SmokeVersa10MulticastRTPmultiOut"/>
  <testcase name="smokeXport_UDPmulticast_UDP" time="15.05" classname="testCasesSmoke.XportSmokeTest.SmokeXport_UDPmultiCast_UDP">
    <failure type="org.openqa.selenium.NoSuchElementException" message="Cannot locate element with text: enp2s0
For documentation on this error, please visit: http://seleniumhq.org/exceptions/no_such_element.html
Build info: version: &amp;apos;3.14.0&amp;apos;, revision: &amp;apos;aacccce0&amp;apos;, time: &amp;apos;2018-08-02T20:19:58.91Z&amp;apos;
System info: host: &amp;apos;SR39-PC&amp;apos;, ip: &amp;apos;10.0.0.39&amp;apos;, os.name: &amp;apos;Windows 7&amp;apos;, os.arch: &amp;apos;amd64&amp;apos;, os.version: &amp;apos;6.1&amp;apos;, java.version: &amp;apos;1.8.0_92&amp;apos;
Driver info: driver.version: unknown">
      <![CDATA[org.openqa.selenium.NoSuchElementException: Cannot locate element with text: enp2s0
For documentation on this error, please visit: http://seleniumhq.org/exceptions/no_such_element.html
Build info: version: '3.14.0', revision: 'aacccce0', time: '2018-08-02T20:19:58.91Z'
System info: host: 'SR39-PC', ip: '10.0.0.39', os.name: 'Windows 7', os.arch: 'amd64', os.version: '6.1', java.version: '1.8.0_92'
Driver info: driver.version: unknown
	at org.openqa.selenium.support.ui.Select.selectByVisibleText(Select.java:151)
	at pagesSmoke.XportInput.udpInput(XportInput.java:94)
	at testCasesSmoke.XportSmokeTest.SmokeXport_UDPmultiCast_UDP.smokeXport_UDPmulticast_UDP(SmokeXport_UDPmultiCast_UDP.java:25)
... Removed 24 stack frames]]>
    </failure>
  </testcase> <!-- smokeXport_UDPmulticast_UDP -->
  <testcase name="smokeVersa11UdpMulProfStreamerHLs" time="23.024" classname="testCasesSmoke.VersaIpSmokeTest.SmokeVersa11UdpMulProfStreamerHLs"/>
  <testcase name="smokeVersa12FileInWowzaRTmp" time="20.058" classname="testCasesSmoke.VersaIpSmokeTest.SmokeVersa12FileInWowzaRTmp"/>
  <testcase name="smokeVersa13TestInUdpOut" time="15.975" classname="testCasesSmoke.VersaIpSmokeTest.SmokeVersa13TestInUdpOut"/>
  <testcase name="smokeVersa18Mp4InputFileOutput" time="29.573" classname="testCasesSmoke.VersaIpSmokeTest.SmokeVersa18Mp4InputFileOutput"/>
  <testcase name="smokeVersa19TsInputMultiFileOut" time="29.729" classname="testCasesSmoke.VersaIpSmokeTest.SmokeVersa19TsInputMultiFileOut"/>
  <testcase name="smokeVersa1aUdpMulticastUdpUnicast" time="15.866" classname="testCasesSmoke.VersaIpSmokeTest.SmokeVersa1aUdpMulticastUdpUnicast"/>
  <testcase name="smokeVersa3bRtmpInRtmpOut" time="16.36" classname="testCasesSmoke.VersaIpSmokeTest.SmokeVersa3bRtmpInRtmpOut"/>
  <testcase name="smokeVersa9ImageInUdpOut" time="15.048" classname="testCasesSmoke.VersaIpSmokeTest.SmokeVersa9ImageInUdpOut"/>
  <testcase name="smokevrs1bUdpUnicastRtpUnicastjob" time="15.804" classname="testCasesSmoke.VersaIpSmokeTest.Smokevrs1bUdpUnicastRtpUnicastjob"/>
  <testcase name="smokevrs1cRtpUnicastUdpunicastjob" time="15.258" classname="testCasesSmoke.VersaIpSmokeTest.Smokevrs1cRtpUnicastUdpunicastjob"/>
  <testcase name="smokevrs1dUdpUincastUdpUnicastjob" time="15.659" classname="testCasesSmoke.VersaIpSmokeTest.Smokevrs1dUdpUincastUdpUnicastjob"/>
  <testcase name="udp_all_flex" time="0.002" classname="testCasesSmoke.VersaIpSmokeTest.TestCase">
    <skipped/>
  </testcase> <!-- udp_all_flex -->
  <testcase name="versaSmoke28Switcherjob" time="21.087" classname="testCasesSmoke.VersaIpSmokeTest.VersaSmoke28Switcherjob"/>
</testsuite> <!-- Test -->
