<html>
<head>
<title>TestNG:  Test</title>
<link href="../testng.css" rel="stylesheet" type="text/css" />
<link href="../my-testng.css" rel="stylesheet" type="text/css" />

<style type="text/css">
.log { display: none;} 
.stack-trace { display: none;} 
</style>
<script type="text/javascript">
<!--
function flip(e) {
  current = e.style.display;
  if (current == 'block') {
    e.style.display = 'none';
    return 0;
  }
  else {
    e.style.display = 'block';
    return 1;
  }
}

function toggleBox(szDivId, elem, msg1, msg2)
{
  var res = -1;  if (document.getElementById) {
    res = flip(document.getElementById(szDivId));
  }
  else if (document.all) {
    // this is the way old msie versions work
    res = flip(document.all[szDivId]);
  }
  if(elem) {
    if(res == 0) elem.innerHTML = msg1; else elem.innerHTML = msg2;
  }

}

function toggleAllBoxes() {
  if (document.getElementsByTagName) {
    d = document.getElementsByTagName('div');
    for (i = 0; i < d.length; i++) {
      if (d[i].className == 'log') {
        flip(d[i]);
      }
    }
  }
}

// -->
</script>

</head>
<body>
<h2 align='center'>Test</h2><table border='1' align="center">
<tr>
<td>Tests passed/Failed/Skipped:</td><td>42/9/0</td>
</tr><tr>
<td>Started on:</td><td>Mon Mar 04 18:52:17 IST 2019</td>
</tr>
<tr><td>Total time:</td><td>1365 seconds (1365485 ms)</td>
</tr><tr>
<td>Included groups:</td><td></td>
</tr><tr>
<td>Excluded groups:</td><td></td>
</tr>
</table><p/>
<small><i>(Hover the method name to see the test class name)</i></small><p/>
<table width='100%' border='1' class='invocation-failed'>
<tr><td colspan='4' align='center'><b>FAILED TESTS</b></td></tr>
<tr><td><b>Test method</b></td>
<td width="30%"><b>Exception</b></td>
<td width="10%"><b>Time (seconds)</b></td>
<td><b>Instance</b></td>
</tr>
<tr>
<td title='testCasesSmoke.VersaIpSmokeTest.SmkVrs52UDPInSrtServer.smkVrs52UDPInSrtServer()'><b>smkVrs52UDPInSrtServer</b><br>Test class: testCasesSmoke.VersaIpSmokeTest.SmkVrs52UDPInSrtServer</td>
<td><div><pre>org.openqa.selenium.ElementNotVisibleException: element not visible
  (Session info: chrome=72.0.3626.119)
  (Driver info: chromedriver=2.41.578737 (49da6702b16031c40d63e5618de03a32ff6c197e),platform=Windows NT 6.1.7600 x86_64) (WARNING: The server did not provide any stacktrace information)
Command duration or timeout: 0 milliseconds
Build info: version: &apos;3.14.0&apos;, revision: &apos;aacccce0&apos;, time: &apos;2018-08-02T20:19:58.91Z&apos;
System info: host: &apos;SR39-PC&apos;, ip: &apos;10.0.0.39&apos;, os.name: &apos;Windows 7&apos;, os.arch: &apos;amd64&apos;, os.version: &apos;6.1&apos;, java.version: &apos;1.8.0_92&apos;
Driver info: org.openqa.selenium.chrome.ChromeDriver
Capabilities {acceptInsecureCerts: false, acceptSslCerts: false, applicationCacheEnabled: false, browserConnectionEnabled: false, browserName: chrome, chrome: {chromedriverVersion: 2.41.578737 (49da6702b16031..., userDataDir: C:\Users\sr39\AppData\Local...}, cssSelectorsEnabled: true, databaseEnabled: false, goog:chromeOptions: {debuggerAddress: localhost:10485}, handlesAlerts: true, hasTouchScreen: false, javascriptEnabled: true, locationContextEnabled: true, mobileEmulationEnabled: false, nativeEvents: true, networkConnectionEnabled: false, pageLoadStrategy: normal, platform: XP, platformName: XP, rotatable: false, setWindowRect: true, takesHeapSnapshot: true, takesScreenshot: true, unexpectedAlertBehaviour: , unhandledPromptBehavior: , version: 72.0.3626.119, webStorageEnabled: true}
Session ID: e6ec801cae7a213040ca9efbcee854f3
	at org.openqa.selenium.remote.ErrorHandler.createThrowable(ErrorHandler.java:214)
	at org.openqa.selenium.remote.ErrorHandler.throwIfResponseFailed(ErrorHandler.java:166)
	at org.openqa.selenium.remote.http.JsonHttpResponseCodec.reconstructValue(JsonHttpResponseCodec.java:40)
	at org.openqa.selenium.remote.http.AbstractHttpResponseCodec.decode(AbstractHttpResponseCodec.java:80)
	at org.openqa.selenium.remote.http.AbstractHttpResponseCodec.decode(AbstractHttpResponseCodec.java:44)
	at org.openqa.selenium.remote.HttpCommandExecutor.execute(HttpCommandExecutor.java:158)
	at org.openqa.selenium.remote.service.DriverCommandExecutor.execute(DriverCommandExecutor.java:83)
	at org.openqa.selenium.remote.RemoteWebDriver.execute(RemoteWebDriver.java:548)
	at org.openqa.selenium.remote.RemoteWebElement.execute(RemoteWebElement.java:276)
	at org.openqa.selenium.remote.RemoteWebElement.click(RemoteWebElement.java:83)
	at org.openqa.selenium.support.pagefactory.internal.LocatingElementHandler.invoke(LocatingElementHandler.java:51)
	at com.sun.proxy.$Proxy11.click(Unknown Source)
	at pagesSmoke.OutputVersa.srt_out(OutputVersa.java:421)
	at testCasesSmoke.VersaIpSmokeTest.SmkVrs52UDPInSrtServer.smkVrs52UDPInSrtServer(SmkVrs52UDPInSrtServer.java:36)
... Removed 31 stack frames</pre></div><a href='#' onClick='toggleBox("stack-trace1218677266", this, "Click to show all stack frames", "Click to hide stack frames")'>Click to show all stack frames</a>
<div class='stack-trace' id='stack-trace1218677266'><pre>org.openqa.selenium.ElementNotVisibleException: element not visible
  (Session info: chrome=72.0.3626.119)
  (Driver info: chromedriver=2.41.578737 (49da6702b16031c40d63e5618de03a32ff6c197e),platform=Windows NT 6.1.7600 x86_64) (WARNING: The server did not provide any stacktrace information)
Command duration or timeout: 0 milliseconds
Build info: version: &apos;3.14.0&apos;, revision: &apos;aacccce0&apos;, time: &apos;2018-08-02T20:19:58.91Z&apos;
System info: host: &apos;SR39-PC&apos;, ip: &apos;10.0.0.39&apos;, os.name: &apos;Windows 7&apos;, os.arch: &apos;amd64&apos;, os.version: &apos;6.1&apos;, java.version: &apos;1.8.0_92&apos;
Driver info: org.openqa.selenium.chrome.ChromeDriver
Capabilities {acceptInsecureCerts: false, acceptSslCerts: false, applicationCacheEnabled: false, browserConnectionEnabled: false, browserName: chrome, chrome: {chromedriverVersion: 2.41.578737 (49da6702b16031..., userDataDir: C:\Users\sr39\AppData\Local...}, cssSelectorsEnabled: true, databaseEnabled: false, goog:chromeOptions: {debuggerAddress: localhost:10485}, handlesAlerts: true, hasTouchScreen: false, javascriptEnabled: true, locationContextEnabled: true, mobileEmulationEnabled: false, nativeEvents: true, networkConnectionEnabled: false, pageLoadStrategy: normal, platform: XP, platformName: XP, rotatable: false, setWindowRect: true, takesHeapSnapshot: true, takesScreenshot: true, unexpectedAlertBehaviour: , unhandledPromptBehavior: , version: 72.0.3626.119, webStorageEnabled: true}
Session ID: e6ec801cae7a213040ca9efbcee854f3
	at sun.reflect.NativeConstructorAccessorImpl.newInstance0(Native Method)
	at sun.reflect.NativeConstructorAccessorImpl.newInstance(Unknown Source)
	at sun.reflect.DelegatingConstructorAccessorImpl.newInstance(Unknown Source)
	at java.lang.reflect.Constructor.newInstance(Unknown Source)
	at org.openqa.selenium.remote.ErrorHandler.createThrowable(ErrorHandler.java:214)
	at org.openqa.selenium.remote.ErrorHandler.throwIfResponseFailed(ErrorHandler.java:166)
	at org.openqa.selenium.remote.http.JsonHttpResponseCodec.reconstructValue(JsonHttpResponseCodec.java:40)
	at org.openqa.selenium.remote.http.AbstractHttpResponseCodec.decode(AbstractHttpResponseCodec.java:80)
	at org.openqa.selenium.remote.http.AbstractHttpResponseCodec.decode(AbstractHttpResponseCodec.java:44)
	at org.openqa.selenium.remote.HttpCommandExecutor.execute(HttpCommandExecutor.java:158)
	at org.openqa.selenium.remote.service.DriverCommandExecutor.execute(DriverCommandExecutor.java:83)
	at org.openqa.selenium.remote.RemoteWebDriver.execute(RemoteWebDriver.java:548)
	at org.openqa.selenium.remote.RemoteWebElement.execute(RemoteWebElement.java:276)
	at org.openqa.selenium.remote.RemoteWebElement.click(RemoteWebElement.java:83)
	at sun.reflect.GeneratedMethodAccessor1.invoke(Unknown Source)
	at sun.reflect.DelegatingMethodAccessorImpl.invoke(Unknown Source)
	at java.lang.reflect.Method.invoke(Unknown Source)
	at org.openqa.selenium.support.pagefactory.internal.LocatingElementHandler.invoke(LocatingElementHandler.java:51)
	at com.sun.proxy.$Proxy11.click(Unknown Source)
	at pagesSmoke.OutputVersa.srt_out(OutputVersa.java:421)
	at testCasesSmoke.VersaIpSmokeTest.SmkVrs52UDPInSrtServer.smkVrs52UDPInSrtServer(SmkVrs52UDPInSrtServer.java:36)
	at sun.reflect.NativeMethodAccessorImpl.invoke0(Native Method)
	at sun.reflect.NativeMethodAccessorImpl.invoke(Unknown Source)
	at sun.reflect.DelegatingMethodAccessorImpl.invoke(Unknown Source)
	at java.lang.reflect.Method.invoke(Unknown Source)
	at org.testng.internal.MethodInvocationHelper.invokeMethod(MethodInvocationHelper.java:84)
	at org.testng.internal.Invoker.invokeMethod(Invoker.java:714)
	at org.testng.internal.Invoker.invokeTestMethod(Invoker.java:901)
	at org.testng.internal.Invoker.invokeTestMethods(Invoker.java:1231)
	at org.testng.internal.TestMethodWorker.invokeTestMethods(TestMethodWorker.java:127)
	at org.testng.internal.TestMethodWorker.run(TestMethodWorker.java:111)
	at org.testng.TestRunner.privateRun(TestRunner.java:767)
	at org.testng.TestRunner.run(TestRunner.java:617)
	at org.testng.SuiteRunner.runTest(SuiteRunner.java:348)
	at org.testng.SuiteRunner.runSequentially(SuiteRunner.java:343)
	at org.testng.SuiteRunner.privateRun(SuiteRunner.java:305)
	at org.testng.SuiteRunner.run(SuiteRunner.java:254)
	at org.testng.SuiteRunnerWorker.runSuite(SuiteRunnerWorker.java:52)
	at org.testng.SuiteRunnerWorker.run(SuiteRunnerWorker.java:86)
	at org.testng.TestNG.runSuitesSequentially(TestNG.java:1224)
	at org.testng.TestNG.runSuitesLocally(TestNG.java:1149)
	at org.testng.TestNG.run(TestNG.java:1057)
	at org.testng.remote.AbstractRemoteTestNG.run(AbstractRemoteTestNG.java:132)
	at org.testng.remote.RemoteTestNG.initAndRun(RemoteTestNG.java:230)
	at org.testng.remote.RemoteTestNG.main(RemoteTestNG.java:76)
</pre></div></td>
<td>12</td>
<td>testCasesSmoke.VersaIpSmokeTest.SmkVrs52UDPInSrtServer@305fd85d</td></tr>
<tr>
<td title='testCasesSmoke.VersaIpSmokeTest.SmkVrs53SrtclientUDpout.smkVrs53SrtclientUDpout()'><b>smkVrs53SrtclientUDpout</b><br>Test class: testCasesSmoke.VersaIpSmokeTest.SmkVrs53SrtclientUDpout</td>
<td><div><pre>org.openqa.selenium.WebDriverException: unknown error: Element &lt;input type=&quot;checkbox&quot; id=&quot;gstaf_src_srt_server&quot; name=&quot;gstaf_src_srt_server&quot; onchange=&quot;gstaf_src_srt_push()&quot; value=&quot;1&quot; class=&quot;switch-input&quot;&gt; is not clickable at point (558, 436). Other element would receive the click: &lt;span class=&quot;switch-label pixflex-tooltip&quot; data-toggle=&quot;tooltip&quot; data-placement=&quot;top&quot; title=&quot;&quot; data-on=&quot;On&quot; data-off=&quot;Off&quot; data-original-title=&quot;&quot;&gt;&lt;/span&gt;
  (Session info: chrome=72.0.3626.119)
  (Driver info: chromedriver=2.41.578737 (49da6702b16031c40d63e5618de03a32ff6c197e),platform=Windows NT 6.1.7600 x86_64) (WARNING: The server did not provide any stacktrace information)
Command duration or timeout: 0 milliseconds
Build info: version: &apos;3.14.0&apos;, revision: &apos;aacccce0&apos;, time: &apos;2018-08-02T20:19:58.91Z&apos;
System info: host: &apos;SR39-PC&apos;, ip: &apos;10.0.0.39&apos;, os.name: &apos;Windows 7&apos;, os.arch: &apos;amd64&apos;, os.version: &apos;6.1&apos;, java.version: &apos;1.8.0_92&apos;
Driver info: org.openqa.selenium.chrome.ChromeDriver
Capabilities {acceptInsecureCerts: false, acceptSslCerts: false, applicationCacheEnabled: false, browserConnectionEnabled: false, browserName: chrome, chrome: {chromedriverVersion: 2.41.578737 (49da6702b16031..., userDataDir: C:\Users\sr39\AppData\Local...}, cssSelectorsEnabled: true, databaseEnabled: false, goog:chromeOptions: {debuggerAddress: localhost:10666}, handlesAlerts: true, hasTouchScreen: false, javascriptEnabled: true, locationContextEnabled: true, mobileEmulationEnabled: false, nativeEvents: true, networkConnectionEnabled: false, pageLoadStrategy: normal, platform: XP, platformName: XP, rotatable: false, setWindowRect: true, takesHeapSnapshot: true, takesScreenshot: true, unexpectedAlertBehaviour: , unhandledPromptBehavior: , version: 72.0.3626.119, webStorageEnabled: true}
Session ID: 48885f119aa5990479515887c08f06aa
	at org.openqa.selenium.remote.ErrorHandler.createThrowable(ErrorHandler.java:214)
	at org.openqa.selenium.remote.ErrorHandler.throwIfResponseFailed(ErrorHandler.java:166)
	at org.openqa.selenium.remote.http.JsonHttpResponseCodec.reconstructValue(JsonHttpResponseCodec.java:40)
	at org.openqa.selenium.remote.http.AbstractHttpResponseCodec.decode(AbstractHttpResponseCodec.java:80)
	at org.openqa.selenium.remote.http.AbstractHttpResponseCodec.decode(AbstractHttpResponseCodec.java:44)
	at org.openqa.selenium.remote.HttpCommandExecutor.execute(HttpCommandExecutor.java:158)
	at org.openqa.selenium.remote.service.DriverCommandExecutor.execute(DriverCommandExecutor.java:83)
	at org.openqa.selenium.remote.RemoteWebDriver.execute(RemoteWebDriver.java:548)
	at org.openqa.selenium.remote.RemoteWebElement.execute(RemoteWebElement.java:276)
	at org.openqa.selenium.remote.RemoteWebElement.click(RemoteWebElement.java:83)
	at org.openqa.selenium.support.pagefactory.internal.LocatingElementHandler.invoke(LocatingElementHandler.java:51)
	at com.sun.proxy.$Proxy11.click(Unknown Source)
	at pagesSmoke.InputVersa.srtInput(InputVersa.java:312)
	at testCasesSmoke.VersaIpSmokeTest.SmkVrs53SrtclientUDpout.smkVrs53SrtclientUDpout(SmkVrs53SrtclientUDpout.java:23)
... Removed 31 stack frames</pre></div><a href='#' onClick='toggleBox("stack-trace1398214655", this, "Click to show all stack frames", "Click to hide stack frames")'>Click to show all stack frames</a>
<div class='stack-trace' id='stack-trace1398214655'><pre>org.openqa.selenium.WebDriverException: unknown error: Element &lt;input type=&quot;checkbox&quot; id=&quot;gstaf_src_srt_server&quot; name=&quot;gstaf_src_srt_server&quot; onchange=&quot;gstaf_src_srt_push()&quot; value=&quot;1&quot; class=&quot;switch-input&quot;&gt; is not clickable at point (558, 436). Other element would receive the click: &lt;span class=&quot;switch-label pixflex-tooltip&quot; data-toggle=&quot;tooltip&quot; data-placement=&quot;top&quot; title=&quot;&quot; data-on=&quot;On&quot; data-off=&quot;Off&quot; data-original-title=&quot;&quot;&gt;&lt;/span&gt;
  (Session info: chrome=72.0.3626.119)
  (Driver info: chromedriver=2.41.578737 (49da6702b16031c40d63e5618de03a32ff6c197e),platform=Windows NT 6.1.7600 x86_64) (WARNING: The server did not provide any stacktrace information)
Command duration or timeout: 0 milliseconds
Build info: version: &apos;3.14.0&apos;, revision: &apos;aacccce0&apos;, time: &apos;2018-08-02T20:19:58.91Z&apos;
System info: host: &apos;SR39-PC&apos;, ip: &apos;10.0.0.39&apos;, os.name: &apos;Windows 7&apos;, os.arch: &apos;amd64&apos;, os.version: &apos;6.1&apos;, java.version: &apos;1.8.0_92&apos;
Driver info: org.openqa.selenium.chrome.ChromeDriver
Capabilities {acceptInsecureCerts: false, acceptSslCerts: false, applicationCacheEnabled: false, browserConnectionEnabled: false, browserName: chrome, chrome: {chromedriverVersion: 2.41.578737 (49da6702b16031..., userDataDir: C:\Users\sr39\AppData\Local...}, cssSelectorsEnabled: true, databaseEnabled: false, goog:chromeOptions: {debuggerAddress: localhost:10666}, handlesAlerts: true, hasTouchScreen: false, javascriptEnabled: true, locationContextEnabled: true, mobileEmulationEnabled: false, nativeEvents: true, networkConnectionEnabled: false, pageLoadStrategy: normal, platform: XP, platformName: XP, rotatable: false, setWindowRect: true, takesHeapSnapshot: true, takesScreenshot: true, unexpectedAlertBehaviour: , unhandledPromptBehavior: , version: 72.0.3626.119, webStorageEnabled: true}
Session ID: 48885f119aa5990479515887c08f06aa
	at sun.reflect.NativeConstructorAccessorImpl.newInstance0(Native Method)
	at sun.reflect.NativeConstructorAccessorImpl.newInstance(Unknown Source)
	at sun.reflect.DelegatingConstructorAccessorImpl.newInstance(Unknown Source)
	at java.lang.reflect.Constructor.newInstance(Unknown Source)
	at org.openqa.selenium.remote.ErrorHandler.createThrowable(ErrorHandler.java:214)
	at org.openqa.selenium.remote.ErrorHandler.throwIfResponseFailed(ErrorHandler.java:166)
	at org.openqa.selenium.remote.http.JsonHttpResponseCodec.reconstructValue(JsonHttpResponseCodec.java:40)
	at org.openqa.selenium.remote.http.AbstractHttpResponseCodec.decode(AbstractHttpResponseCodec.java:80)
	at org.openqa.selenium.remote.http.AbstractHttpResponseCodec.decode(AbstractHttpResponseCodec.java:44)
	at org.openqa.selenium.remote.HttpCommandExecutor.execute(HttpCommandExecutor.java:158)
	at org.openqa.selenium.remote.service.DriverCommandExecutor.execute(DriverCommandExecutor.java:83)
	at org.openqa.selenium.remote.RemoteWebDriver.execute(RemoteWebDriver.java:548)
	at org.openqa.selenium.remote.RemoteWebElement.execute(RemoteWebElement.java:276)
	at org.openqa.selenium.remote.RemoteWebElement.click(RemoteWebElement.java:83)
	at sun.reflect.GeneratedMethodAccessor1.invoke(Unknown Source)
	at sun.reflect.DelegatingMethodAccessorImpl.invoke(Unknown Source)
	at java.lang.reflect.Method.invoke(Unknown Source)
	at org.openqa.selenium.support.pagefactory.internal.LocatingElementHandler.invoke(LocatingElementHandler.java:51)
	at com.sun.proxy.$Proxy11.click(Unknown Source)
	at pagesSmoke.InputVersa.srtInput(InputVersa.java:312)
	at testCasesSmoke.VersaIpSmokeTest.SmkVrs53SrtclientUDpout.smkVrs53SrtclientUDpout(SmkVrs53SrtclientUDpout.java:23)
	at sun.reflect.NativeMethodAccessorImpl.invoke0(Native Method)
	at sun.reflect.NativeMethodAccessorImpl.invoke(Unknown Source)
	at sun.reflect.DelegatingMethodAccessorImpl.invoke(Unknown Source)
	at java.lang.reflect.Method.invoke(Unknown Source)
	at org.testng.internal.MethodInvocationHelper.invokeMethod(MethodInvocationHelper.java:84)
	at org.testng.internal.Invoker.invokeMethod(Invoker.java:714)
	at org.testng.internal.Invoker.invokeTestMethod(Invoker.java:901)
	at org.testng.internal.Invoker.invokeTestMethods(Invoker.java:1231)
	at org.testng.internal.TestMethodWorker.invokeTestMethods(TestMethodWorker.java:127)
	at org.testng.internal.TestMethodWorker.run(TestMethodWorker.java:111)
	at org.testng.TestRunner.privateRun(TestRunner.java:767)
	at org.testng.TestRunner.run(TestRunner.java:617)
	at org.testng.SuiteRunner.runTest(SuiteRunner.java:348)
	at org.testng.SuiteRunner.runSequentially(SuiteRunner.java:343)
	at org.testng.SuiteRunner.privateRun(SuiteRunner.java:305)
	at org.testng.SuiteRunner.run(SuiteRunner.java:254)
	at org.testng.SuiteRunnerWorker.runSuite(SuiteRunnerWorker.java:52)
	at org.testng.SuiteRunnerWorker.run(SuiteRunnerWorker.java:86)
	at org.testng.TestNG.runSuitesSequentially(TestNG.java:1224)
	at org.testng.TestNG.runSuitesLocally(TestNG.java:1149)
	at org.testng.TestNG.run(TestNG.java:1057)
	at org.testng.remote.AbstractRemoteTestNG.run(AbstractRemoteTestNG.java:132)
	at org.testng.remote.RemoteTestNG.initAndRun(RemoteTestNG.java:230)
	at org.testng.remote.RemoteTestNG.main(RemoteTestNG.java:76)
</pre></div></td>
<td>7</td>
<td>testCasesSmoke.VersaIpSmokeTest.SmkVrs53SrtclientUDpout@7a1ebcd8</td></tr>
<tr>
<td title='testCasesSmoke.VersaIpSmokeTest.SmkVrs54srtClientRTmpout.smkVrs54srtClientRTmpout()'><b>smkVrs54srtClientRTmpout</b><br>Test class: testCasesSmoke.VersaIpSmokeTest.SmkVrs54srtClientRTmpout</td>
<td><div><pre>org.openqa.selenium.WebDriverException: unknown error: Element &lt;input type=&quot;checkbox&quot; id=&quot;gstaf_src_srt_server&quot; name=&quot;gstaf_src_srt_server&quot; onchange=&quot;gstaf_src_srt_push()&quot; value=&quot;1&quot; class=&quot;switch-input&quot;&gt; is not clickable at point (558, 436). Other element would receive the click: &lt;span class=&quot;switch-label pixflex-tooltip&quot; data-toggle=&quot;tooltip&quot; data-placement=&quot;top&quot; title=&quot;&quot; data-on=&quot;On&quot; data-off=&quot;Off&quot; data-original-title=&quot;&quot;&gt;&lt;/span&gt;
  (Session info: chrome=72.0.3626.119)
  (Driver info: chromedriver=2.41.578737 (49da6702b16031c40d63e5618de03a32ff6c197e),platform=Windows NT 6.1.7600 x86_64) (WARNING: The server did not provide any stacktrace information)
Command duration or timeout: 0 milliseconds
Build info: version: &apos;3.14.0&apos;, revision: &apos;aacccce0&apos;, time: &apos;2018-08-02T20:19:58.91Z&apos;
System info: host: &apos;SR39-PC&apos;, ip: &apos;10.0.0.39&apos;, os.name: &apos;Windows 7&apos;, os.arch: &apos;amd64&apos;, os.version: &apos;6.1&apos;, java.version: &apos;1.8.0_92&apos;
Driver info: org.openqa.selenium.chrome.ChromeDriver
Capabilities {acceptInsecureCerts: false, acceptSslCerts: false, applicationCacheEnabled: false, browserConnectionEnabled: false, browserName: chrome, chrome: {chromedriverVersion: 2.41.578737 (49da6702b16031..., userDataDir: C:\Users\sr39\AppData\Local...}, cssSelectorsEnabled: true, databaseEnabled: false, goog:chromeOptions: {debuggerAddress: localhost:10803}, handlesAlerts: true, hasTouchScreen: false, javascriptEnabled: true, locationContextEnabled: true, mobileEmulationEnabled: false, nativeEvents: true, networkConnectionEnabled: false, pageLoadStrategy: normal, platform: XP, platformName: XP, rotatable: false, setWindowRect: true, takesHeapSnapshot: true, takesScreenshot: true, unexpectedAlertBehaviour: , unhandledPromptBehavior: , version: 72.0.3626.119, webStorageEnabled: true}
Session ID: 5e52f826977019547a05a32b39544689
	at org.openqa.selenium.remote.ErrorHandler.createThrowable(ErrorHandler.java:214)
	at org.openqa.selenium.remote.ErrorHandler.throwIfResponseFailed(ErrorHandler.java:166)
	at org.openqa.selenium.remote.http.JsonHttpResponseCodec.reconstructValue(JsonHttpResponseCodec.java:40)
	at org.openqa.selenium.remote.http.AbstractHttpResponseCodec.decode(AbstractHttpResponseCodec.java:80)
	at org.openqa.selenium.remote.http.AbstractHttpResponseCodec.decode(AbstractHttpResponseCodec.java:44)
	at org.openqa.selenium.remote.HttpCommandExecutor.execute(HttpCommandExecutor.java:158)
	at org.openqa.selenium.remote.service.DriverCommandExecutor.execute(DriverCommandExecutor.java:83)
	at org.openqa.selenium.remote.RemoteWebDriver.execute(RemoteWebDriver.java:548)
	at org.openqa.selenium.remote.RemoteWebElement.execute(RemoteWebElement.java:276)
	at org.openqa.selenium.remote.RemoteWebElement.click(RemoteWebElement.java:83)
	at org.openqa.selenium.support.pagefactory.internal.LocatingElementHandler.invoke(LocatingElementHandler.java:51)
	at com.sun.proxy.$Proxy11.click(Unknown Source)
	at pagesSmoke.InputVersa.srtInput(InputVersa.java:312)
	at testCasesSmoke.VersaIpSmokeTest.SmkVrs54srtClientRTmpout.smkVrs54srtClientRTmpout(SmkVrs54srtClientRTmpout.java:23)
... Removed 31 stack frames</pre></div><a href='#' onClick='toggleBox("stack-trace1451851232", this, "Click to show all stack frames", "Click to hide stack frames")'>Click to show all stack frames</a>
<div class='stack-trace' id='stack-trace1451851232'><pre>org.openqa.selenium.WebDriverException: unknown error: Element &lt;input type=&quot;checkbox&quot; id=&quot;gstaf_src_srt_server&quot; name=&quot;gstaf_src_srt_server&quot; onchange=&quot;gstaf_src_srt_push()&quot; value=&quot;1&quot; class=&quot;switch-input&quot;&gt; is not clickable at point (558, 436). Other element would receive the click: &lt;span class=&quot;switch-label pixflex-tooltip&quot; data-toggle=&quot;tooltip&quot; data-placement=&quot;top&quot; title=&quot;&quot; data-on=&quot;On&quot; data-off=&quot;Off&quot; data-original-title=&quot;&quot;&gt;&lt;/span&gt;
  (Session info: chrome=72.0.3626.119)
  (Driver info: chromedriver=2.41.578737 (49da6702b16031c40d63e5618de03a32ff6c197e),platform=Windows NT 6.1.7600 x86_64) (WARNING: The server did not provide any stacktrace information)
Command duration or timeout: 0 milliseconds
Build info: version: &apos;3.14.0&apos;, revision: &apos;aacccce0&apos;, time: &apos;2018-08-02T20:19:58.91Z&apos;
System info: host: &apos;SR39-PC&apos;, ip: &apos;10.0.0.39&apos;, os.name: &apos;Windows 7&apos;, os.arch: &apos;amd64&apos;, os.version: &apos;6.1&apos;, java.version: &apos;1.8.0_92&apos;
Driver info: org.openqa.selenium.chrome.ChromeDriver
Capabilities {acceptInsecureCerts: false, acceptSslCerts: false, applicationCacheEnabled: false, browserConnectionEnabled: false, browserName: chrome, chrome: {chromedriverVersion: 2.41.578737 (49da6702b16031..., userDataDir: C:\Users\sr39\AppData\Local...}, cssSelectorsEnabled: true, databaseEnabled: false, goog:chromeOptions: {debuggerAddress: localhost:10803}, handlesAlerts: true, hasTouchScreen: false, javascriptEnabled: true, locationContextEnabled: true, mobileEmulationEnabled: false, nativeEvents: true, networkConnectionEnabled: false, pageLoadStrategy: normal, platform: XP, platformName: XP, rotatable: false, setWindowRect: true, takesHeapSnapshot: true, takesScreenshot: true, unexpectedAlertBehaviour: , unhandledPromptBehavior: , version: 72.0.3626.119, webStorageEnabled: true}
Session ID: 5e52f826977019547a05a32b39544689
	at sun.reflect.NativeConstructorAccessorImpl.newInstance0(Native Method)
	at sun.reflect.NativeConstructorAccessorImpl.newInstance(Unknown Source)
	at sun.reflect.DelegatingConstructorAccessorImpl.newInstance(Unknown Source)
	at java.lang.reflect.Constructor.newInstance(Unknown Source)
	at org.openqa.selenium.remote.ErrorHandler.createThrowable(ErrorHandler.java:214)
	at org.openqa.selenium.remote.ErrorHandler.throwIfResponseFailed(ErrorHandler.java:166)
	at org.openqa.selenium.remote.http.JsonHttpResponseCodec.reconstructValue(JsonHttpResponseCodec.java:40)
	at org.openqa.selenium.remote.http.AbstractHttpResponseCodec.decode(AbstractHttpResponseCodec.java:80)
	at org.openqa.selenium.remote.http.AbstractHttpResponseCodec.decode(AbstractHttpResponseCodec.java:44)
	at org.openqa.selenium.remote.HttpCommandExecutor.execute(HttpCommandExecutor.java:158)
	at org.openqa.selenium.remote.service.DriverCommandExecutor.execute(DriverCommandExecutor.java:83)
	at org.openqa.selenium.remote.RemoteWebDriver.execute(RemoteWebDriver.java:548)
	at org.openqa.selenium.remote.RemoteWebElement.execute(RemoteWebElement.java:276)
	at org.openqa.selenium.remote.RemoteWebElement.click(RemoteWebElement.java:83)
	at sun.reflect.GeneratedMethodAccessor1.invoke(Unknown Source)
	at sun.reflect.DelegatingMethodAccessorImpl.invoke(Unknown Source)
	at java.lang.reflect.Method.invoke(Unknown Source)
	at org.openqa.selenium.support.pagefactory.internal.LocatingElementHandler.invoke(LocatingElementHandler.java:51)
	at com.sun.proxy.$Proxy11.click(Unknown Source)
	at pagesSmoke.InputVersa.srtInput(InputVersa.java:312)
	at testCasesSmoke.VersaIpSmokeTest.SmkVrs54srtClientRTmpout.smkVrs54srtClientRTmpout(SmkVrs54srtClientRTmpout.java:23)
	at sun.reflect.NativeMethodAccessorImpl.invoke0(Native Method)
	at sun.reflect.NativeMethodAccessorImpl.invoke(Unknown Source)
	at sun.reflect.DelegatingMethodAccessorImpl.invoke(Unknown Source)
	at java.lang.reflect.Method.invoke(Unknown Source)
	at org.testng.internal.MethodInvocationHelper.invokeMethod(MethodInvocationHelper.java:84)
	at org.testng.internal.Invoker.invokeMethod(Invoker.java:714)
	at org.testng.internal.Invoker.invokeTestMethod(Invoker.java:901)
	at org.testng.internal.Invoker.invokeTestMethods(Invoker.java:1231)
	at org.testng.internal.TestMethodWorker.invokeTestMethods(TestMethodWorker.java:127)
	at org.testng.internal.TestMethodWorker.run(TestMethodWorker.java:111)
	at org.testng.TestRunner.privateRun(TestRunner.java:767)
	at org.testng.TestRunner.run(TestRunner.java:617)
	at org.testng.SuiteRunner.runTest(SuiteRunner.java:348)
	at org.testng.SuiteRunner.runSequentially(SuiteRunner.java:343)
	at org.testng.SuiteRunner.privateRun(SuiteRunner.java:305)
	at org.testng.SuiteRunner.run(SuiteRunner.java:254)
	at org.testng.SuiteRunnerWorker.runSuite(SuiteRunnerWorker.java:52)
	at org.testng.SuiteRunnerWorker.run(SuiteRunnerWorker.java:86)
	at org.testng.TestNG.runSuitesSequentially(TestNG.java:1224)
	at org.testng.TestNG.runSuitesLocally(TestNG.java:1149)
	at org.testng.TestNG.run(TestNG.java:1057)
	at org.testng.remote.AbstractRemoteTestNG.run(AbstractRemoteTestNG.java:132)
	at org.testng.remote.RemoteTestNG.initAndRun(RemoteTestNG.java:230)
	at org.testng.remote.RemoteTestNG.main(RemoteTestNG.java:76)
</pre></div></td>
<td>7</td>
<td>testCasesSmoke.VersaIpSmokeTest.SmkVrs54srtClientRTmpout@52feb982</td></tr>
<tr>
<td title='testCasesSmoke.VersaIpSmokeTest.Smkvrs56NDIinUDpout.smkvrs56NDIinUDpout()'><b>smkvrs56NDIinUDpout</b><br>Test class: testCasesSmoke.VersaIpSmokeTest.Smkvrs56NDIinUDpout</td>
<td><div><pre>org.openqa.selenium.NoSuchElementException: Cannot locate element with text: sne1
For documentation on this error, please visit: http://seleniumhq.org/exceptions/no_such_element.html
Build info: version: &apos;3.14.0&apos;, revision: &apos;aacccce0&apos;, time: &apos;2018-08-02T20:19:58.91Z&apos;
System info: host: &apos;SR39-PC&apos;, ip: &apos;10.0.0.39&apos;, os.name: &apos;Windows 7&apos;, os.arch: &apos;amd64&apos;, os.version: &apos;6.1&apos;, java.version: &apos;1.8.0_92&apos;
Driver info: driver.version: unknown
	at org.openqa.selenium.support.ui.Select.selectByVisibleText(Select.java:151)
	at pagesSmoke.InputVersa.ndiInput(InputVersa.java:322)
	at testCasesSmoke.VersaIpSmokeTest.Smkvrs56NDIinUDpout.smkvrs56NDIinUDpout(Smkvrs56NDIinUDpout.java:23)
... Removed 24 stack frames</pre></div><a href='#' onClick='toggleBox("stack-trace840427888", this, "Click to show all stack frames", "Click to hide stack frames")'>Click to show all stack frames</a>
<div class='stack-trace' id='stack-trace840427888'><pre>org.openqa.selenium.NoSuchElementException: Cannot locate element with text: sne1
For documentation on this error, please visit: http://seleniumhq.org/exceptions/no_such_element.html
Build info: version: &apos;3.14.0&apos;, revision: &apos;aacccce0&apos;, time: &apos;2018-08-02T20:19:58.91Z&apos;
System info: host: &apos;SR39-PC&apos;, ip: &apos;10.0.0.39&apos;, os.name: &apos;Windows 7&apos;, os.arch: &apos;amd64&apos;, os.version: &apos;6.1&apos;, java.version: &apos;1.8.0_92&apos;
Driver info: driver.version: unknown
	at org.openqa.selenium.support.ui.Select.selectByVisibleText(Select.java:151)
	at pagesSmoke.InputVersa.ndiInput(InputVersa.java:322)
	at testCasesSmoke.VersaIpSmokeTest.Smkvrs56NDIinUDpout.smkvrs56NDIinUDpout(Smkvrs56NDIinUDpout.java:23)
	at sun.reflect.NativeMethodAccessorImpl.invoke0(Native Method)
	at sun.reflect.NativeMethodAccessorImpl.invoke(Unknown Source)
	at sun.reflect.DelegatingMethodAccessorImpl.invoke(Unknown Source)
	at java.lang.reflect.Method.invoke(Unknown Source)
	at org.testng.internal.MethodInvocationHelper.invokeMethod(MethodInvocationHelper.java:84)
	at org.testng.internal.Invoker.invokeMethod(Invoker.java:714)
	at org.testng.internal.Invoker.invokeTestMethod(Invoker.java:901)
	at org.testng.internal.Invoker.invokeTestMethods(Invoker.java:1231)
	at org.testng.internal.TestMethodWorker.invokeTestMethods(TestMethodWorker.java:127)
	at org.testng.internal.TestMethodWorker.run(TestMethodWorker.java:111)
	at org.testng.TestRunner.privateRun(TestRunner.java:767)
	at org.testng.TestRunner.run(TestRunner.java:617)
	at org.testng.SuiteRunner.runTest(SuiteRunner.java:348)
	at org.testng.SuiteRunner.runSequentially(SuiteRunner.java:343)
	at org.testng.SuiteRunner.privateRun(SuiteRunner.java:305)
	at org.testng.SuiteRunner.run(SuiteRunner.java:254)
	at org.testng.SuiteRunnerWorker.runSuite(SuiteRunnerWorker.java:52)
	at org.testng.SuiteRunnerWorker.run(SuiteRunnerWorker.java:86)
	at org.testng.TestNG.runSuitesSequentially(TestNG.java:1224)
	at org.testng.TestNG.runSuitesLocally(TestNG.java:1149)
	at org.testng.TestNG.run(TestNG.java:1057)
	at org.testng.remote.AbstractRemoteTestNG.run(AbstractRemoteTestNG.java:132)
	at org.testng.remote.RemoteTestNG.initAndRun(RemoteTestNG.java:230)
	at org.testng.remote.RemoteTestNG.main(RemoteTestNG.java:76)
</pre></div></td>
<td>9</td>
<td>testCasesSmoke.VersaIpSmokeTest.Smkvrs56NDIinUDpout@2f943d71</td></tr>
<tr>
<td title='testCasesSmoke.XportSmokeTest.SmokeXport_UDP_SRTserver.smokeXport_UDP_SRTserver()'><b>smokeXport_UDP_SRTserver</b><br>Test class: testCasesSmoke.XportSmokeTest.SmokeXport_UDP_SRTserver</td>
<td><div><pre>org.openqa.selenium.NoSuchElementException: Cannot locate element with text: enp2s0
For documentation on this error, please visit: http://seleniumhq.org/exceptions/no_such_element.html
Build info: version: &apos;3.14.0&apos;, revision: &apos;aacccce0&apos;, time: &apos;2018-08-02T20:19:58.91Z&apos;
System info: host: &apos;SR39-PC&apos;, ip: &apos;10.0.0.39&apos;, os.name: &apos;Windows 7&apos;, os.arch: &apos;amd64&apos;, os.version: &apos;6.1&apos;, java.version: &apos;1.8.0_92&apos;
Driver info: driver.version: unknown
	at org.openqa.selenium.support.ui.Select.selectByVisibleText(Select.java:151)
	at pagesSmoke.XportInput.udpInput(XportInput.java:94)
	at testCasesSmoke.XportSmokeTest.SmokeXport_UDP_SRTserver.smokeXport_UDP_SRTserver(SmokeXport_UDP_SRTserver.java:25)
... Removed 24 stack frames</pre></div><a href='#' onClick='toggleBox("stack-trace191345497", this, "Click to show all stack frames", "Click to hide stack frames")'>Click to show all stack frames</a>
<div class='stack-trace' id='stack-trace191345497'><pre>org.openqa.selenium.NoSuchElementException: Cannot locate element with text: enp2s0
For documentation on this error, please visit: http://seleniumhq.org/exceptions/no_such_element.html
Build info: version: &apos;3.14.0&apos;, revision: &apos;aacccce0&apos;, time: &apos;2018-08-02T20:19:58.91Z&apos;
System info: host: &apos;SR39-PC&apos;, ip: &apos;10.0.0.39&apos;, os.name: &apos;Windows 7&apos;, os.arch: &apos;amd64&apos;, os.version: &apos;6.1&apos;, java.version: &apos;1.8.0_92&apos;
Driver info: driver.version: unknown
	at org.openqa.selenium.support.ui.Select.selectByVisibleText(Select.java:151)
	at pagesSmoke.XportInput.udpInput(XportInput.java:94)
	at testCasesSmoke.XportSmokeTest.SmokeXport_UDP_SRTserver.smokeXport_UDP_SRTserver(SmokeXport_UDP_SRTserver.java:25)
	at sun.reflect.NativeMethodAccessorImpl.invoke0(Native Method)
	at sun.reflect.NativeMethodAccessorImpl.invoke(Unknown Source)
	at sun.reflect.DelegatingMethodAccessorImpl.invoke(Unknown Source)
	at java.lang.reflect.Method.invoke(Unknown Source)
	at org.testng.internal.MethodInvocationHelper.invokeMethod(MethodInvocationHelper.java:84)
	at org.testng.internal.Invoker.invokeMethod(Invoker.java:714)
	at org.testng.internal.Invoker.invokeTestMethod(Invoker.java:901)
	at org.testng.internal.Invoker.invokeTestMethods(Invoker.java:1231)
	at org.testng.internal.TestMethodWorker.invokeTestMethods(TestMethodWorker.java:127)
	at org.testng.internal.TestMethodWorker.run(TestMethodWorker.java:111)
	at org.testng.TestRunner.privateRun(TestRunner.java:767)
	at org.testng.TestRunner.run(TestRunner.java:617)
	at org.testng.SuiteRunner.runTest(SuiteRunner.java:348)
	at org.testng.SuiteRunner.runSequentially(SuiteRunner.java:343)
	at org.testng.SuiteRunner.privateRun(SuiteRunner.java:305)
	at org.testng.SuiteRunner.run(SuiteRunner.java:254)
	at org.testng.SuiteRunnerWorker.runSuite(SuiteRunnerWorker.java:52)
	at org.testng.SuiteRunnerWorker.run(SuiteRunnerWorker.java:86)
	at org.testng.TestNG.runSuitesSequentially(TestNG.java:1224)
	at org.testng.TestNG.runSuitesLocally(TestNG.java:1149)
	at org.testng.TestNG.run(TestNG.java:1057)
	at org.testng.remote.AbstractRemoteTestNG.run(AbstractRemoteTestNG.java:132)
	at org.testng.remote.RemoteTestNG.initAndRun(RemoteTestNG.java:230)
	at org.testng.remote.RemoteTestNG.main(RemoteTestNG.java:76)
</pre></div></td>
<td>14</td>
<td>testCasesSmoke.XportSmokeTest.SmokeXport_UDP_SRTserver@33c7e1bb</td></tr>
<tr>
<td title='testCasesSmoke.XportSmokeTest.SmokeXport_UDPmulticast_RTP.smokeXport_UDPmulticast_RTP()'><b>smokeXport_UDPmulticast_RTP</b><br>Test class: testCasesSmoke.XportSmokeTest.SmokeXport_UDPmulticast_RTP</td>
<td><div><pre>org.openqa.selenium.NoSuchElementException: Cannot locate element with text: enp2s0
For documentation on this error, please visit: http://seleniumhq.org/exceptions/no_such_element.html
Build info: version: &apos;3.14.0&apos;, revision: &apos;aacccce0&apos;, time: &apos;2018-08-02T20:19:58.91Z&apos;
System info: host: &apos;SR39-PC&apos;, ip: &apos;10.0.0.39&apos;, os.name: &apos;Windows 7&apos;, os.arch: &apos;amd64&apos;, os.version: &apos;6.1&apos;, java.version: &apos;1.8.0_92&apos;
Driver info: driver.version: unknown
	at org.openqa.selenium.support.ui.Select.selectByVisibleText(Select.java:151)
	at pagesSmoke.XportInput.udpInput(XportInput.java:94)
	at testCasesSmoke.XportSmokeTest.SmokeXport_UDPmulticast_RTP.smokeXport_UDPmulticast_RTP(SmokeXport_UDPmulticast_RTP.java:24)
... Removed 24 stack frames</pre></div><a href='#' onClick='toggleBox("stack-trace1320371095", this, "Click to show all stack frames", "Click to hide stack frames")'>Click to show all stack frames</a>
<div class='stack-trace' id='stack-trace1320371095'><pre>org.openqa.selenium.NoSuchElementException: Cannot locate element with text: enp2s0
For documentation on this error, please visit: http://seleniumhq.org/exceptions/no_such_element.html
Build info: version: &apos;3.14.0&apos;, revision: &apos;aacccce0&apos;, time: &apos;2018-08-02T20:19:58.91Z&apos;
System info: host: &apos;SR39-PC&apos;, ip: &apos;10.0.0.39&apos;, os.name: &apos;Windows 7&apos;, os.arch: &apos;amd64&apos;, os.version: &apos;6.1&apos;, java.version: &apos;1.8.0_92&apos;
Driver info: driver.version: unknown
	at org.openqa.selenium.support.ui.Select.selectByVisibleText(Select.java:151)
	at pagesSmoke.XportInput.udpInput(XportInput.java:94)
	at testCasesSmoke.XportSmokeTest.SmokeXport_UDPmulticast_RTP.smokeXport_UDPmulticast_RTP(SmokeXport_UDPmulticast_RTP.java:24)
	at sun.reflect.NativeMethodAccessorImpl.invoke0(Native Method)
	at sun.reflect.NativeMethodAccessorImpl.invoke(Unknown Source)
	at sun.reflect.DelegatingMethodAccessorImpl.invoke(Unknown Source)
	at java.lang.reflect.Method.invoke(Unknown Source)
	at org.testng.internal.MethodInvocationHelper.invokeMethod(MethodInvocationHelper.java:84)
	at org.testng.internal.Invoker.invokeMethod(Invoker.java:714)
	at org.testng.internal.Invoker.invokeTestMethod(Invoker.java:901)
	at org.testng.internal.Invoker.invokeTestMethods(Invoker.java:1231)
	at org.testng.internal.TestMethodWorker.invokeTestMethods(TestMethodWorker.java:127)
	at org.testng.internal.TestMethodWorker.run(TestMethodWorker.java:111)
	at org.testng.TestRunner.privateRun(TestRunner.java:767)
	at org.testng.TestRunner.run(TestRunner.java:617)
	at org.testng.SuiteRunner.runTest(SuiteRunner.java:348)
	at org.testng.SuiteRunner.runSequentially(SuiteRunner.java:343)
	at org.testng.SuiteRunner.privateRun(SuiteRunner.java:305)
	at org.testng.SuiteRunner.run(SuiteRunner.java:254)
	at org.testng.SuiteRunnerWorker.runSuite(SuiteRunnerWorker.java:52)
	at org.testng.SuiteRunnerWorker.run(SuiteRunnerWorker.java:86)
	at org.testng.TestNG.runSuitesSequentially(TestNG.java:1224)
	at org.testng.TestNG.runSuitesLocally(TestNG.java:1149)
	at org.testng.TestNG.run(TestNG.java:1057)
	at org.testng.remote.AbstractRemoteTestNG.run(AbstractRemoteTestNG.java:132)
	at org.testng.remote.RemoteTestNG.initAndRun(RemoteTestNG.java:230)
	at org.testng.remote.RemoteTestNG.main(RemoteTestNG.java:76)
</pre></div></td>
<td>15</td>
<td>testCasesSmoke.XportSmokeTest.SmokeXport_UDPmulticast_RTP@15d0c81b</td></tr>
<tr>
<td title='testCasesSmoke.XportSmokeTest.SmokeXport_UDPmultiCast_UDP.smokeXport_UDPmulticast_UDP()'><b>smokeXport_UDPmulticast_UDP</b><br>Test class: testCasesSmoke.XportSmokeTest.SmokeXport_UDPmultiCast_UDP</td>
<td><div><pre>org.openqa.selenium.NoSuchElementException: Cannot locate element with text: enp2s0
For documentation on this error, please visit: http://seleniumhq.org/exceptions/no_such_element.html
Build info: version: &apos;3.14.0&apos;, revision: &apos;aacccce0&apos;, time: &apos;2018-08-02T20:19:58.91Z&apos;
System info: host: &apos;SR39-PC&apos;, ip: &apos;10.0.0.39&apos;, os.name: &apos;Windows 7&apos;, os.arch: &apos;amd64&apos;, os.version: &apos;6.1&apos;, java.version: &apos;1.8.0_92&apos;
Driver info: driver.version: unknown
	at org.openqa.selenium.support.ui.Select.selectByVisibleText(Select.java:151)
	at pagesSmoke.XportInput.udpInput(XportInput.java:94)
	at testCasesSmoke.XportSmokeTest.SmokeXport_UDPmultiCast_UDP.smokeXport_UDPmulticast_UDP(SmokeXport_UDPmultiCast_UDP.java:25)
... Removed 24 stack frames</pre></div><a href='#' onClick='toggleBox("stack-trace2037307652", this, "Click to show all stack frames", "Click to hide stack frames")'>Click to show all stack frames</a>
<div class='stack-trace' id='stack-trace2037307652'><pre>org.openqa.selenium.NoSuchElementException: Cannot locate element with text: enp2s0
For documentation on this error, please visit: http://seleniumhq.org/exceptions/no_such_element.html
Build info: version: &apos;3.14.0&apos;, revision: &apos;aacccce0&apos;, time: &apos;2018-08-02T20:19:58.91Z&apos;
System info: host: &apos;SR39-PC&apos;, ip: &apos;10.0.0.39&apos;, os.name: &apos;Windows 7&apos;, os.arch: &apos;amd64&apos;, os.version: &apos;6.1&apos;, java.version: &apos;1.8.0_92&apos;
Driver info: driver.version: unknown
	at org.openqa.selenium.support.ui.Select.selectByVisibleText(Select.java:151)
	at pagesSmoke.XportInput.udpInput(XportInput.java:94)
	at testCasesSmoke.XportSmokeTest.SmokeXport_UDPmultiCast_UDP.smokeXport_UDPmulticast_UDP(SmokeXport_UDPmultiCast_UDP.java:25)
	at sun.reflect.NativeMethodAccessorImpl.invoke0(Native Method)
	at sun.reflect.NativeMethodAccessorImpl.invoke(Unknown Source)
	at sun.reflect.DelegatingMethodAccessorImpl.invoke(Unknown Source)
	at java.lang.reflect.Method.invoke(Unknown Source)
	at org.testng.internal.MethodInvocationHelper.invokeMethod(MethodInvocationHelper.java:84)
	at org.testng.internal.Invoker.invokeMethod(Invoker.java:714)
	at org.testng.internal.Invoker.invokeTestMethod(Invoker.java:901)
	at org.testng.internal.Invoker.invokeTestMethods(Invoker.java:1231)
	at org.testng.internal.TestMethodWorker.invokeTestMethods(TestMethodWorker.java:127)
	at org.testng.internal.TestMethodWorker.run(TestMethodWorker.java:111)
	at org.testng.TestRunner.privateRun(TestRunner.java:767)
	at org.testng.TestRunner.run(TestRunner.java:617)
	at org.testng.SuiteRunner.runTest(SuiteRunner.java:348)
	at org.testng.SuiteRunner.runSequentially(SuiteRunner.java:343)
	at org.testng.SuiteRunner.privateRun(SuiteRunner.java:305)
	at org.testng.SuiteRunner.run(SuiteRunner.java:254)
	at org.testng.SuiteRunnerWorker.runSuite(SuiteRunnerWorker.java:52)
	at org.testng.SuiteRunnerWorker.run(SuiteRunnerWorker.java:86)
	at org.testng.TestNG.runSuitesSequentially(TestNG.java:1224)
	at org.testng.TestNG.runSuitesLocally(TestNG.java:1149)
	at org.testng.TestNG.run(TestNG.java:1057)
	at org.testng.remote.AbstractRemoteTestNG.run(AbstractRemoteTestNG.java:132)
	at org.testng.remote.RemoteTestNG.initAndRun(RemoteTestNG.java:230)
	at org.testng.remote.RemoteTestNG.main(RemoteTestNG.java:76)
</pre></div></td>
<td>15</td>
<td>testCasesSmoke.XportSmokeTest.SmokeXport_UDPmultiCast_UDP@480bdb19</td></tr>
<tr>
<td title='testCasesSmoke.XportSmokeTest.SmokeXport_QualityOptimized_UDP_UDP.smokeXport_qualityOptimized_UDP_UDP()'><b>smokeXport_qualityOptimized_UDP_UDP</b><br>Test class: testCasesSmoke.XportSmokeTest.SmokeXport_QualityOptimized_UDP_UDP</td>
<td><div><pre>org.openqa.selenium.NoSuchElementException: Cannot locate element with text: enp2s0
For documentation on this error, please visit: http://seleniumhq.org/exceptions/no_such_element.html
Build info: version: &apos;3.14.0&apos;, revision: &apos;aacccce0&apos;, time: &apos;2018-08-02T20:19:58.91Z&apos;
System info: host: &apos;SR39-PC&apos;, ip: &apos;10.0.0.39&apos;, os.name: &apos;Windows 7&apos;, os.arch: &apos;amd64&apos;, os.version: &apos;6.1&apos;, java.version: &apos;1.8.0_92&apos;
Driver info: driver.version: unknown
	at org.openqa.selenium.support.ui.Select.selectByVisibleText(Select.java:151)
	at pagesSmoke.XportInput.udpInput(XportInput.java:94)
	at testCasesSmoke.XportSmokeTest.SmokeXport_QualityOptimized_UDP_UDP.smokeXport_qualityOptimized_UDP_UDP(SmokeXport_QualityOptimized_UDP_UDP.java:25)
... Removed 24 stack frames</pre></div><a href='#' onClick='toggleBox("stack-trace1078705341", this, "Click to show all stack frames", "Click to hide stack frames")'>Click to show all stack frames</a>
<div class='stack-trace' id='stack-trace1078705341'><pre>org.openqa.selenium.NoSuchElementException: Cannot locate element with text: enp2s0
For documentation on this error, please visit: http://seleniumhq.org/exceptions/no_such_element.html
Build info: version: &apos;3.14.0&apos;, revision: &apos;aacccce0&apos;, time: &apos;2018-08-02T20:19:58.91Z&apos;
System info: host: &apos;SR39-PC&apos;, ip: &apos;10.0.0.39&apos;, os.name: &apos;Windows 7&apos;, os.arch: &apos;amd64&apos;, os.version: &apos;6.1&apos;, java.version: &apos;1.8.0_92&apos;
Driver info: driver.version: unknown
	at org.openqa.selenium.support.ui.Select.selectByVisibleText(Select.java:151)
	at pagesSmoke.XportInput.udpInput(XportInput.java:94)
	at testCasesSmoke.XportSmokeTest.SmokeXport_QualityOptimized_UDP_UDP.smokeXport_qualityOptimized_UDP_UDP(SmokeXport_QualityOptimized_UDP_UDP.java:25)
	at sun.reflect.NativeMethodAccessorImpl.invoke0(Native Method)
	at sun.reflect.NativeMethodAccessorImpl.invoke(Unknown Source)
	at sun.reflect.DelegatingMethodAccessorImpl.invoke(Unknown Source)
	at java.lang.reflect.Method.invoke(Unknown Source)
	at org.testng.internal.MethodInvocationHelper.invokeMethod(MethodInvocationHelper.java:84)
	at org.testng.internal.Invoker.invokeMethod(Invoker.java:714)
	at org.testng.internal.Invoker.invokeTestMethod(Invoker.java:901)
	at org.testng.internal.Invoker.invokeTestMethods(Invoker.java:1231)
	at org.testng.internal.TestMethodWorker.invokeTestMethods(TestMethodWorker.java:127)
	at org.testng.internal.TestMethodWorker.run(TestMethodWorker.java:111)
	at org.testng.TestRunner.privateRun(TestRunner.java:767)
	at org.testng.TestRunner.run(TestRunner.java:617)
	at org.testng.SuiteRunner.runTest(SuiteRunner.java:348)
	at org.testng.SuiteRunner.runSequentially(SuiteRunner.java:343)
	at org.testng.SuiteRunner.privateRun(SuiteRunner.java:305)
	at org.testng.SuiteRunner.run(SuiteRunner.java:254)
	at org.testng.SuiteRunnerWorker.runSuite(SuiteRunnerWorker.java:52)
	at org.testng.SuiteRunnerWorker.run(SuiteRunnerWorker.java:86)
	at org.testng.TestNG.runSuitesSequentially(TestNG.java:1224)
	at org.testng.TestNG.runSuitesLocally(TestNG.java:1149)
	at org.testng.TestNG.run(TestNG.java:1057)
	at org.testng.remote.AbstractRemoteTestNG.run(AbstractRemoteTestNG.java:132)
	at org.testng.remote.RemoteTestNG.initAndRun(RemoteTestNG.java:230)
	at org.testng.remote.RemoteTestNG.main(RemoteTestNG.java:76)
</pre></div></td>
<td>17</td>
<td>testCasesSmoke.XportSmokeTest.SmokeXport_QualityOptimized_UDP_UDP@57e1b0c</td></tr>
</table><p>
<table width='100%' border='1' class='invocation-passed'>
<tr><td colspan='4' align='center'><b>PASSED TESTS</b></td></tr>
<tr><td><b>Test method</b></td>
<td width="30%"><b>Exception</b></td>
<td width="10%"><b>Time (seconds)</b></td>
<td><b>Instance</b></td>
</tr>
<tr>
<td title='testCasesSmoke.VersaIpSmokeTest.AAAFileUpload.mp4_file()'><b>mp4_file</b><br>Test class: testCasesSmoke.VersaIpSmokeTest.AAAFileUpload</td>
<td></td>
<td>27</td>
<td>testCasesSmoke.VersaIpSmokeTest.AAAFileUpload@6acdbdf5</td></tr>
<tr>
<td title='testCasesSmoke.scteSmoketestcases.SmkVrs26OutbandCueOutCueIn.smkVrs26OutbandCueOutCueIn()'><b>smkVrs26OutbandCueOutCueIn</b><br>Test class: testCasesSmoke.scteSmoketestcases.SmkVrs26OutbandCueOutCueIn</td>
<td></td>
<td>19</td>
<td>testCasesSmoke.scteSmoketestcases.SmkVrs26OutbandCueOutCueIn@69a3d1d</td></tr>
<tr>
<td title='testCasesSmoke.scteSmoketestcases.SmkVrs27scteOutbandCueoutDuration.smkVrs27scteOutbandCueoutDuration()'><b>smkVrs27scteOutbandCueoutDuration</b><br>Test class: testCasesSmoke.scteSmoketestcases.SmkVrs27scteOutbandCueoutDuration</td>
<td></td>
<td>18</td>
<td>testCasesSmoke.scteSmoketestcases.SmkVrs27scteOutbandCueoutDuration@528931cf</td></tr>
<tr>
<td title='testCasesSmoke.scteSmoketestcases.SmkVrs28SctePerodic.smkVrs28SctePerodic()'><b>smkVrs28SctePerodic</b><br>Test class: testCasesSmoke.scteSmoketestcases.SmkVrs28SctePerodic</td>
<td></td>
<td>20</td>
<td>testCasesSmoke.scteSmoketestcases.SmkVrs28SctePerodic@2781e022</td></tr>
<tr>
<td title='testCasesSmoke.scteSmoketestcases.SmkVrs29InbandScte.smkVrs29InbandScte()'><b>smkVrs29InbandScte</b><br>Test class: testCasesSmoke.scteSmoketestcases.SmkVrs29InbandScte</td>
<td></td>
<td>19</td>
<td>testCasesSmoke.scteSmoketestcases.SmkVrs29InbandScte@76b0bfab</td></tr>
<tr>
<td title='testCasesSmoke.scteSmoketestcases.SmkVrs30MltProScteOotbndCueOuIn.smkVrs30MltProScteOotbndCueOuIn()'><b>smkVrs30MltProScteOotbndCueOuIn</b><br>Test class: testCasesSmoke.scteSmoketestcases.SmkVrs30MltProScteOotbndCueOuIn</td>
<td></td>
<td>27</td>
<td>testCasesSmoke.scteSmoketestcases.SmkVrs30MltProScteOotbndCueOuIn@30a3107a</td></tr>
<tr>
<td title='testCasesSmoke.scteSmoketestcases.SmkVrs31MltProScteOotbndCueOuDurat.smkVrs31MltProScteOotbndCueOuDurat()'><b>smkVrs31MltProScteOotbndCueOuDurat</b><br>Test class: testCasesSmoke.scteSmoketestcases.SmkVrs31MltProScteOotbndCueOuDurat</td>
<td></td>
<td>24</td>
<td>testCasesSmoke.scteSmoketestcases.SmkVrs31MltProScteOotbndCueOuDurat@4b553d26</td></tr>
<tr>
<td title='testCasesSmoke.scteSmoketestcases.SmkVrs32MltProSctePerodic.smkVrs32MltProSctePerodic()'><b>smkVrs32MltProSctePerodic</b><br>Test class: testCasesSmoke.scteSmoketestcases.SmkVrs32MltProSctePerodic</td>
<td></td>
<td>28</td>
<td>testCasesSmoke.scteSmoketestcases.SmkVrs32MltProSctePerodic@4d41cee</td></tr>
<tr>
<td title='testCasesSmoke.scteSmoketestcases.SmkVrs33MltProScteInband.smkVrs33MltProScteInband()'><b>smkVrs33MltProScteInband</b><br>Test class: testCasesSmoke.scteSmoketestcases.SmkVrs33MltProScteInband</td>
<td></td>
<td>24</td>
<td>testCasesSmoke.scteSmoketestcases.SmkVrs33MltProScteInband@536aaa8d</td></tr>
<tr>
<td title='testCasesSmoke.VersaIpSmokeTest.SmkVrs58QualityOpt.smkVrs58QualityOpt()'><b>smkVrs58QualityOpt</b><br>Test class: testCasesSmoke.VersaIpSmokeTest.SmkVrs58QualityOpt</td>
<td></td>
<td>16</td>
<td>testCasesSmoke.VersaIpSmokeTest.SmkVrs58QualityOpt@34cd072c</td></tr>
<tr>
<td title='testCasesSmoke.VersaIpSmokeTest.SmkVrs59QualityOptMultipro.smkVrs59QualityOptMultipro()'><b>smkVrs59QualityOptMultipro</b><br>Test class: testCasesSmoke.VersaIpSmokeTest.SmkVrs59QualityOptMultipro</td>
<td></td>
<td>19</td>
<td>testCasesSmoke.VersaIpSmokeTest.SmkVrs59QualityOptMultipro@646d64ab</td></tr>
<tr>
<td title='testCasesSmoke.VersaIpSmokeTest.SmkVrs64UdpInPtsbasedPcr.smkVrs64UdpInPtsbasedPcr()'><b>smkVrs64UdpInPtsbasedPcr</b><br>Test class: testCasesSmoke.VersaIpSmokeTest.SmkVrs64UdpInPtsbasedPcr</td>
<td></td>
<td>15</td>
<td>testCasesSmoke.VersaIpSmokeTest.SmkVrs64UdpInPtsbasedPcr@80503</td></tr>
<tr>
<td title='testCasesSmoke.VersaIpSmokeTest.Smkvrs55UdpInNDIout.smkvrs55UdpInNDIout()'><b>smkvrs55UdpInNDIout</b><br>Test class: testCasesSmoke.VersaIpSmokeTest.Smkvrs55UdpInNDIout</td>
<td></td>
<td>15</td>
<td>testCasesSmoke.VersaIpSmokeTest.Smkvrs55UdpInNDIout@3043fe0e</td></tr>
<tr>
<td title='testCasesSmoke.VersaIpSmokeTest.SmokeVersa10MulticastRTPmultiOut.smokeVersa10MulticastRTPmultiOut()'><b>smokeVersa10MulticastRTPmultiOut</b><br>Test class: testCasesSmoke.VersaIpSmokeTest.SmokeVersa10MulticastRTPmultiOut</td>
<td></td>
<td>26</td>
<td>testCasesSmoke.VersaIpSmokeTest.SmokeVersa10MulticastRTPmultiOut@458c1321</td></tr>
<tr>
<td title='testCasesSmoke.VersaIpSmokeTest.SmokeVersa11UdpMulProfStreamerHLs.smokeVersa11UdpMulProfStreamerHLs()'><b>smokeVersa11UdpMulProfStreamerHLs</b><br>Test class: testCasesSmoke.VersaIpSmokeTest.SmokeVersa11UdpMulProfStreamerHLs</td>
<td></td>
<td>23</td>
<td>testCasesSmoke.VersaIpSmokeTest.SmokeVersa11UdpMulProfStreamerHLs@2d8f65a4</td></tr>
<tr>
<td title='testCasesSmoke.VersaIpSmokeTest.SmokeVersa12FileInWowzaRTmp.smokeVersa12FileInWowzaRTmp()'><b>smokeVersa12FileInWowzaRTmp</b><br>Test class: testCasesSmoke.VersaIpSmokeTest.SmokeVersa12FileInWowzaRTmp</td>
<td></td>
<td>20</td>
<td>testCasesSmoke.VersaIpSmokeTest.SmokeVersa12FileInWowzaRTmp@7a765367</td></tr>
<tr>
<td title='testCasesSmoke.VersaIpSmokeTest.SmokeVersa13TestInUdpOut.smokeVersa13TestInUdpOut()'><b>smokeVersa13TestInUdpOut</b><br>Test class: testCasesSmoke.VersaIpSmokeTest.SmokeVersa13TestInUdpOut</td>
<td></td>
<td>15</td>
<td>testCasesSmoke.VersaIpSmokeTest.SmokeVersa13TestInUdpOut@76f2b07d</td></tr>
<tr>
<td title='testCasesSmoke.VersaIpSmokeTest.SmokeVersa18Mp4InputFileOutput.smokeVersa18Mp4InputFileOutput()'><b>smokeVersa18Mp4InputFileOutput</b><br>Test class: testCasesSmoke.VersaIpSmokeTest.SmokeVersa18Mp4InputFileOutput</td>
<td></td>
<td>29</td>
<td>testCasesSmoke.VersaIpSmokeTest.SmokeVersa18Mp4InputFileOutput@4b1c1ea0</td></tr>
<tr>
<td title='testCasesSmoke.VersaIpSmokeTest.SmokeVersa19TsInputMultiFileOut.smokeVersa19TsInputMultiFileOut()'><b>smokeVersa19TsInputMultiFileOut</b><br>Test class: testCasesSmoke.VersaIpSmokeTest.SmokeVersa19TsInputMultiFileOut</td>
<td></td>
<td>29</td>
<td>testCasesSmoke.VersaIpSmokeTest.SmokeVersa19TsInputMultiFileOut@1877ab81</td></tr>
<tr>
<td title='testCasesSmoke.VersaIpSmokeTest.SmokeVersa1aUdpMulticastUdpUnicast.smokeVersa1aUdpMulticastUdpUnicast()'><b>smokeVersa1aUdpMulticastUdpUnicast</b><br>Test class: testCasesSmoke.VersaIpSmokeTest.SmokeVersa1aUdpMulticastUdpUnicast</td>
<td></td>
<td>15</td>
<td>testCasesSmoke.VersaIpSmokeTest.SmokeVersa1aUdpMulticastUdpUnicast@4493d195</td></tr>
<tr>
<td title='testCasesSmoke.VersaIpSmokeTest.C3SmokeVersa3CRtmpInRtpUnicast.smokeVersa3CRtmpInRtpUnicast()'><b>smokeVersa3CRtmpInRtpUnicast</b><br>Test class: testCasesSmoke.VersaIpSmokeTest.C3SmokeVersa3CRtmpInRtpUnicast</td>
<td></td>
<td>16</td>
<td>testCasesSmoke.VersaIpSmokeTest.C3SmokeVersa3CRtmpInRtpUnicast@2a556333</td></tr>
<tr>
<td title='testCasesSmoke.VersaIpSmokeTest.C1SmokeVersa3aUdpMulticastRtpUnicastjob.smokeVersa3aUdpMulticastRtpUnicastjob()'><b>smokeVersa3aUdpMulticastRtpUnicastjob</b><br>Test class: testCasesSmoke.VersaIpSmokeTest.C1SmokeVersa3aUdpMulticastRtpUnicastjob</td>
<td></td>
<td>16</td>
<td>testCasesSmoke.VersaIpSmokeTest.C1SmokeVersa3aUdpMulticastRtpUnicastjob@17d677df</td></tr>
<tr>
<td title='testCasesSmoke.VersaIpSmokeTest.SmokeVersa3bRtmpInRtmpOut.smokeVersa3bRtmpInRtmpOut()'><b>smokeVersa3bRtmpInRtmpOut</b><br>Test class: testCasesSmoke.VersaIpSmokeTest.SmokeVersa3bRtmpInRtmpOut</td>
<td></td>
<td>16</td>
<td>testCasesSmoke.VersaIpSmokeTest.SmokeVersa3bRtmpInRtmpOut@bd8db5a</td></tr>
<tr>
<td title='testCasesSmoke.VersaIpSmokeTest.C2SmokeVersa3bRtpUnicastRtmpOut.smokeVersa3bRtpUnicastRtmpOut()'><b>smokeVersa3bRtpUnicastRtmpOut</b><br>Test class: testCasesSmoke.VersaIpSmokeTest.C2SmokeVersa3bRtpUnicastRtmpOut</td>
<td></td>
<td>16</td>
<td>testCasesSmoke.VersaIpSmokeTest.C2SmokeVersa3bRtpUnicastRtmpOut@6ee52dcd</td></tr>
<tr>
<td title='testCasesSmoke.VersaIpSmokeTest.C4SmokeVersa3dRtpunicastMp4out.smokeVersa3dRtpunicastMp4out()'><b>smokeVersa3dRtpunicastMp4out</b><br>Test class: testCasesSmoke.VersaIpSmokeTest.C4SmokeVersa3dRtpunicastMp4out</td>
<td></td>
<td>15</td>
<td>testCasesSmoke.VersaIpSmokeTest.C4SmokeVersa3dRtpunicastMp4out@2bbf4b8b</td></tr>
<tr>
<td title='testCasesSmoke.VersaIpSmokeTest.D1SmokeVersa6AMulticastUdpMp4out.smokeVersa6AMulticastUdpMp4out()'><b>smokeVersa6AMulticastUdpMp4out</b><br>Test class: testCasesSmoke.VersaIpSmokeTest.D1SmokeVersa6AMulticastUdpMp4out</td>
<td></td>
<td>17</td>
<td>testCasesSmoke.VersaIpSmokeTest.D1SmokeVersa6AMulticastUdpMp4out@74650e52</td></tr>
<tr>
<td title='testCasesSmoke.VersaIpSmokeTest.D2SmokeVersa6BMp4FileUdpUnicast.smokeVersa6BMp4FileUdpUnicast()'><b>smokeVersa6BMp4FileUdpUnicast</b><br>Test class: testCasesSmoke.VersaIpSmokeTest.D2SmokeVersa6BMp4FileUdpUnicast</td>
<td></td>
<td>15</td>
<td>testCasesSmoke.VersaIpSmokeTest.D2SmokeVersa6BMp4FileUdpUnicast@33f88ab</td></tr>
<tr>
<td title='testCasesSmoke.VersaIpSmokeTest.D3SmokeVersa6CUdpPassthroughUdpunicast.smokeVersa6CUdpPassthroughUdpunicast()'><b>smokeVersa6CUdpPassthroughUdpunicast</b><br>Test class: testCasesSmoke.VersaIpSmokeTest.D3SmokeVersa6CUdpPassthroughUdpunicast</td>
<td></td>
<td>15</td>
<td>testCasesSmoke.VersaIpSmokeTest.D3SmokeVersa6CUdpPassthroughUdpunicast@1563da5</td></tr>
<tr>
<td title='testCasesSmoke.VersaIpSmokeTest.D4SmokeVersa6DUdpunicastUdpOut.smokeVersa6DUdpunicastUdpOut()'><b>smokeVersa6DUdpunicastUdpOut</b><br>Test class: testCasesSmoke.VersaIpSmokeTest.D4SmokeVersa6DUdpunicastUdpOut</td>
<td></td>
<td>16</td>
<td>testCasesSmoke.VersaIpSmokeTest.D4SmokeVersa6DUdpunicastUdpOut@e320068</td></tr>
<tr>
<td title='testCasesSmoke.VersaIpSmokeTest.E1SmokeVersa7AUdpMulticastMp4out.smokeVersa7AUdpMulticastMp4out()'><b>smokeVersa7AUdpMulticastMp4out</b><br>Test class: testCasesSmoke.VersaIpSmokeTest.E1SmokeVersa7AUdpMulticastMp4out</td>
<td></td>
<td>16</td>
<td>testCasesSmoke.VersaIpSmokeTest.E1SmokeVersa7AUdpMulticastMp4out@5faeada1</td></tr>
<tr>
<td title='testCasesSmoke.VersaIpSmokeTest.E2SmokeVersa7BMp4OutMp4Input.smokeVersa7BMp4OutMp4Input()'><b>smokeVersa7BMp4OutMp4Input</b><br>Test class: testCasesSmoke.VersaIpSmokeTest.E2SmokeVersa7BMp4OutMp4Input</td>
<td></td>
<td>15</td>
<td>testCasesSmoke.VersaIpSmokeTest.E2SmokeVersa7BMp4OutMp4Input@48503868</td></tr>
<tr>
<td title='testCasesSmoke.VersaIpSmokeTest.SmokeVersa9ImageInUdpOut.smokeVersa9ImageInUdpOut()'><b>smokeVersa9ImageInUdpOut</b><br>Test class: testCasesSmoke.VersaIpSmokeTest.SmokeVersa9ImageInUdpOut</td>
<td></td>
<td>15</td>
<td>testCasesSmoke.VersaIpSmokeTest.SmokeVersa9ImageInUdpOut@34c4973</td></tr>
<tr>
<td title='testCasesSmoke.VersaIpSmokeTest.B4SmokeVrs2dRtmpInputrtmpOutputjob.smokeVrs2dRtmpInputrtmpOutputjob()'><b>smokeVrs2dRtmpInputrtmpOutputjob</b><br>Test class: testCasesSmoke.VersaIpSmokeTest.B4SmokeVrs2dRtmpInputrtmpOutputjob</td>
<td></td>
<td>15</td>
<td>testCasesSmoke.VersaIpSmokeTest.B4SmokeVrs2dRtmpInputrtmpOutputjob@1f57539</td></tr>
<tr>
<td title='testCasesSmoke.XportSmokeTest.SmokeXport_SRTclient_UDP.smokeXport_SRTclient_UDP()'><b>smokeXport_SRTclient_UDP</b><br>Test class: testCasesSmoke.XportSmokeTest.SmokeXport_SRTclient_UDP</td>
<td></td>
<td>17</td>
<td>testCasesSmoke.XportSmokeTest.SmokeXport_SRTclient_UDP@ea1a8d5</td></tr>
<tr>
<td title='testCasesSmoke.XportSmokeTest.SmokeXport_TestPattern_UDP.smokeXport_Testpattern_UDP()'><b>smokeXport_Testpattern_UDP</b><br>Test class: testCasesSmoke.XportSmokeTest.SmokeXport_TestPattern_UDP</td>
<td></td>
<td>16</td>
<td>testCasesSmoke.XportSmokeTest.SmokeXport_TestPattern_UDP@59e5ddf</td></tr>
<tr>
<td title='testCasesSmoke.VersaIpSmokeTest.Smokevrs1bUdpUnicastRtpUnicastjob.smokevrs1bUdpUnicastRtpUnicastjob()'><b>smokevrs1bUdpUnicastRtpUnicastjob</b><br>Test class: testCasesSmoke.VersaIpSmokeTest.Smokevrs1bUdpUnicastRtpUnicastjob</td>
<td></td>
<td>15</td>
<td>testCasesSmoke.VersaIpSmokeTest.Smokevrs1bUdpUnicastRtpUnicastjob@4232c52b</td></tr>
<tr>
<td title='testCasesSmoke.VersaIpSmokeTest.Smokevrs1cRtpUnicastUdpunicastjob.smokevrs1cRtpUnicastUdpunicastjob()'><b>smokevrs1cRtpUnicastUdpunicastjob</b><br>Test class: testCasesSmoke.VersaIpSmokeTest.Smokevrs1cRtpUnicastUdpunicastjob</td>
<td></td>
<td>15</td>
<td>testCasesSmoke.VersaIpSmokeTest.Smokevrs1cRtpUnicastUdpunicastjob@17579e0f</td></tr>
<tr>
<td title='testCasesSmoke.VersaIpSmokeTest.Smokevrs1dUdpUincastUdpUnicastjob.smokevrs1dUdpUincastUdpUnicastjob()'><b>smokevrs1dUdpUincastUdpUnicastjob</b><br>Test class: testCasesSmoke.VersaIpSmokeTest.Smokevrs1dUdpUincastUdpUnicastjob</td>
<td></td>
<td>15</td>
<td>testCasesSmoke.VersaIpSmokeTest.Smokevrs1dUdpUincastUdpUnicastjob@3712b94</td></tr>
<tr>
<td title='testCasesSmoke.VersaIpSmokeTest.B1Smokevrs2aUdpMulticastRtmpoutjob.smokevrs2aUdpMulticastRtmpoutjob()'><b>smokevrs2aUdpMulticastRtmpoutjob</b><br>Test class: testCasesSmoke.VersaIpSmokeTest.B1Smokevrs2aUdpMulticastRtmpoutjob</td>
<td></td>
<td>16</td>
<td>testCasesSmoke.VersaIpSmokeTest.B1Smokevrs2aUdpMulticastRtmpoutjob@78e67e0a</td></tr>
<tr>
<td title='testCasesSmoke.VersaIpSmokeTest.B2Smokevrs2bRTMPInUdpUbnicastjob.smokevrs2bRTMPInUdpUbnicastjob()'><b>smokevrs2bRTMPInUdpUbnicastjob</b><br>Test class: testCasesSmoke.VersaIpSmokeTest.B2Smokevrs2bRTMPInUdpUbnicastjob</td>
<td></td>
<td>14</td>
<td>testCasesSmoke.VersaIpSmokeTest.B2Smokevrs2bRTMPInUdpUbnicastjob@1b68ddbd</td></tr>
<tr>
<td title='testCasesSmoke.VersaIpSmokeTest.B3Smokevrs2cUdpunicastRTMPjob.smokevrs2cUdpunicastRTMPjob()'><b>smokevrs2cUdpunicastRTMPjob</b><br>Test class: testCasesSmoke.VersaIpSmokeTest.B3Smokevrs2cUdpunicastRTMPjob</td>
<td></td>
<td>16</td>
<td>testCasesSmoke.VersaIpSmokeTest.B3Smokevrs2cUdpunicastRTMPjob@11438d26</td></tr>
<tr>
<td title='testCasesSmoke.VersaIpSmokeTest.VersaSmoke28Switcherjob.versaSmoke28Switcherjob()'><b>versaSmoke28Switcherjob</b><br>Test class: testCasesSmoke.VersaIpSmokeTest.VersaSmoke28Switcherjob</td>
<td></td>
<td>21</td>
<td>testCasesSmoke.VersaIpSmokeTest.VersaSmoke28Switcherjob@27a8c74e</td></tr>
</table><p>
<table width='100%' border='1' class='invocation-skipped'>
<tr><td colspan='4' align='center'><b>SKIPPED TESTS</b></td></tr>
<tr><td><b>Test method</b></td>
<td width="30%"><b>Exception</b></td>
<td width="10%"><b>Time (seconds)</b></td>
<td><b>Instance</b></td>
</tr>
<tr>
<td title='testCasesSmoke.VersaIpSmokeTest.TestCase.udp_all_flex()'><b>udp_all_flex</b><br>Test class: testCasesSmoke.VersaIpSmokeTest.TestCase</td>
<td><div><pre>java.lang.RuntimeException: java.io.FileNotFoundException: C:\Testing3.3\Automation\Datadriven\Output\Udp_Udp_Flex.csv (The system cannot find the path specified)
Caused by: java.io.FileNotFoundException: C:\Testing3.3\Automation\Datadriven\Output\Udp_Udp_Flex.csv (The system cannot find the path specified)
	at java.io.FileOutputStream.open0(Native Method)
	at java.io.FileOutputStream.open(Unknown Source)
	at java.io.FileOutputStream.&lt;init&gt;(Unknown Source)
	at java.io.FileOutputStream.&lt;init&gt;(Unknown Source)
	at testCasesSmoke.VersaIpSmokeTest.TestCase.passData(TestCase.java:328)
	... 20 more
... Removed 27 stack frames</pre></div><a href='#' onClick='toggleBox("stack-trace819043106", this, "Click to show all stack frames", "Click to hide stack frames")'>Click to show all stack frames</a>
<div class='stack-trace' id='stack-trace819043106'><pre>java.lang.RuntimeException: java.io.FileNotFoundException: C:\Testing3.3\Automation\Datadriven\Output\Udp_Udp_Flex.csv (The system cannot find the path specified)
	at org.testng.internal.MethodInvocationHelper.invokeDataProvider(MethodInvocationHelper.java:161)
	at org.testng.internal.Parameters.handleParameters(Parameters.java:429)
	at org.testng.internal.Invoker.handleParameters(Invoker.java:1383)
	at org.testng.internal.Invoker.createParameters(Invoker.java:1075)
	at org.testng.internal.Invoker.invokeTestMethods(Invoker.java:1180)
	at org.testng.internal.TestMethodWorker.invokeTestMethods(TestMethodWorker.java:127)
	at org.testng.internal.TestMethodWorker.run(TestMethodWorker.java:111)
	at org.testng.TestRunner.privateRun(TestRunner.java:767)
	at org.testng.TestRunner.run(TestRunner.java:617)
	at org.testng.SuiteRunner.runTest(SuiteRunner.java:348)
	at org.testng.SuiteRunner.runSequentially(SuiteRunner.java:343)
	at org.testng.SuiteRunner.privateRun(SuiteRunner.java:305)
	at org.testng.SuiteRunner.run(SuiteRunner.java:254)
	at org.testng.SuiteRunnerWorker.runSuite(SuiteRunnerWorker.java:52)
	at org.testng.SuiteRunnerWorker.run(SuiteRunnerWorker.java:86)
	at org.testng.TestNG.runSuitesSequentially(TestNG.java:1224)
	at org.testng.TestNG.runSuitesLocally(TestNG.java:1149)
	at org.testng.TestNG.run(TestNG.java:1057)
	at org.testng.remote.AbstractRemoteTestNG.run(AbstractRemoteTestNG.java:132)
	at org.testng.remote.RemoteTestNG.initAndRun(RemoteTestNG.java:230)
	at org.testng.remote.RemoteTestNG.main(RemoteTestNG.java:76)
Caused by: java.io.FileNotFoundException: C:\Testing3.3\Automation\Datadriven\Output\Udp_Udp_Flex.csv (The system cannot find the path specified)
	at java.io.FileOutputStream.open0(Native Method)
	at java.io.FileOutputStream.open(Unknown Source)
	at java.io.FileOutputStream.&lt;init&gt;(Unknown Source)
	at java.io.FileOutputStream.&lt;init&gt;(Unknown Source)
	at testCasesSmoke.VersaIpSmokeTest.TestCase.passData(TestCase.java:328)
	at sun.reflect.NativeMethodAccessorImpl.invoke0(Native Method)
	at sun.reflect.NativeMethodAccessorImpl.invoke(Unknown Source)
	at sun.reflect.DelegatingMethodAccessorImpl.invoke(Unknown Source)
	at java.lang.reflect.Method.invoke(Unknown Source)
	at org.testng.internal.MethodInvocationHelper.invokeMethod(MethodInvocationHelper.java:84)
	at org.testng.internal.MethodInvocationHelper.invokeDataProvider(MethodInvocationHelper.java:135)
	... 20 more
</pre></div></td>
<td>0</td>
<td>testCasesSmoke.VersaIpSmokeTest.TestCase@704a52ec</td></tr>
</table><p>
</body>
</html>