<!DOCTYPE html>

<html>
  <head>
  <title>TestNG reports</title>

    <link type="text/css" href="testng-reports.css" rel="stylesheet" />  
    <script type="text/javascript" src="jquery-1.7.1.min.js"></script>
    <script type="text/javascript" src="testng-reports.js"></script>
    <script type="text/javascript" src="https://www.google.com/jsapi"></script>
    <script type='text/javascript'>
      google.load('visualization', '1', {packages:['table']});
      google.setOnLoadCallback(drawTable);
      var suiteTableInitFunctions = new Array();
      var suiteTableData = new Array();
    </script>
    <!--
      <script type="text/javascript" src="jquery-ui/js/jquery-ui-1.8.16.custom.min.js"></script>
     -->
  </head>

  <body>
    <div class="top-banner-root">
      <span class="top-banner-title-font">Test results</span>
      <br/>
      <span class="top-banner-font-1">1 suite, 19 failed tests</span>
    </div> <!-- top-banner-root -->
    <div class="navigator-root">
      <div class="navigator-suite-header">
        <span>All suites</span>
        <a href="#" class="collapse-all-link" title="Collapse/expand all the suites">
          <img class="collapse-all-icon" src="collapseall.gif">
          </img> <!-- collapse-all-icon -->
        </a> <!-- collapse-all-link -->
      </div> <!-- navigator-suite-header -->
      <div class="suite">
        <div class="rounded-window">
          <div class="suite-header light-rounded-window-top">
            <a href="#" class="navigator-link" panel-name="suite-Default_suite">
              <span class="suite-name border-failed">Default suite</span>
            </a> <!-- navigator-link -->
          </div> <!-- suite-header light-rounded-window-top -->
          <div class="navigator-suite-content">
            <div class="suite-section-title">
              <span>Info</span>
            </div> <!-- suite-section-title -->
            <div class="suite-section-content">
              <ul>
                <li>
                  <a href="#" class="navigator-link " panel-name="test-xml-Default_suite">
                    <span>C:\Users\sr39\AppData\Local\Temp\testng-eclipse-81979827\testng-customsuite.xml</span>
                  </a> <!-- navigator-link  -->
                </li>
                <li>
                  <a href="#" class="navigator-link " panel-name="testlist-Default_suite">
                    <span class="test-stats">1 test</span>
                  </a> <!-- navigator-link  -->
                </li>
                <li>
                  <a href="#" class="navigator-link " panel-name="group-Default_suite">
                    <span>0 groups</span>
                  </a> <!-- navigator-link  -->
                </li>
                <li>
                  <a href="#" class="navigator-link " panel-name="times-Default_suite">
                    <span>Times</span>
                  </a> <!-- navigator-link  -->
                </li>
                <li>
                  <a href="#" class="navigator-link " panel-name="reporter-Default_suite">
                    <span>Reporter output</span>
                  </a> <!-- navigator-link  -->
                </li>
                <li>
                  <a href="#" class="navigator-link " panel-name="ignored-methods-Default_suite">
                    <span>Ignored methods</span>
                  </a> <!-- navigator-link  -->
                </li>
                <li>
                  <a href="#" class="navigator-link " panel-name="chronological-Default_suite">
                    <span>Chronological view</span>
                  </a> <!-- navigator-link  -->
                </li>
              </ul>
            </div> <!-- suite-section-content -->
            <div class="result-section">
              <div class="suite-section-title">
                <span>Results</span>
              </div> <!-- suite-section-title -->
              <div class="suite-section-content">
                <ul>
                  <li>
                    <span class="method-stats">58 methods, 19 failed,   39 passed</span>
                  </li>
                  <li>
                    <span class="method-list-title failed">Failed methods</span>
                    <span class="show-or-hide-methods failed">
                      <a href="#" panel-name="suite-Default_suite" class="hide-methods failed suite-Default_suite"> (hide)</a> <!-- hide-methods failed suite-Default_suite -->
                      <a href="#" panel-name="suite-Default_suite" class="show-methods failed suite-Default_suite"> (show)</a> <!-- show-methods failed suite-Default_suite -->
                    </span>
                    <div class="method-list-content failed suite-Default_suite">
                      <span>
                        <img width="3%" src="failed.png"/>
                        <a href="#" class="method navigator-link" panel-name="suite-Default_suite" title="testCasesSmoke.TestCasesRunning.Datadriver" hash-for-method="jobStartAndStatitics(SmkVrs40SctePerodicRawInHls, stop)">jobStartAndStatitics(SmkVrs40SctePerodicRawInHls, stop)</a> <!-- method navigator-link -->
                      </span>
                      <br/>
                      <span>
                        <img width="3%" src="failed.png"/>
                        <a href="#" class="method navigator-link" panel-name="suite-Default_suite" title="testCasesSmoke.TestCasesRunning.Datadriver" hash-for-method="jobStartAndStatitics(SmkVrs35ScteCueOuDuraUdpInRawOut, start)">jobStartAndStatitics(SmkVrs35ScteCueOuDuraUdpInRawOut, start)</a> <!-- method navigator-link -->
                      </span>
                      <br/>
                      <span>
                        <img width="3%" src="failed.png"/>
                        <a href="#" class="method navigator-link" panel-name="suite-Default_suite" title="testCasesSmoke.TestCasesRunning.Datadriver" hash-for-method="jobStartAndStatitics(SmkVrs46MgwlInDash, stop)">jobStartAndStatitics(SmkVrs46MgwlInDash, stop)</a> <!-- method navigator-link -->
                      </span>
                      <br/>
                      <span>
                        <img width="3%" src="failed.png"/>
                        <a href="#" class="method navigator-link" panel-name="suite-Default_suite" title="testCasesSmoke.TestCasesRunning.Datadriver" hash-for-method="jobStartAndStatitics(SmkVrs65aMgwlInUDPpTSbasPCR, stop)">jobStartAndStatitics(SmkVrs65aMgwlInUDPpTSbasPCR, stop)</a> <!-- method navigator-link -->
                      </span>
                      <br/>
                      <span>
                        <img width="3%" src="failed.png"/>
                        <a href="#" class="method navigator-link" panel-name="suite-Default_suite" title="testCasesSmoke.TestCasesRunning.Datadriver" hash-for-method="jobStartAndStatitics(SmkXport47Magewell_UDP, stop)">jobStartAndStatitics(SmkXport47Magewell_UDP, stop)</a> <!-- method navigator-link -->
                      </span>
                      <br/>
                      <span>
                        <img width="3%" src="failed.png"/>
                        <a href="#" class="method navigator-link" panel-name="suite-Default_suite" title="testCasesSmoke.TestCasesRunning.Datadriver" hash-for-method="jobStartAndStatitics(smkVrs4cRtmpInMp4Out, stop)">jobStartAndStatitics(smkVrs4cRtmpInMp4Out, stop)</a> <!-- method navigator-link -->
                      </span>
                      <br/>
                      <span>
                        <img width="3%" src="failed.png"/>
                        <a href="#" class="method navigator-link" panel-name="suite-Default_suite" title="testCasesSmoke.TestCasesRunning.Datadriver" hash-for-method="jobStartAndStatitics(smkVrs25SwtrRawTestInHlsDashOut, stop)">jobStartAndStatitics(smkVrs25SwtrRawTestInHlsDashOut, stop)</a> <!-- method navigator-link -->
                      </span>
                      <br/>
                      <span>
                        <img width="3%" src="failed.png"/>
                        <a href="#" class="method navigator-link" panel-name="suite-Default_suite" title="testCasesSmoke.TestCasesRunning.Datadriver" hash-for-method="jobStartAndStatitics(SmkVrs43ScteCueOuDurFileInRawOut, stop)">jobStartAndStatitics(SmkVrs43ScteCueOuDurFileInRawOut, stop)</a> <!-- method navigator-link -->
                      </span>
                      <br/>
                      <span>
                        <img width="3%" src="failed.png"/>
                        <a href="#" class="method navigator-link" panel-name="suite-Default_suite" title="testCasesSmoke.TestCasesRunning.Datadriver" hash-for-method="jobStartAndStatitics(SmokeXport4aBMD_UDP, start)">jobStartAndStatitics(SmokeXport4aBMD_UDP, start)</a> <!-- method navigator-link -->
                      </span>
                      <br/>
                      <span>
                        <img width="3%" src="failed.png"/>
                        <a href="#" class="method navigator-link" panel-name="suite-Default_suite" title="testCasesSmoke.TestCasesRunning.Datadriver" hash-for-method="jobStartAndStatitics(SmkXpt63QualityOptMagewellUDP, start)">jobStartAndStatitics(SmkXpt63QualityOptMagewellUDP, start)</a> <!-- method navigator-link -->
                      </span>
                      <br/>
                      <span>
                        <img width="3%" src="failed.png"/>
                        <a href="#" class="method navigator-link" panel-name="suite-Default_suite" title="testCasesSmoke.TestCasesRunning.Datadriver" hash-for-method="jobStartAndStatitics(smkVrs24SwtrRawImageInHlsOut, stop)">jobStartAndStatitics(smkVrs24SwtrRawImageInHlsOut, stop)</a> <!-- method navigator-link -->
                      </span>
                      <br/>
                      <span>
                        <img width="3%" src="failed.png"/>
                        <a href="#" class="method navigator-link" panel-name="suite-Default_suite" title="testCasesSmoke.TestCasesRunning.Datadriver" hash-for-method="jobStartAndStatitics(SmokeXport4aBMD_UDP, stop)">jobStartAndStatitics(SmokeXport4aBMD_UDP, stop)</a> <!-- method navigator-link -->
                      </span>
                      <br/>
                      <span>
                        <img width="3%" src="failed.png"/>
                        <a href="#" class="method navigator-link" panel-name="suite-Default_suite" title="testCasesSmoke.TestCasesRunning.Datadriver" hash-for-method="jobStartAndStatitics(smkVrs25SwtrRawTestInHlsDashOut, start)">jobStartAndStatitics(smkVrs25SwtrRawTestInHlsDashOut, start)</a> <!-- method navigator-link -->
                      </span>
                      <br/>
                      <span>
                        <img width="3%" src="failed.png"/>
                        <a href="#" class="method navigator-link" panel-name="suite-Default_suite" title="testCasesSmoke.TestCasesRunning.Datadriver" hash-for-method="jobStartAndStatitics(SmkVrs38ScteOubndCuOuInRawInHls, stop)">jobStartAndStatitics(SmkVrs38ScteOubndCuOuInRawInHls, stop)</a> <!-- method navigator-link -->
                      </span>
                      <br/>
                      <span>
                        <img width="3%" src="failed.png"/>
                        <a href="#" class="method navigator-link" panel-name="suite-Default_suite" title="testCasesSmoke.TestCasesRunning.Datadriver" hash-for-method="jobStartAndStatitics(SmkVrs41ScteCueOuInFileInRawOut, stop)">jobStartAndStatitics(SmkVrs41ScteCueOuInFileInRawOut, stop)</a> <!-- method navigator-link -->
                      </span>
                      <br/>
                      <span>
                        <img width="3%" src="failed.png"/>
                        <a href="#" class="method navigator-link" panel-name="suite-Default_suite" title="testCasesSmoke.TestCasesRunning.Datadriver" hash-for-method="jobStartAndStatitics(SmkXpt63QualityOptMagewellUDP, stop)">jobStartAndStatitics(SmkXpt63QualityOptMagewellUDP, stop)</a> <!-- method navigator-link -->
                      </span>
                      <br/>
                      <span>
                        <img width="3%" src="failed.png"/>
                        <a href="#" class="method navigator-link" panel-name="suite-Default_suite" title="testCasesSmoke.TestCasesRunning.Datadriver" hash-for-method="jobStartAndStatitics(SmkVrs35ScteCueOuDuraUdpInRawOut, stop)">jobStartAndStatitics(SmkVrs35ScteCueOuDuraUdpInRawOut, stop)</a> <!-- method navigator-link -->
                      </span>
                      <br/>
                      <span>
                        <img width="3%" src="failed.png"/>
                        <a href="#" class="method navigator-link" panel-name="suite-Default_suite" title="testCasesSmoke.TestCasesRunning.Datadriver" hash-for-method="jobStartAndStatitics(Smkvrs66HttpInRawOut, stop)">jobStartAndStatitics(Smkvrs66HttpInRawOut, stop)</a> <!-- method navigator-link -->
                      </span>
                      <br/>
                      <span>
                        <img width="3%" src="failed.png"/>
                        <a href="#" class="method navigator-link" panel-name="suite-Default_suite" title="testCasesSmoke.TestCasesRunning.Datadriver" hash-for-method="jobStartAndStatitics(SmkXport47Magewell_UDP, start)">jobStartAndStatitics(SmkXport47Magewell_UDP, start)</a> <!-- method navigator-link -->
                      </span>
                      <br/>
                    </div> <!-- method-list-content failed suite-Default_suite -->
                  </li>
                  <li>
                    <span class="method-list-title passed">Passed methods</span>
                    <span class="show-or-hide-methods passed">
                      <a href="#" panel-name="suite-Default_suite" class="hide-methods passed suite-Default_suite"> (hide)</a> <!-- hide-methods passed suite-Default_suite -->
                      <a href="#" panel-name="suite-Default_suite" class="show-methods passed suite-Default_suite"> (show)</a> <!-- show-methods passed suite-Default_suite -->
                    </span>
                    <div class="method-list-content passed suite-Default_suite">
                      <span>
                        <img width="3%" src="passed.png"/>
                        <a href="#" class="method navigator-link" panel-name="suite-Default_suite" title="testCasesSmoke.TestCasesRunning.Datadriver" hash-for-method="jobStartAndStatitics(SmkVrs43ScteCueOuDurFileInRawOut, start)">jobStartAndStatitics(SmkVrs43ScteCueOuDurFileInRawOut, start)</a> <!-- method navigator-link -->
                      </span>
                      <br/>
                      <span>
                        <img width="3%" src="passed.png"/>
                        <a href="#" class="method navigator-link" panel-name="suite-Default_suite" title="testCasesSmoke.TestCasesRunning.Datadriver" hash-for-method="jobStartAndStatitics(SmkVrs47MgwlInUDPOut, stop)">jobStartAndStatitics(SmkVrs47MgwlInUDPOut, stop)</a> <!-- method navigator-link -->
                      </span>
                      <br/>
                      <span>
                        <img width="3%" src="passed.png"/>
                        <a href="#" class="method navigator-link" panel-name="suite-Default_suite" title="testCasesSmoke.TestCasesRunning.Datadriver" hash-for-method="jobStartAndStatitics(SmkVrs36SctePerodicUdpInRawOut, start)">jobStartAndStatitics(SmkVrs36SctePerodicUdpInRawOut, start)</a> <!-- method navigator-link -->
                      </span>
                      <br/>
                      <span>
                        <img width="3%" src="passed.png"/>
                        <a href="#" class="method navigator-link" panel-name="suite-Default_suite" title="testCasesSmoke.TestCasesRunning.Datadriver" hash-for-method="jobStartAndStatitics(SmkVrs47MgwlInUDPOut, start)">jobStartAndStatitics(SmkVrs47MgwlInUDPOut, start)</a> <!-- method navigator-link -->
                      </span>
                      <br/>
                      <span>
                        <img width="3%" src="passed.png"/>
                        <a href="#" class="method navigator-link" panel-name="suite-Default_suite" title="testCasesSmoke.TestCasesRunning.Datadriver" hash-for-method="jobStartAndStatitics(SmkVrs34ScteCueOuInUdpInRawOut, stop)">jobStartAndStatitics(SmkVrs34ScteCueOuInUdpInRawOut, stop)</a> <!-- method navigator-link -->
                      </span>
                      <br/>
                      <span>
                        <img width="3%" src="passed.png"/>
                        <a href="#" class="method navigator-link" panel-name="suite-Default_suite" title="testCasesSmoke.TestCasesRunning.Datadriver" hash-for-method="jobStartAndStatitics(SmkVrs39ScteOubndCuOuDuraRawInHls, start)">jobStartAndStatitics(SmkVrs39ScteOubndCuOuDuraRawInHls, start)</a> <!-- method navigator-link -->
                      </span>
                      <br/>
                      <span>
                        <img width="3%" src="passed.png"/>
                        <a href="#" class="method navigator-link" panel-name="suite-Default_suite" title="testCasesSmoke.TestCasesRunning.Datadriver" hash-for-method="jobStartAndStatitics(SmkVrs51VportUDpuniRawOut, stop)">jobStartAndStatitics(SmkVrs51VportUDpuniRawOut, stop)</a> <!-- method navigator-link -->
                      </span>
                      <br/>
                      <span>
                        <img width="3%" src="passed.png"/>
                        <a href="#" class="method navigator-link" panel-name="suite-Default_suite" title="testCasesSmoke.TestCasesRunning.Datadriver" hash-for-method="jobStartAndStatitics(smkVrs48MgwlInHlsMp4UserDe, stop)">jobStartAndStatitics(smkVrs48MgwlInHlsMp4UserDe, stop)</a> <!-- method navigator-link -->
                      </span>
                      <br/>
                      <span>
                        <img width="3%" src="passed.png"/>
                        <a href="#" class="method navigator-link" panel-name="suite-Default_suite" title="testCasesSmoke.TestCasesRunning.Datadriver" hash-for-method="jobStartAndStatitics(SmkVrs42ScteInbandRawOutHls, stop)">jobStartAndStatitics(SmkVrs42ScteInbandRawOutHls, stop)</a> <!-- method navigator-link -->
                      </span>
                      <br/>
                      <span>
                        <img width="3%" src="passed.png"/>
                        <a href="#" class="method navigator-link" panel-name="suite-Default_suite" title="testCasesSmoke.TestCasesRunning.Datadriver" hash-for-method="jobStartAndStatitics(SmkVrs38ScteOubndCuOuInRawInHls, start)">jobStartAndStatitics(SmkVrs38ScteOubndCuOuInRawInHls, start)</a> <!-- method navigator-link -->
                      </span>
                      <br/>
                      <span>
                        <img width="3%" src="passed.png"/>
                        <a href="#" class="method navigator-link" panel-name="suite-Default_suite" title="testCasesSmoke.TestCasesRunning.Datadriver" hash-for-method="jobStartAndStatitics(smkVrs24SwtrRawImageInHlsOut, start)">jobStartAndStatitics(smkVrs24SwtrRawImageInHlsOut, start)</a> <!-- method navigator-link -->
                      </span>
                      <br/>
                      <span>
                        <img width="3%" src="passed.png"/>
                        <a href="#" class="method navigator-link" panel-name="suite-Default_suite" title="testCasesSmoke.TestCasesRunning.Datadriver" hash-for-method="jobStartAndStatitics(smkVrs4bUnicastUdpMp4Out, stop)">jobStartAndStatitics(smkVrs4bUnicastUdpMp4Out, stop)</a> <!-- method navigator-link -->
                      </span>
                      <br/>
                      <span>
                        <img width="3%" src="passed.png"/>
                        <a href="#" class="method navigator-link" panel-name="suite-Default_suite" title="testCasesSmoke.TestCasesRunning.Datadriver" hash-for-method="jobStartAndStatitics(SmkVrs36SctePerodicUdpInRawOut, stop)">jobStartAndStatitics(SmkVrs36SctePerodicUdpInRawOut, stop)</a> <!-- method navigator-link -->
                      </span>
                      <br/>
                      <span>
                        <img width="3%" src="passed.png"/>
                        <a href="#" class="method navigator-link" panel-name="suite-Default_suite" title="testCasesSmoke.TestCasesRunning.Datadriver" hash-for-method="jobStartAndStatitics(SmkVrs40SctePerodicRawInHls, start)">jobStartAndStatitics(SmkVrs40SctePerodicRawInHls, start)</a> <!-- method navigator-link -->
                      </span>
                      <br/>
                      <span>
                        <img width="3%" src="passed.png"/>
                        <a href="#" class="method navigator-link" panel-name="suite-Default_suite" title="testCasesSmoke.TestCasesRunning.Datadriver" hash-for-method="jobStartAndStatitics(SmkVrs50VportRawInUDpuni, stop)">jobStartAndStatitics(SmkVrs50VportRawInUDpuni, stop)</a> <!-- method navigator-link -->
                      </span>
                      <br/>
                      <span>
                        <img width="3%" src="passed.png"/>
                        <a href="#" class="method navigator-link" panel-name="suite-Default_suite" title="testCasesSmoke.TestCasesRunning.Datadriver" hash-for-method="jobStartAndStatitics(SmkVrs51VportUDpuniRawOut, start)">jobStartAndStatitics(SmkVrs51VportUDpuniRawOut, start)</a> <!-- method navigator-link -->
                      </span>
                      <br/>
                      <span>
                        <img width="3%" src="passed.png"/>
                        <a href="#" class="method navigator-link" panel-name="suite-Default_suite" title="testCasesSmoke.TestCasesRunning.Datadriver" hash-for-method="jobStartAndStatitics(SmkVrs37ScteInbandRawInHlsout, stop)">jobStartAndStatitics(SmkVrs37ScteInbandRawInHlsout, stop)</a> <!-- method navigator-link -->
                      </span>
                      <br/>
                      <span>
                        <img width="3%" src="passed.png"/>
                        <a href="#" class="method navigator-link" panel-name="suite-Default_suite" title="testCasesSmoke.TestCasesRunning.Datadriver" hash-for-method="jobStartAndStatitics(SmkVrs45MgwlInHls, stop)">jobStartAndStatitics(SmkVrs45MgwlInHls, stop)</a> <!-- method navigator-link -->
                      </span>
                      <br/>
                      <span>
                        <img width="3%" src="passed.png"/>
                        <a href="#" class="method navigator-link" panel-name="suite-Default_suite" title="testCasesSmoke.TestCasesRunning.Datadriver" hash-for-method="jobStartAndStatitics(SmkVrs62MgwlInHlsndUdpOut, stop)">jobStartAndStatitics(SmkVrs62MgwlInHlsndUdpOut, stop)</a> <!-- method navigator-link -->
                      </span>
                      <br/>
                      <span>
                        <img width="3%" src="passed.png"/>
                        <a href="#" class="method navigator-link" panel-name="suite-Default_suite" title="testCasesSmoke.TestCasesRunning.Datadriver" hash-for-method="jobStartAndStatitics(SmkVrs49MagewlInRtmpOut, start)">jobStartAndStatitics(SmkVrs49MagewlInRtmpOut, start)</a> <!-- method navigator-link -->
                      </span>
                      <br/>
                      <span>
                        <img width="3%" src="passed.png"/>
                        <a href="#" class="method navigator-link" panel-name="suite-Default_suite" title="testCasesSmoke.TestCasesRunning.Datadriver" hash-for-method="jobStartAndStatitics(SmkVrs37ScteInbandRawInHlsout, start)">jobStartAndStatitics(SmkVrs37ScteInbandRawInHlsout, start)</a> <!-- method navigator-link -->
                      </span>
                      <br/>
                      <span>
                        <img width="3%" src="passed.png"/>
                        <a href="#" class="method navigator-link" panel-name="suite-Default_suite" title="testCasesSmoke.TestCasesRunning.Datadriver" hash-for-method="jobStartAndStatitics(SmkVrs39ScteOubndCuOuDuraRawInHls, stop)">jobStartAndStatitics(SmkVrs39ScteOubndCuOuDuraRawInHls, stop)</a> <!-- method navigator-link -->
                      </span>
                      <br/>
                      <span>
                        <img width="3%" src="passed.png"/>
                        <a href="#" class="method navigator-link" panel-name="suite-Default_suite" title="testCasesSmoke.TestCasesRunning.Datadriver" hash-for-method="jobStartAndStatitics(smkVrs4bUnicastUdpMp4Out, start)">jobStartAndStatitics(smkVrs4bUnicastUdpMp4Out, start)</a> <!-- method navigator-link -->
                      </span>
                      <br/>
                      <span>
                        <img width="3%" src="passed.png"/>
                        <a href="#" class="method navigator-link" panel-name="suite-Default_suite" title="testCasesSmoke.TestCasesRunning.Datadriver" hash-for-method="jobStartAndStatitics(SmkVrs41ScteCueOuInFileInRawOut, start)">jobStartAndStatitics(SmkVrs41ScteCueOuInFileInRawOut, start)</a> <!-- method navigator-link -->
                      </span>
                      <br/>
                      <span>
                        <img width="3%" src="passed.png"/>
                        <a href="#" class="method navigator-link" panel-name="suite-Default_suite" title="testCasesSmoke.TestCasesRunning.Datadriver" hash-for-method="jobStartAndStatitics(SmkVrs42ScteInbandRawOutHls, start)">jobStartAndStatitics(SmkVrs42ScteInbandRawOutHls, start)</a> <!-- method navigator-link -->
                      </span>
                      <br/>
                      <span>
                        <img width="3%" src="passed.png"/>
                        <a href="#" class="method navigator-link" panel-name="suite-Default_suite" title="testCasesSmoke.TestCasesRunning.Datadriver" hash-for-method="jobStartAndStatitics(SmkVrs34ScteCueOuInUdpInRawOut, start)">jobStartAndStatitics(SmkVrs34ScteCueOuInUdpInRawOut, start)</a> <!-- method navigator-link -->
                      </span>
                      <br/>
                      <span>
                        <img width="3%" src="passed.png"/>
                        <a href="#" class="method navigator-link" panel-name="suite-Default_suite" title="testCasesSmoke.TestCasesRunning.Datadriver" hash-for-method="jobStartAndStatitics(smkVrs4aBmdInMultiOut, start)">jobStartAndStatitics(smkVrs4aBmdInMultiOut, start)</a> <!-- method navigator-link -->
                      </span>
                      <br/>
                      <span>
                        <img width="3%" src="passed.png"/>
                        <a href="#" class="method navigator-link" panel-name="suite-Default_suite" title="testCasesSmoke.TestCasesRunning.Datadriver" hash-for-method="jobStartAndStatitics(SmkVrs44ScteInbandRawOutHls, stop)">jobStartAndStatitics(SmkVrs44ScteInbandRawOutHls, stop)</a> <!-- method navigator-link -->
                      </span>
                      <br/>
                      <span>
                        <img width="3%" src="passed.png"/>
                        <a href="#" class="method navigator-link" panel-name="suite-Default_suite" title="testCasesSmoke.TestCasesRunning.Datadriver" hash-for-method="jobStartAndStatitics(smkVrs4cRtmpInMp4Out, start)">jobStartAndStatitics(smkVrs4cRtmpInMp4Out, start)</a> <!-- method navigator-link -->
                      </span>
                      <br/>
                      <span>
                        <img width="3%" src="passed.png"/>
                        <a href="#" class="method navigator-link" panel-name="suite-Default_suite" title="testCasesSmoke.TestCasesRunning.Datadriver" hash-for-method="jobStartAndStatitics(smkVrs4aBmdInMultiOut, stop)">jobStartAndStatitics(smkVrs4aBmdInMultiOut, stop)</a> <!-- method navigator-link -->
                      </span>
                      <br/>
                      <span>
                        <img width="3%" src="passed.png"/>
                        <a href="#" class="method navigator-link" panel-name="suite-Default_suite" title="testCasesSmoke.TestCasesRunning.Datadriver" hash-for-method="jobStartAndStatitics(SmkVrs44ScteInbandRawOutHls, start)">jobStartAndStatitics(SmkVrs44ScteInbandRawOutHls, start)</a> <!-- method navigator-link -->
                      </span>
                      <br/>
                      <span>
                        <img width="3%" src="passed.png"/>
                        <a href="#" class="method navigator-link" panel-name="suite-Default_suite" title="testCasesSmoke.TestCasesRunning.Datadriver" hash-for-method="jobStartAndStatitics(SmkVrs62MgwlInHlsndUdpOut, start)">jobStartAndStatitics(SmkVrs62MgwlInHlsndUdpOut, start)</a> <!-- method navigator-link -->
                      </span>
                      <br/>
                      <span>
                        <img width="3%" src="passed.png"/>
                        <a href="#" class="method navigator-link" panel-name="suite-Default_suite" title="testCasesSmoke.TestCasesRunning.Datadriver" hash-for-method="jobStartAndStatitics(Smkvrs66HttpInRawOut, start)">jobStartAndStatitics(Smkvrs66HttpInRawOut, start)</a> <!-- method navigator-link -->
                      </span>
                      <br/>
                      <span>
                        <img width="3%" src="passed.png"/>
                        <a href="#" class="method navigator-link" panel-name="suite-Default_suite" title="testCasesSmoke.TestCasesRunning.Datadriver" hash-for-method="jobStartAndStatitics(smkVrs48MgwlInHlsMp4UserDe, start)">jobStartAndStatitics(smkVrs48MgwlInHlsMp4UserDe, start)</a> <!-- method navigator-link -->
                      </span>
                      <br/>
                      <span>
                        <img width="3%" src="passed.png"/>
                        <a href="#" class="method navigator-link" panel-name="suite-Default_suite" title="testCasesSmoke.TestCasesRunning.Datadriver" hash-for-method="jobStartAndStatitics(SmkVrs65aMgwlInUDPpTSbasPCR, start)">jobStartAndStatitics(SmkVrs65aMgwlInUDPpTSbasPCR, start)</a> <!-- method navigator-link -->
                      </span>
                      <br/>
                      <span>
                        <img width="3%" src="passed.png"/>
                        <a href="#" class="method navigator-link" panel-name="suite-Default_suite" title="testCasesSmoke.TestCasesRunning.Datadriver" hash-for-method="jobStartAndStatitics(SmkVrs50VportRawInUDpuni, start)">jobStartAndStatitics(SmkVrs50VportRawInUDpuni, start)</a> <!-- method navigator-link -->
                      </span>
                      <br/>
                      <span>
                        <img width="3%" src="passed.png"/>
                        <a href="#" class="method navigator-link" panel-name="suite-Default_suite" title="testCasesSmoke.TestCasesRunning.Datadriver" hash-for-method="jobStartAndStatitics(SmkVrs46MgwlInDash, start)">jobStartAndStatitics(SmkVrs46MgwlInDash, start)</a> <!-- method navigator-link -->
                      </span>
                      <br/>
                      <span>
                        <img width="3%" src="passed.png"/>
                        <a href="#" class="method navigator-link" panel-name="suite-Default_suite" title="testCasesSmoke.TestCasesRunning.Datadriver" hash-for-method="jobStartAndStatitics(SmkVrs45MgwlInHls, start)">jobStartAndStatitics(SmkVrs45MgwlInHls, start)</a> <!-- method navigator-link -->
                      </span>
                      <br/>
                      <span>
                        <img width="3%" src="passed.png"/>
                        <a href="#" class="method navigator-link" panel-name="suite-Default_suite" title="testCasesSmoke.TestCasesRunning.Datadriver" hash-for-method="jobStartAndStatitics(SmkVrs49MagewlInRtmpOut, stop)">jobStartAndStatitics(SmkVrs49MagewlInRtmpOut, stop)</a> <!-- method navigator-link -->
                      </span>
                      <br/>
                    </div> <!-- method-list-content passed suite-Default_suite -->
                  </li>
                </ul>
              </div> <!-- suite-section-content -->
            </div> <!-- result-section -->
          </div> <!-- navigator-suite-content -->
        </div> <!-- rounded-window -->
      </div> <!-- suite -->
    </div> <!-- navigator-root -->
    <div class="wrapper">
      <div class="main-panel-root">
        <div panel-name="suite-Default_suite" class="panel Default_suite">
          <div class="suite-Default_suite-class-failed">
            <div class="main-panel-header rounded-window-top">
              <img src="failed.png"/>
              <span class="class-name">testCasesSmoke.TestCasesRunning.Datadriver</span>
            </div> <!-- main-panel-header rounded-window-top -->
            <div class="main-panel-content rounded-window-bottom">
              <div class="method">
                <div class="method-content">
                  <a name="jobStartAndStatitics(SmkVrs40SctePerodicRawInHls, stop)">
                  </a> <!-- jobStartAndStatitics(SmkVrs40SctePerodicRawInHls, stop) -->
                  <span class="method-name">jobStartAndStatitics</span>
                  <span class="parameters">(SmkVrs40SctePerodicRawInHls, stop)</span>
                  <div class="stack-trace">org.openqa.selenium.NoSuchElementException: no such element: Unable to locate element: {&quot;method&quot;:&quot;xpath&quot;,&quot;selector&quot;:&quot;//a[@data-job_name=&apos;SmkVrs40SctePerodicRawInHls&apos; and @data-type=&apos;stop&apos;]&quot;}
  (Session info: chrome=72.0.3626.121)
  (Driver info: chromedriver=2.41.578737 (49da6702b16031c40d63e5618de03a32ff6c197e),platform=Windows NT 6.1.7600 x86_64) (WARNING: The server did not provide any stacktrace information)
Command duration or timeout: 0 milliseconds
For documentation on this error, please visit: http://seleniumhq.org/exceptions/no_such_element.html
Build info: version: &apos;3.14.0&apos;, revision: &apos;aacccce0&apos;, time: &apos;2018-08-02T20:19:58.91Z&apos;
System info: host: &apos;SR39-PC&apos;, ip: &apos;10.0.0.39&apos;, os.name: &apos;Windows 7&apos;, os.arch: &apos;amd64&apos;, os.version: &apos;6.1&apos;, java.version: &apos;1.8.0_92&apos;
Driver info: org.openqa.selenium.chrome.ChromeDriver
Capabilities {acceptInsecureCerts: false, acceptSslCerts: false, applicationCacheEnabled: false, browserConnectionEnabled: false, browserName: chrome, chrome: {chromedriverVersion: 2.41.578737 (49da6702b16031..., userDataDir: C:\Users\sr39\AppData\Local...}, cssSelectorsEnabled: true, databaseEnabled: false, goog:chromeOptions: {debuggerAddress: localhost:6515}, handlesAlerts: true, hasTouchScreen: false, javascriptEnabled: true, locationContextEnabled: true, mobileEmulationEnabled: false, nativeEvents: true, networkConnectionEnabled: false, pageLoadStrategy: normal, platform: XP, platformName: XP, rotatable: false, setWindowRect: true, takesHeapSnapshot: true, takesScreenshot: true, unexpectedAlertBehaviour: , unhandledPromptBehavior: , version: 72.0.3626.121, webStorageEnabled: true}
Session ID: 9c649cb5d8cea06818169765e6930d10
*** Element info: {Using=xpath, value=//a[@data-job_name=&apos;SmkVrs40SctePerodicRawInHls&apos; and @data-type=&apos;stop&apos;]}
	at sun.reflect.NativeConstructorAccessorImpl.newInstance0(Native Method)
	at sun.reflect.NativeConstructorAccessorImpl.newInstance(Unknown Source)
	at sun.reflect.DelegatingConstructorAccessorImpl.newInstance(Unknown Source)
	at java.lang.reflect.Constructor.newInstance(Unknown Source)
	at org.openqa.selenium.remote.ErrorHandler.createThrowable(ErrorHandler.java:214)
	at org.openqa.selenium.remote.ErrorHandler.throwIfResponseFailed(ErrorHandler.java:166)
	at org.openqa.selenium.remote.http.JsonHttpResponseCodec.reconstructValue(JsonHttpResponseCodec.java:40)
	at org.openqa.selenium.remote.http.AbstractHttpResponseCodec.decode(AbstractHttpResponseCodec.java:80)
	at org.openqa.selenium.remote.http.AbstractHttpResponseCodec.decode(AbstractHttpResponseCodec.java:44)
	at org.openqa.selenium.remote.HttpCommandExecutor.execute(HttpCommandExecutor.java:158)
	at org.openqa.selenium.remote.service.DriverCommandExecutor.execute(DriverCommandExecutor.java:83)
	at org.openqa.selenium.remote.RemoteWebDriver.execute(RemoteWebDriver.java:548)
	at org.openqa.selenium.remote.RemoteWebDriver.findElement(RemoteWebDriver.java:322)
	at org.openqa.selenium.remote.RemoteWebDriver.findElementByXPath(RemoteWebDriver.java:424)
	at org.openqa.selenium.By$ByXPath.findElement(By.java:353)
	at org.openqa.selenium.remote.RemoteWebDriver.findElement(RemoteWebDriver.java:314)
	at testCasesSmoke.TestCasesRunning.Datadriver.jobStartAndStatitics(Datadriver.java:35)
	at sun.reflect.GeneratedMethodAccessor1.invoke(Unknown Source)
	at sun.reflect.DelegatingMethodAccessorImpl.invoke(Unknown Source)
	at java.lang.reflect.Method.invoke(Unknown Source)
	at org.testng.internal.MethodInvocationHelper.invokeMethod(MethodInvocationHelper.java:84)
	at org.testng.internal.Invoker.invokeMethod(Invoker.java:714)
	at org.testng.internal.Invoker.invokeTestMethod(Invoker.java:901)
	at org.testng.internal.Invoker.invokeTestMethods(Invoker.java:1231)
	at org.testng.internal.TestMethodWorker.invokeTestMethods(TestMethodWorker.java:127)
	at org.testng.internal.TestMethodWorker.run(TestMethodWorker.java:111)
	at org.testng.TestRunner.privateRun(TestRunner.java:767)
	at org.testng.TestRunner.run(TestRunner.java:617)
	at org.testng.SuiteRunner.runTest(SuiteRunner.java:348)
	at org.testng.SuiteRunner.runSequentially(SuiteRunner.java:343)
	at org.testng.SuiteRunner.privateRun(SuiteRunner.java:305)
	at org.testng.SuiteRunner.run(SuiteRunner.java:254)
	at org.testng.SuiteRunnerWorker.runSuite(SuiteRunnerWorker.java:52)
	at org.testng.SuiteRunnerWorker.run(SuiteRunnerWorker.java:86)
	at org.testng.TestNG.runSuitesSequentially(TestNG.java:1224)
	at org.testng.TestNG.runSuitesLocally(TestNG.java:1149)
	at org.testng.TestNG.run(TestNG.java:1057)
	at org.testng.remote.AbstractRemoteTestNG.run(AbstractRemoteTestNG.java:132)
	at org.testng.remote.RemoteTestNG.initAndRun(RemoteTestNG.java:230)
	at org.testng.remote.RemoteTestNG.main(RemoteTestNG.java:76)

</div> <!-- stack-trace -->
                </div> <!-- method-content -->
              </div> <!-- method -->
              <div class="method">
                <div class="method-content">
                  <a name="jobStartAndStatitics(SmkVrs35ScteCueOuDuraUdpInRawOut, start)">
                  </a> <!-- jobStartAndStatitics(SmkVrs35ScteCueOuDuraUdpInRawOut, start) -->
                  <span class="method-name">jobStartAndStatitics</span>
                  <span class="parameters">(SmkVrs35ScteCueOuDuraUdpInRawOut, start)</span>
                  <div class="stack-trace">org.openqa.selenium.NoSuchElementException: no such element: Unable to locate element: {&quot;method&quot;:&quot;xpath&quot;,&quot;selector&quot;:&quot;//a[@data-job_name=&apos;SmkVrs35ScteCueOuDuraUdpInRawOut&apos; and @data-type=&apos;start&apos;]&quot;}
  (Session info: chrome=72.0.3626.121)
  (Driver info: chromedriver=2.41.578737 (49da6702b16031c40d63e5618de03a32ff6c197e),platform=Windows NT 6.1.7600 x86_64) (WARNING: The server did not provide any stacktrace information)
Command duration or timeout: 0 milliseconds
For documentation on this error, please visit: http://seleniumhq.org/exceptions/no_such_element.html
Build info: version: &apos;3.14.0&apos;, revision: &apos;aacccce0&apos;, time: &apos;2018-08-02T20:19:58.91Z&apos;
System info: host: &apos;SR39-PC&apos;, ip: &apos;10.0.0.39&apos;, os.name: &apos;Windows 7&apos;, os.arch: &apos;amd64&apos;, os.version: &apos;6.1&apos;, java.version: &apos;1.8.0_92&apos;
Driver info: org.openqa.selenium.chrome.ChromeDriver
Capabilities {acceptInsecureCerts: false, acceptSslCerts: false, applicationCacheEnabled: false, browserConnectionEnabled: false, browserName: chrome, chrome: {chromedriverVersion: 2.41.578737 (49da6702b16031..., userDataDir: C:\Users\sr39\AppData\Local...}, cssSelectorsEnabled: true, databaseEnabled: false, goog:chromeOptions: {debuggerAddress: localhost:6515}, handlesAlerts: true, hasTouchScreen: false, javascriptEnabled: true, locationContextEnabled: true, mobileEmulationEnabled: false, nativeEvents: true, networkConnectionEnabled: false, pageLoadStrategy: normal, platform: XP, platformName: XP, rotatable: false, setWindowRect: true, takesHeapSnapshot: true, takesScreenshot: true, unexpectedAlertBehaviour: , unhandledPromptBehavior: , version: 72.0.3626.121, webStorageEnabled: true}
Session ID: 9c649cb5d8cea06818169765e6930d10
*** Element info: {Using=xpath, value=//a[@data-job_name=&apos;SmkVrs35ScteCueOuDuraUdpInRawOut&apos; and @data-type=&apos;start&apos;]}
	at sun.reflect.NativeConstructorAccessorImpl.newInstance0(Native Method)
	at sun.reflect.NativeConstructorAccessorImpl.newInstance(Unknown Source)
	at sun.reflect.DelegatingConstructorAccessorImpl.newInstance(Unknown Source)
	at java.lang.reflect.Constructor.newInstance(Unknown Source)
	at org.openqa.selenium.remote.ErrorHandler.createThrowable(ErrorHandler.java:214)
	at org.openqa.selenium.remote.ErrorHandler.throwIfResponseFailed(ErrorHandler.java:166)
	at org.openqa.selenium.remote.http.JsonHttpResponseCodec.reconstructValue(JsonHttpResponseCodec.java:40)
	at org.openqa.selenium.remote.http.AbstractHttpResponseCodec.decode(AbstractHttpResponseCodec.java:80)
	at org.openqa.selenium.remote.http.AbstractHttpResponseCodec.decode(AbstractHttpResponseCodec.java:44)
	at org.openqa.selenium.remote.HttpCommandExecutor.execute(HttpCommandExecutor.java:158)
	at org.openqa.selenium.remote.service.DriverCommandExecutor.execute(DriverCommandExecutor.java:83)
	at org.openqa.selenium.remote.RemoteWebDriver.execute(RemoteWebDriver.java:548)
	at org.openqa.selenium.remote.RemoteWebDriver.findElement(RemoteWebDriver.java:322)
	at org.openqa.selenium.remote.RemoteWebDriver.findElementByXPath(RemoteWebDriver.java:424)
	at org.openqa.selenium.By$ByXPath.findElement(By.java:353)
	at org.openqa.selenium.remote.RemoteWebDriver.findElement(RemoteWebDriver.java:314)
	at testCasesSmoke.TestCasesRunning.Datadriver.jobStartAndStatitics(Datadriver.java:35)
	at sun.reflect.NativeMethodAccessorImpl.invoke0(Native Method)
	at sun.reflect.NativeMethodAccessorImpl.invoke(Unknown Source)
	at sun.reflect.DelegatingMethodAccessorImpl.invoke(Unknown Source)
	at java.lang.reflect.Method.invoke(Unknown Source)
	at org.testng.internal.MethodInvocationHelper.invokeMethod(MethodInvocationHelper.java:84)
	at org.testng.internal.Invoker.invokeMethod(Invoker.java:714)
	at org.testng.internal.Invoker.invokeTestMethod(Invoker.java:901)
	at org.testng.internal.Invoker.invokeTestMethods(Invoker.java:1231)
	at org.testng.internal.TestMethodWorker.invokeTestMethods(TestMethodWorker.java:127)
	at org.testng.internal.TestMethodWorker.run(TestMethodWorker.java:111)
	at org.testng.TestRunner.privateRun(TestRunner.java:767)
	at org.testng.TestRunner.run(TestRunner.java:617)
	at org.testng.SuiteRunner.runTest(SuiteRunner.java:348)
	at org.testng.SuiteRunner.runSequentially(SuiteRunner.java:343)
	at org.testng.SuiteRunner.privateRun(SuiteRunner.java:305)
	at org.testng.SuiteRunner.run(SuiteRunner.java:254)
	at org.testng.SuiteRunnerWorker.runSuite(SuiteRunnerWorker.java:52)
	at org.testng.SuiteRunnerWorker.run(SuiteRunnerWorker.java:86)
	at org.testng.TestNG.runSuitesSequentially(TestNG.java:1224)
	at org.testng.TestNG.runSuitesLocally(TestNG.java:1149)
	at org.testng.TestNG.run(TestNG.java:1057)
	at org.testng.remote.AbstractRemoteTestNG.run(AbstractRemoteTestNG.java:132)
	at org.testng.remote.RemoteTestNG.initAndRun(RemoteTestNG.java:230)
	at org.testng.remote.RemoteTestNG.main(RemoteTestNG.java:76)

</div> <!-- stack-trace -->
                </div> <!-- method-content -->
              </div> <!-- method -->
              <div class="method">
                <div class="method-content">
                  <a name="jobStartAndStatitics(SmkVrs46MgwlInDash, stop)">
                  </a> <!-- jobStartAndStatitics(SmkVrs46MgwlInDash, stop) -->
                  <span class="method-name">jobStartAndStatitics</span>
                  <span class="parameters">(SmkVrs46MgwlInDash, stop)</span>
                  <div class="stack-trace">org.openqa.selenium.NoSuchElementException: no such element: Unable to locate element: {&quot;method&quot;:&quot;xpath&quot;,&quot;selector&quot;:&quot;//a[@data-job_name=&apos;SmkVrs46MgwlInDash&apos; and @data-type=&apos;stop&apos;]&quot;}
  (Session info: chrome=72.0.3626.121)
  (Driver info: chromedriver=2.41.578737 (49da6702b16031c40d63e5618de03a32ff6c197e),platform=Windows NT 6.1.7600 x86_64) (WARNING: The server did not provide any stacktrace information)
Command duration or timeout: 0 milliseconds
For documentation on this error, please visit: http://seleniumhq.org/exceptions/no_such_element.html
Build info: version: &apos;3.14.0&apos;, revision: &apos;aacccce0&apos;, time: &apos;2018-08-02T20:19:58.91Z&apos;
System info: host: &apos;SR39-PC&apos;, ip: &apos;10.0.0.39&apos;, os.name: &apos;Windows 7&apos;, os.arch: &apos;amd64&apos;, os.version: &apos;6.1&apos;, java.version: &apos;1.8.0_92&apos;
Driver info: org.openqa.selenium.chrome.ChromeDriver
Capabilities {acceptInsecureCerts: false, acceptSslCerts: false, applicationCacheEnabled: false, browserConnectionEnabled: false, browserName: chrome, chrome: {chromedriverVersion: 2.41.578737 (49da6702b16031..., userDataDir: C:\Users\sr39\AppData\Local...}, cssSelectorsEnabled: true, databaseEnabled: false, goog:chromeOptions: {debuggerAddress: localhost:6515}, handlesAlerts: true, hasTouchScreen: false, javascriptEnabled: true, locationContextEnabled: true, mobileEmulationEnabled: false, nativeEvents: true, networkConnectionEnabled: false, pageLoadStrategy: normal, platform: XP, platformName: XP, rotatable: false, setWindowRect: true, takesHeapSnapshot: true, takesScreenshot: true, unexpectedAlertBehaviour: , unhandledPromptBehavior: , version: 72.0.3626.121, webStorageEnabled: true}
Session ID: 9c649cb5d8cea06818169765e6930d10
*** Element info: {Using=xpath, value=//a[@data-job_name=&apos;SmkVrs46MgwlInDash&apos; and @data-type=&apos;stop&apos;]}
	at sun.reflect.NativeConstructorAccessorImpl.newInstance0(Native Method)
	at sun.reflect.NativeConstructorAccessorImpl.newInstance(Unknown Source)
	at sun.reflect.DelegatingConstructorAccessorImpl.newInstance(Unknown Source)
	at java.lang.reflect.Constructor.newInstance(Unknown Source)
	at org.openqa.selenium.remote.ErrorHandler.createThrowable(ErrorHandler.java:214)
	at org.openqa.selenium.remote.ErrorHandler.throwIfResponseFailed(ErrorHandler.java:166)
	at org.openqa.selenium.remote.http.JsonHttpResponseCodec.reconstructValue(JsonHttpResponseCodec.java:40)
	at org.openqa.selenium.remote.http.AbstractHttpResponseCodec.decode(AbstractHttpResponseCodec.java:80)
	at org.openqa.selenium.remote.http.AbstractHttpResponseCodec.decode(AbstractHttpResponseCodec.java:44)
	at org.openqa.selenium.remote.HttpCommandExecutor.execute(HttpCommandExecutor.java:158)
	at org.openqa.selenium.remote.service.DriverCommandExecutor.execute(DriverCommandExecutor.java:83)
	at org.openqa.selenium.remote.RemoteWebDriver.execute(RemoteWebDriver.java:548)
	at org.openqa.selenium.remote.RemoteWebDriver.findElement(RemoteWebDriver.java:322)
	at org.openqa.selenium.remote.RemoteWebDriver.findElementByXPath(RemoteWebDriver.java:424)
	at org.openqa.selenium.By$ByXPath.findElement(By.java:353)
	at org.openqa.selenium.remote.RemoteWebDriver.findElement(RemoteWebDriver.java:314)
	at testCasesSmoke.TestCasesRunning.Datadriver.jobStartAndStatitics(Datadriver.java:35)
	at sun.reflect.GeneratedMethodAccessor1.invoke(Unknown Source)
	at sun.reflect.DelegatingMethodAccessorImpl.invoke(Unknown Source)
	at java.lang.reflect.Method.invoke(Unknown Source)
	at org.testng.internal.MethodInvocationHelper.invokeMethod(MethodInvocationHelper.java:84)
	at org.testng.internal.Invoker.invokeMethod(Invoker.java:714)
	at org.testng.internal.Invoker.invokeTestMethod(Invoker.java:901)
	at org.testng.internal.Invoker.invokeTestMethods(Invoker.java:1231)
	at org.testng.internal.TestMethodWorker.invokeTestMethods(TestMethodWorker.java:127)
	at org.testng.internal.TestMethodWorker.run(TestMethodWorker.java:111)
	at org.testng.TestRunner.privateRun(TestRunner.java:767)
	at org.testng.TestRunner.run(TestRunner.java:617)
	at org.testng.SuiteRunner.runTest(SuiteRunner.java:348)
	at org.testng.SuiteRunner.runSequentially(SuiteRunner.java:343)
	at org.testng.SuiteRunner.privateRun(SuiteRunner.java:305)
	at org.testng.SuiteRunner.run(SuiteRunner.java:254)
	at org.testng.SuiteRunnerWorker.runSuite(SuiteRunnerWorker.java:52)
	at org.testng.SuiteRunnerWorker.run(SuiteRunnerWorker.java:86)
	at org.testng.TestNG.runSuitesSequentially(TestNG.java:1224)
	at org.testng.TestNG.runSuitesLocally(TestNG.java:1149)
	at org.testng.TestNG.run(TestNG.java:1057)
	at org.testng.remote.AbstractRemoteTestNG.run(AbstractRemoteTestNG.java:132)
	at org.testng.remote.RemoteTestNG.initAndRun(RemoteTestNG.java:230)
	at org.testng.remote.RemoteTestNG.main(RemoteTestNG.java:76)

</div> <!-- stack-trace -->
                </div> <!-- method-content -->
              </div> <!-- method -->
              <div class="method">
                <div class="method-content">
                  <a name="jobStartAndStatitics(SmkVrs65aMgwlInUDPpTSbasPCR, stop)">
                  </a> <!-- jobStartAndStatitics(SmkVrs65aMgwlInUDPpTSbasPCR, stop) -->
                  <span class="method-name">jobStartAndStatitics</span>
                  <span class="parameters">(SmkVrs65aMgwlInUDPpTSbasPCR, stop)</span>
                  <div class="stack-trace">org.openqa.selenium.NoSuchElementException: no such element: Unable to locate element: {&quot;method&quot;:&quot;xpath&quot;,&quot;selector&quot;:&quot;//a[@data-job_name=&apos;SmkVrs65aMgwlInUDPpTSbasPCR&apos; and @data-type=&apos;stop&apos;]&quot;}
  (Session info: chrome=72.0.3626.121)
  (Driver info: chromedriver=2.41.578737 (49da6702b16031c40d63e5618de03a32ff6c197e),platform=Windows NT 6.1.7600 x86_64) (WARNING: The server did not provide any stacktrace information)
Command duration or timeout: 0 milliseconds
For documentation on this error, please visit: http://seleniumhq.org/exceptions/no_such_element.html
Build info: version: &apos;3.14.0&apos;, revision: &apos;aacccce0&apos;, time: &apos;2018-08-02T20:19:58.91Z&apos;
System info: host: &apos;SR39-PC&apos;, ip: &apos;10.0.0.39&apos;, os.name: &apos;Windows 7&apos;, os.arch: &apos;amd64&apos;, os.version: &apos;6.1&apos;, java.version: &apos;1.8.0_92&apos;
Driver info: org.openqa.selenium.chrome.ChromeDriver
Capabilities {acceptInsecureCerts: false, acceptSslCerts: false, applicationCacheEnabled: false, browserConnectionEnabled: false, browserName: chrome, chrome: {chromedriverVersion: 2.41.578737 (49da6702b16031..., userDataDir: C:\Users\sr39\AppData\Local...}, cssSelectorsEnabled: true, databaseEnabled: false, goog:chromeOptions: {debuggerAddress: localhost:6515}, handlesAlerts: true, hasTouchScreen: false, javascriptEnabled: true, locationContextEnabled: true, mobileEmulationEnabled: false, nativeEvents: true, networkConnectionEnabled: false, pageLoadStrategy: normal, platform: XP, platformName: XP, rotatable: false, setWindowRect: true, takesHeapSnapshot: true, takesScreenshot: true, unexpectedAlertBehaviour: , unhandledPromptBehavior: , version: 72.0.3626.121, webStorageEnabled: true}
Session ID: 9c649cb5d8cea06818169765e6930d10
*** Element info: {Using=xpath, value=//a[@data-job_name=&apos;SmkVrs65aMgwlInUDPpTSbasPCR&apos; and @data-type=&apos;stop&apos;]}
	at sun.reflect.NativeConstructorAccessorImpl.newInstance0(Native Method)
	at sun.reflect.NativeConstructorAccessorImpl.newInstance(Unknown Source)
	at sun.reflect.DelegatingConstructorAccessorImpl.newInstance(Unknown Source)
	at java.lang.reflect.Constructor.newInstance(Unknown Source)
	at org.openqa.selenium.remote.ErrorHandler.createThrowable(ErrorHandler.java:214)
	at org.openqa.selenium.remote.ErrorHandler.throwIfResponseFailed(ErrorHandler.java:166)
	at org.openqa.selenium.remote.http.JsonHttpResponseCodec.reconstructValue(JsonHttpResponseCodec.java:40)
	at org.openqa.selenium.remote.http.AbstractHttpResponseCodec.decode(AbstractHttpResponseCodec.java:80)
	at org.openqa.selenium.remote.http.AbstractHttpResponseCodec.decode(AbstractHttpResponseCodec.java:44)
	at org.openqa.selenium.remote.HttpCommandExecutor.execute(HttpCommandExecutor.java:158)
	at org.openqa.selenium.remote.service.DriverCommandExecutor.execute(DriverCommandExecutor.java:83)
	at org.openqa.selenium.remote.RemoteWebDriver.execute(RemoteWebDriver.java:548)
	at org.openqa.selenium.remote.RemoteWebDriver.findElement(RemoteWebDriver.java:322)
	at org.openqa.selenium.remote.RemoteWebDriver.findElementByXPath(RemoteWebDriver.java:424)
	at org.openqa.selenium.By$ByXPath.findElement(By.java:353)
	at org.openqa.selenium.remote.RemoteWebDriver.findElement(RemoteWebDriver.java:314)
	at testCasesSmoke.TestCasesRunning.Datadriver.jobStartAndStatitics(Datadriver.java:35)
	at sun.reflect.GeneratedMethodAccessor1.invoke(Unknown Source)
	at sun.reflect.DelegatingMethodAccessorImpl.invoke(Unknown Source)
	at java.lang.reflect.Method.invoke(Unknown Source)
	at org.testng.internal.MethodInvocationHelper.invokeMethod(MethodInvocationHelper.java:84)
	at org.testng.internal.Invoker.invokeMethod(Invoker.java:714)
	at org.testng.internal.Invoker.invokeTestMethod(Invoker.java:901)
	at org.testng.internal.Invoker.invokeTestMethods(Invoker.java:1231)
	at org.testng.internal.TestMethodWorker.invokeTestMethods(TestMethodWorker.java:127)
	at org.testng.internal.TestMethodWorker.run(TestMethodWorker.java:111)
	at org.testng.TestRunner.privateRun(TestRunner.java:767)
	at org.testng.TestRunner.run(TestRunner.java:617)
	at org.testng.SuiteRunner.runTest(SuiteRunner.java:348)
	at org.testng.SuiteRunner.runSequentially(SuiteRunner.java:343)
	at org.testng.SuiteRunner.privateRun(SuiteRunner.java:305)
	at org.testng.SuiteRunner.run(SuiteRunner.java:254)
	at org.testng.SuiteRunnerWorker.runSuite(SuiteRunnerWorker.java:52)
	at org.testng.SuiteRunnerWorker.run(SuiteRunnerWorker.java:86)
	at org.testng.TestNG.runSuitesSequentially(TestNG.java:1224)
	at org.testng.TestNG.runSuitesLocally(TestNG.java:1149)
	at org.testng.TestNG.run(TestNG.java:1057)
	at org.testng.remote.AbstractRemoteTestNG.run(AbstractRemoteTestNG.java:132)
	at org.testng.remote.RemoteTestNG.initAndRun(RemoteTestNG.java:230)
	at org.testng.remote.RemoteTestNG.main(RemoteTestNG.java:76)

</div> <!-- stack-trace -->
                </div> <!-- method-content -->
              </div> <!-- method -->
              <div class="method">
                <div class="method-content">
                  <a name="jobStartAndStatitics(SmkXport47Magewell_UDP, stop)">
                  </a> <!-- jobStartAndStatitics(SmkXport47Magewell_UDP, stop) -->
                  <span class="method-name">jobStartAndStatitics</span>
                  <span class="parameters">(SmkXport47Magewell_UDP, stop)</span>
                  <div class="stack-trace">org.openqa.selenium.NoSuchElementException: no such element: Unable to locate element: {&quot;method&quot;:&quot;xpath&quot;,&quot;selector&quot;:&quot;//a[@data-job_name=&apos;SmkXport47Magewell_UDP&apos; and @data-type=&apos;stop&apos;]&quot;}
  (Session info: chrome=72.0.3626.121)
  (Driver info: chromedriver=2.41.578737 (49da6702b16031c40d63e5618de03a32ff6c197e),platform=Windows NT 6.1.7600 x86_64) (WARNING: The server did not provide any stacktrace information)
Command duration or timeout: 0 milliseconds
For documentation on this error, please visit: http://seleniumhq.org/exceptions/no_such_element.html
Build info: version: &apos;3.14.0&apos;, revision: &apos;aacccce0&apos;, time: &apos;2018-08-02T20:19:58.91Z&apos;
System info: host: &apos;SR39-PC&apos;, ip: &apos;10.0.0.39&apos;, os.name: &apos;Windows 7&apos;, os.arch: &apos;amd64&apos;, os.version: &apos;6.1&apos;, java.version: &apos;1.8.0_92&apos;
Driver info: org.openqa.selenium.chrome.ChromeDriver
Capabilities {acceptInsecureCerts: false, acceptSslCerts: false, applicationCacheEnabled: false, browserConnectionEnabled: false, browserName: chrome, chrome: {chromedriverVersion: 2.41.578737 (49da6702b16031..., userDataDir: C:\Users\sr39\AppData\Local...}, cssSelectorsEnabled: true, databaseEnabled: false, goog:chromeOptions: {debuggerAddress: localhost:6515}, handlesAlerts: true, hasTouchScreen: false, javascriptEnabled: true, locationContextEnabled: true, mobileEmulationEnabled: false, nativeEvents: true, networkConnectionEnabled: false, pageLoadStrategy: normal, platform: XP, platformName: XP, rotatable: false, setWindowRect: true, takesHeapSnapshot: true, takesScreenshot: true, unexpectedAlertBehaviour: , unhandledPromptBehavior: , version: 72.0.3626.121, webStorageEnabled: true}
Session ID: 9c649cb5d8cea06818169765e6930d10
*** Element info: {Using=xpath, value=//a[@data-job_name=&apos;SmkXport47Magewell_UDP&apos; and @data-type=&apos;stop&apos;]}
	at sun.reflect.NativeConstructorAccessorImpl.newInstance0(Native Method)
	at sun.reflect.NativeConstructorAccessorImpl.newInstance(Unknown Source)
	at sun.reflect.DelegatingConstructorAccessorImpl.newInstance(Unknown Source)
	at java.lang.reflect.Constructor.newInstance(Unknown Source)
	at org.openqa.selenium.remote.ErrorHandler.createThrowable(ErrorHandler.java:214)
	at org.openqa.selenium.remote.ErrorHandler.throwIfResponseFailed(ErrorHandler.java:166)
	at org.openqa.selenium.remote.http.JsonHttpResponseCodec.reconstructValue(JsonHttpResponseCodec.java:40)
	at org.openqa.selenium.remote.http.AbstractHttpResponseCodec.decode(AbstractHttpResponseCodec.java:80)
	at org.openqa.selenium.remote.http.AbstractHttpResponseCodec.decode(AbstractHttpResponseCodec.java:44)
	at org.openqa.selenium.remote.HttpCommandExecutor.execute(HttpCommandExecutor.java:158)
	at org.openqa.selenium.remote.service.DriverCommandExecutor.execute(DriverCommandExecutor.java:83)
	at org.openqa.selenium.remote.RemoteWebDriver.execute(RemoteWebDriver.java:548)
	at org.openqa.selenium.remote.RemoteWebDriver.findElement(RemoteWebDriver.java:322)
	at org.openqa.selenium.remote.RemoteWebDriver.findElementByXPath(RemoteWebDriver.java:424)
	at org.openqa.selenium.By$ByXPath.findElement(By.java:353)
	at org.openqa.selenium.remote.RemoteWebDriver.findElement(RemoteWebDriver.java:314)
	at testCasesSmoke.TestCasesRunning.Datadriver.jobStartAndStatitics(Datadriver.java:35)
	at sun.reflect.GeneratedMethodAccessor1.invoke(Unknown Source)
	at sun.reflect.DelegatingMethodAccessorImpl.invoke(Unknown Source)
	at java.lang.reflect.Method.invoke(Unknown Source)
	at org.testng.internal.MethodInvocationHelper.invokeMethod(MethodInvocationHelper.java:84)
	at org.testng.internal.Invoker.invokeMethod(Invoker.java:714)
	at org.testng.internal.Invoker.invokeTestMethod(Invoker.java:901)
	at org.testng.internal.Invoker.invokeTestMethods(Invoker.java:1231)
	at org.testng.internal.TestMethodWorker.invokeTestMethods(TestMethodWorker.java:127)
	at org.testng.internal.TestMethodWorker.run(TestMethodWorker.java:111)
	at org.testng.TestRunner.privateRun(TestRunner.java:767)
	at org.testng.TestRunner.run(TestRunner.java:617)
	at org.testng.SuiteRunner.runTest(SuiteRunner.java:348)
	at org.testng.SuiteRunner.runSequentially(SuiteRunner.java:343)
	at org.testng.SuiteRunner.privateRun(SuiteRunner.java:305)
	at org.testng.SuiteRunner.run(SuiteRunner.java:254)
	at org.testng.SuiteRunnerWorker.runSuite(SuiteRunnerWorker.java:52)
	at org.testng.SuiteRunnerWorker.run(SuiteRunnerWorker.java:86)
	at org.testng.TestNG.runSuitesSequentially(TestNG.java:1224)
	at org.testng.TestNG.runSuitesLocally(TestNG.java:1149)
	at org.testng.TestNG.run(TestNG.java:1057)
	at org.testng.remote.AbstractRemoteTestNG.run(AbstractRemoteTestNG.java:132)
	at org.testng.remote.RemoteTestNG.initAndRun(RemoteTestNG.java:230)
	at org.testng.remote.RemoteTestNG.main(RemoteTestNG.java:76)

</div> <!-- stack-trace -->
                </div> <!-- method-content -->
              </div> <!-- method -->
              <div class="method">
                <div class="method-content">
                  <a name="jobStartAndStatitics(smkVrs4cRtmpInMp4Out, stop)">
                  </a> <!-- jobStartAndStatitics(smkVrs4cRtmpInMp4Out, stop) -->
                  <span class="method-name">jobStartAndStatitics</span>
                  <span class="parameters">(smkVrs4cRtmpInMp4Out, stop)</span>
                  <div class="stack-trace">org.openqa.selenium.NoSuchElementException: no such element: Unable to locate element: {&quot;method&quot;:&quot;xpath&quot;,&quot;selector&quot;:&quot;//a[@data-job_name=&apos;smkVrs4cRtmpInMp4Out&apos; and @data-type=&apos;stop&apos;]&quot;}
  (Session info: chrome=72.0.3626.121)
  (Driver info: chromedriver=2.41.578737 (49da6702b16031c40d63e5618de03a32ff6c197e),platform=Windows NT 6.1.7600 x86_64) (WARNING: The server did not provide any stacktrace information)
Command duration or timeout: 0 milliseconds
For documentation on this error, please visit: http://seleniumhq.org/exceptions/no_such_element.html
Build info: version: &apos;3.14.0&apos;, revision: &apos;aacccce0&apos;, time: &apos;2018-08-02T20:19:58.91Z&apos;
System info: host: &apos;SR39-PC&apos;, ip: &apos;10.0.0.39&apos;, os.name: &apos;Windows 7&apos;, os.arch: &apos;amd64&apos;, os.version: &apos;6.1&apos;, java.version: &apos;1.8.0_92&apos;
Driver info: org.openqa.selenium.chrome.ChromeDriver
Capabilities {acceptInsecureCerts: false, acceptSslCerts: false, applicationCacheEnabled: false, browserConnectionEnabled: false, browserName: chrome, chrome: {chromedriverVersion: 2.41.578737 (49da6702b16031..., userDataDir: C:\Users\sr39\AppData\Local...}, cssSelectorsEnabled: true, databaseEnabled: false, goog:chromeOptions: {debuggerAddress: localhost:6515}, handlesAlerts: true, hasTouchScreen: false, javascriptEnabled: true, locationContextEnabled: true, mobileEmulationEnabled: false, nativeEvents: true, networkConnectionEnabled: false, pageLoadStrategy: normal, platform: XP, platformName: XP, rotatable: false, setWindowRect: true, takesHeapSnapshot: true, takesScreenshot: true, unexpectedAlertBehaviour: , unhandledPromptBehavior: , version: 72.0.3626.121, webStorageEnabled: true}
Session ID: 9c649cb5d8cea06818169765e6930d10
*** Element info: {Using=xpath, value=//a[@data-job_name=&apos;smkVrs4cRtmpInMp4Out&apos; and @data-type=&apos;stop&apos;]}
	at sun.reflect.NativeConstructorAccessorImpl.newInstance0(Native Method)
	at sun.reflect.NativeConstructorAccessorImpl.newInstance(Unknown Source)
	at sun.reflect.DelegatingConstructorAccessorImpl.newInstance(Unknown Source)
	at java.lang.reflect.Constructor.newInstance(Unknown Source)
	at org.openqa.selenium.remote.ErrorHandler.createThrowable(ErrorHandler.java:214)
	at org.openqa.selenium.remote.ErrorHandler.throwIfResponseFailed(ErrorHandler.java:166)
	at org.openqa.selenium.remote.http.JsonHttpResponseCodec.reconstructValue(JsonHttpResponseCodec.java:40)
	at org.openqa.selenium.remote.http.AbstractHttpResponseCodec.decode(AbstractHttpResponseCodec.java:80)
	at org.openqa.selenium.remote.http.AbstractHttpResponseCodec.decode(AbstractHttpResponseCodec.java:44)
	at org.openqa.selenium.remote.HttpCommandExecutor.execute(HttpCommandExecutor.java:158)
	at org.openqa.selenium.remote.service.DriverCommandExecutor.execute(DriverCommandExecutor.java:83)
	at org.openqa.selenium.remote.RemoteWebDriver.execute(RemoteWebDriver.java:548)
	at org.openqa.selenium.remote.RemoteWebDriver.findElement(RemoteWebDriver.java:322)
	at org.openqa.selenium.remote.RemoteWebDriver.findElementByXPath(RemoteWebDriver.java:424)
	at org.openqa.selenium.By$ByXPath.findElement(By.java:353)
	at org.openqa.selenium.remote.RemoteWebDriver.findElement(RemoteWebDriver.java:314)
	at testCasesSmoke.TestCasesRunning.Datadriver.jobStartAndStatitics(Datadriver.java:35)
	at sun.reflect.NativeMethodAccessorImpl.invoke0(Native Method)
	at sun.reflect.NativeMethodAccessorImpl.invoke(Unknown Source)
	at sun.reflect.DelegatingMethodAccessorImpl.invoke(Unknown Source)
	at java.lang.reflect.Method.invoke(Unknown Source)
	at org.testng.internal.MethodInvocationHelper.invokeMethod(MethodInvocationHelper.java:84)
	at org.testng.internal.Invoker.invokeMethod(Invoker.java:714)
	at org.testng.internal.Invoker.invokeTestMethod(Invoker.java:901)
	at org.testng.internal.Invoker.invokeTestMethods(Invoker.java:1231)
	at org.testng.internal.TestMethodWorker.invokeTestMethods(TestMethodWorker.java:127)
	at org.testng.internal.TestMethodWorker.run(TestMethodWorker.java:111)
	at org.testng.TestRunner.privateRun(TestRunner.java:767)
	at org.testng.TestRunner.run(TestRunner.java:617)
	at org.testng.SuiteRunner.runTest(SuiteRunner.java:348)
	at org.testng.SuiteRunner.runSequentially(SuiteRunner.java:343)
	at org.testng.SuiteRunner.privateRun(SuiteRunner.java:305)
	at org.testng.SuiteRunner.run(SuiteRunner.java:254)
	at org.testng.SuiteRunnerWorker.runSuite(SuiteRunnerWorker.java:52)
	at org.testng.SuiteRunnerWorker.run(SuiteRunnerWorker.java:86)
	at org.testng.TestNG.runSuitesSequentially(TestNG.java:1224)
	at org.testng.TestNG.runSuitesLocally(TestNG.java:1149)
	at org.testng.TestNG.run(TestNG.java:1057)
	at org.testng.remote.AbstractRemoteTestNG.run(AbstractRemoteTestNG.java:132)
	at org.testng.remote.RemoteTestNG.initAndRun(RemoteTestNG.java:230)
	at org.testng.remote.RemoteTestNG.main(RemoteTestNG.java:76)

</div> <!-- stack-trace -->
                </div> <!-- method-content -->
              </div> <!-- method -->
              <div class="method">
                <div class="method-content">
                  <a name="jobStartAndStatitics(smkVrs25SwtrRawTestInHlsDashOut, stop)">
                  </a> <!-- jobStartAndStatitics(smkVrs25SwtrRawTestInHlsDashOut, stop) -->
                  <span class="method-name">jobStartAndStatitics</span>
                  <span class="parameters">(smkVrs25SwtrRawTestInHlsDashOut, stop)</span>
                  <div class="stack-trace">org.openqa.selenium.NoSuchElementException: no such element: Unable to locate element: {&quot;method&quot;:&quot;xpath&quot;,&quot;selector&quot;:&quot;//a[@data-job_name=&apos;smkVrs25SwtrRawTestInHlsDashOut&apos; and @data-type=&apos;stop&apos;]&quot;}
  (Session info: chrome=72.0.3626.121)
  (Driver info: chromedriver=2.41.578737 (49da6702b16031c40d63e5618de03a32ff6c197e),platform=Windows NT 6.1.7600 x86_64) (WARNING: The server did not provide any stacktrace information)
Command duration or timeout: 0 milliseconds
For documentation on this error, please visit: http://seleniumhq.org/exceptions/no_such_element.html
Build info: version: &apos;3.14.0&apos;, revision: &apos;aacccce0&apos;, time: &apos;2018-08-02T20:19:58.91Z&apos;
System info: host: &apos;SR39-PC&apos;, ip: &apos;10.0.0.39&apos;, os.name: &apos;Windows 7&apos;, os.arch: &apos;amd64&apos;, os.version: &apos;6.1&apos;, java.version: &apos;1.8.0_92&apos;
Driver info: org.openqa.selenium.chrome.ChromeDriver
Capabilities {acceptInsecureCerts: false, acceptSslCerts: false, applicationCacheEnabled: false, browserConnectionEnabled: false, browserName: chrome, chrome: {chromedriverVersion: 2.41.578737 (49da6702b16031..., userDataDir: C:\Users\sr39\AppData\Local...}, cssSelectorsEnabled: true, databaseEnabled: false, goog:chromeOptions: {debuggerAddress: localhost:6515}, handlesAlerts: true, hasTouchScreen: false, javascriptEnabled: true, locationContextEnabled: true, mobileEmulationEnabled: false, nativeEvents: true, networkConnectionEnabled: false, pageLoadStrategy: normal, platform: XP, platformName: XP, rotatable: false, setWindowRect: true, takesHeapSnapshot: true, takesScreenshot: true, unexpectedAlertBehaviour: , unhandledPromptBehavior: , version: 72.0.3626.121, webStorageEnabled: true}
Session ID: 9c649cb5d8cea06818169765e6930d10
*** Element info: {Using=xpath, value=//a[@data-job_name=&apos;smkVrs25SwtrRawTestInHlsDashOut&apos; and @data-type=&apos;stop&apos;]}
	at sun.reflect.NativeConstructorAccessorImpl.newInstance0(Native Method)
	at sun.reflect.NativeConstructorAccessorImpl.newInstance(Unknown Source)
	at sun.reflect.DelegatingConstructorAccessorImpl.newInstance(Unknown Source)
	at java.lang.reflect.Constructor.newInstance(Unknown Source)
	at org.openqa.selenium.remote.ErrorHandler.createThrowable(ErrorHandler.java:214)
	at org.openqa.selenium.remote.ErrorHandler.throwIfResponseFailed(ErrorHandler.java:166)
	at org.openqa.selenium.remote.http.JsonHttpResponseCodec.reconstructValue(JsonHttpResponseCodec.java:40)
	at org.openqa.selenium.remote.http.AbstractHttpResponseCodec.decode(AbstractHttpResponseCodec.java:80)
	at org.openqa.selenium.remote.http.AbstractHttpResponseCodec.decode(AbstractHttpResponseCodec.java:44)
	at org.openqa.selenium.remote.HttpCommandExecutor.execute(HttpCommandExecutor.java:158)
	at org.openqa.selenium.remote.service.DriverCommandExecutor.execute(DriverCommandExecutor.java:83)
	at org.openqa.selenium.remote.RemoteWebDriver.execute(RemoteWebDriver.java:548)
	at org.openqa.selenium.remote.RemoteWebDriver.findElement(RemoteWebDriver.java:322)
	at org.openqa.selenium.remote.RemoteWebDriver.findElementByXPath(RemoteWebDriver.java:424)
	at org.openqa.selenium.By$ByXPath.findElement(By.java:353)
	at org.openqa.selenium.remote.RemoteWebDriver.findElement(RemoteWebDriver.java:314)
	at testCasesSmoke.TestCasesRunning.Datadriver.jobStartAndStatitics(Datadriver.java:35)
	at sun.reflect.NativeMethodAccessorImpl.invoke0(Native Method)
	at sun.reflect.NativeMethodAccessorImpl.invoke(Unknown Source)
	at sun.reflect.DelegatingMethodAccessorImpl.invoke(Unknown Source)
	at java.lang.reflect.Method.invoke(Unknown Source)
	at org.testng.internal.MethodInvocationHelper.invokeMethod(MethodInvocationHelper.java:84)
	at org.testng.internal.Invoker.invokeMethod(Invoker.java:714)
	at org.testng.internal.Invoker.invokeTestMethod(Invoker.java:901)
	at org.testng.internal.Invoker.invokeTestMethods(Invoker.java:1231)
	at org.testng.internal.TestMethodWorker.invokeTestMethods(TestMethodWorker.java:127)
	at org.testng.internal.TestMethodWorker.run(TestMethodWorker.java:111)
	at org.testng.TestRunner.privateRun(TestRunner.java:767)
	at org.testng.TestRunner.run(TestRunner.java:617)
	at org.testng.SuiteRunner.runTest(SuiteRunner.java:348)
	at org.testng.SuiteRunner.runSequentially(SuiteRunner.java:343)
	at org.testng.SuiteRunner.privateRun(SuiteRunner.java:305)
	at org.testng.SuiteRunner.run(SuiteRunner.java:254)
	at org.testng.SuiteRunnerWorker.runSuite(SuiteRunnerWorker.java:52)
	at org.testng.SuiteRunnerWorker.run(SuiteRunnerWorker.java:86)
	at org.testng.TestNG.runSuitesSequentially(TestNG.java:1224)
	at org.testng.TestNG.runSuitesLocally(TestNG.java:1149)
	at org.testng.TestNG.run(TestNG.java:1057)
	at org.testng.remote.AbstractRemoteTestNG.run(AbstractRemoteTestNG.java:132)
	at org.testng.remote.RemoteTestNG.initAndRun(RemoteTestNG.java:230)
	at org.testng.remote.RemoteTestNG.main(RemoteTestNG.java:76)

</div> <!-- stack-trace -->
                </div> <!-- method-content -->
              </div> <!-- method -->
              <div class="method">
                <div class="method-content">
                  <a name="jobStartAndStatitics(SmkVrs43ScteCueOuDurFileInRawOut, stop)">
                  </a> <!-- jobStartAndStatitics(SmkVrs43ScteCueOuDurFileInRawOut, stop) -->
                  <span class="method-name">jobStartAndStatitics</span>
                  <span class="parameters">(SmkVrs43ScteCueOuDurFileInRawOut, stop)</span>
                  <div class="stack-trace">org.openqa.selenium.NoSuchElementException: no such element: Unable to locate element: {&quot;method&quot;:&quot;xpath&quot;,&quot;selector&quot;:&quot;//a[@data-job_name=&apos;SmkVrs43ScteCueOuDurFileInRawOut&apos; and @data-type=&apos;stop&apos;]&quot;}
  (Session info: chrome=72.0.3626.121)
  (Driver info: chromedriver=2.41.578737 (49da6702b16031c40d63e5618de03a32ff6c197e),platform=Windows NT 6.1.7600 x86_64) (WARNING: The server did not provide any stacktrace information)
Command duration or timeout: 0 milliseconds
For documentation on this error, please visit: http://seleniumhq.org/exceptions/no_such_element.html
Build info: version: &apos;3.14.0&apos;, revision: &apos;aacccce0&apos;, time: &apos;2018-08-02T20:19:58.91Z&apos;
System info: host: &apos;SR39-PC&apos;, ip: &apos;10.0.0.39&apos;, os.name: &apos;Windows 7&apos;, os.arch: &apos;amd64&apos;, os.version: &apos;6.1&apos;, java.version: &apos;1.8.0_92&apos;
Driver info: org.openqa.selenium.chrome.ChromeDriver
Capabilities {acceptInsecureCerts: false, acceptSslCerts: false, applicationCacheEnabled: false, browserConnectionEnabled: false, browserName: chrome, chrome: {chromedriverVersion: 2.41.578737 (49da6702b16031..., userDataDir: C:\Users\sr39\AppData\Local...}, cssSelectorsEnabled: true, databaseEnabled: false, goog:chromeOptions: {debuggerAddress: localhost:6515}, handlesAlerts: true, hasTouchScreen: false, javascriptEnabled: true, locationContextEnabled: true, mobileEmulationEnabled: false, nativeEvents: true, networkConnectionEnabled: false, pageLoadStrategy: normal, platform: XP, platformName: XP, rotatable: false, setWindowRect: true, takesHeapSnapshot: true, takesScreenshot: true, unexpectedAlertBehaviour: , unhandledPromptBehavior: , version: 72.0.3626.121, webStorageEnabled: true}
Session ID: 9c649cb5d8cea06818169765e6930d10
*** Element info: {Using=xpath, value=//a[@data-job_name=&apos;SmkVrs43ScteCueOuDurFileInRawOut&apos; and @data-type=&apos;stop&apos;]}
	at sun.reflect.NativeConstructorAccessorImpl.newInstance0(Native Method)
	at sun.reflect.NativeConstructorAccessorImpl.newInstance(Unknown Source)
	at sun.reflect.DelegatingConstructorAccessorImpl.newInstance(Unknown Source)
	at java.lang.reflect.Constructor.newInstance(Unknown Source)
	at org.openqa.selenium.remote.ErrorHandler.createThrowable(ErrorHandler.java:214)
	at org.openqa.selenium.remote.ErrorHandler.throwIfResponseFailed(ErrorHandler.java:166)
	at org.openqa.selenium.remote.http.JsonHttpResponseCodec.reconstructValue(JsonHttpResponseCodec.java:40)
	at org.openqa.selenium.remote.http.AbstractHttpResponseCodec.decode(AbstractHttpResponseCodec.java:80)
	at org.openqa.selenium.remote.http.AbstractHttpResponseCodec.decode(AbstractHttpResponseCodec.java:44)
	at org.openqa.selenium.remote.HttpCommandExecutor.execute(HttpCommandExecutor.java:158)
	at org.openqa.selenium.remote.service.DriverCommandExecutor.execute(DriverCommandExecutor.java:83)
	at org.openqa.selenium.remote.RemoteWebDriver.execute(RemoteWebDriver.java:548)
	at org.openqa.selenium.remote.RemoteWebDriver.findElement(RemoteWebDriver.java:322)
	at org.openqa.selenium.remote.RemoteWebDriver.findElementByXPath(RemoteWebDriver.java:424)
	at org.openqa.selenium.By$ByXPath.findElement(By.java:353)
	at org.openqa.selenium.remote.RemoteWebDriver.findElement(RemoteWebDriver.java:314)
	at testCasesSmoke.TestCasesRunning.Datadriver.jobStartAndStatitics(Datadriver.java:35)
	at sun.reflect.GeneratedMethodAccessor1.invoke(Unknown Source)
	at sun.reflect.DelegatingMethodAccessorImpl.invoke(Unknown Source)
	at java.lang.reflect.Method.invoke(Unknown Source)
	at org.testng.internal.MethodInvocationHelper.invokeMethod(MethodInvocationHelper.java:84)
	at org.testng.internal.Invoker.invokeMethod(Invoker.java:714)
	at org.testng.internal.Invoker.invokeTestMethod(Invoker.java:901)
	at org.testng.internal.Invoker.invokeTestMethods(Invoker.java:1231)
	at org.testng.internal.TestMethodWorker.invokeTestMethods(TestMethodWorker.java:127)
	at org.testng.internal.TestMethodWorker.run(TestMethodWorker.java:111)
	at org.testng.TestRunner.privateRun(TestRunner.java:767)
	at org.testng.TestRunner.run(TestRunner.java:617)
	at org.testng.SuiteRunner.runTest(SuiteRunner.java:348)
	at org.testng.SuiteRunner.runSequentially(SuiteRunner.java:343)
	at org.testng.SuiteRunner.privateRun(SuiteRunner.java:305)
	at org.testng.SuiteRunner.run(SuiteRunner.java:254)
	at org.testng.SuiteRunnerWorker.runSuite(SuiteRunnerWorker.java:52)
	at org.testng.SuiteRunnerWorker.run(SuiteRunnerWorker.java:86)
	at org.testng.TestNG.runSuitesSequentially(TestNG.java:1224)
	at org.testng.TestNG.runSuitesLocally(TestNG.java:1149)
	at org.testng.TestNG.run(TestNG.java:1057)
	at org.testng.remote.AbstractRemoteTestNG.run(AbstractRemoteTestNG.java:132)
	at org.testng.remote.RemoteTestNG.initAndRun(RemoteTestNG.java:230)
	at org.testng.remote.RemoteTestNG.main(RemoteTestNG.java:76)

</div> <!-- stack-trace -->
                </div> <!-- method-content -->
              </div> <!-- method -->
              <div class="method">
                <div class="method-content">
                  <a name="jobStartAndStatitics(SmokeXport4aBMD_UDP, start)">
                  </a> <!-- jobStartAndStatitics(SmokeXport4aBMD_UDP, start) -->
                  <span class="method-name">jobStartAndStatitics</span>
                  <span class="parameters">(SmokeXport4aBMD_UDP, start)</span>
                  <div class="stack-trace">org.openqa.selenium.NoSuchElementException: no such element: Unable to locate element: {&quot;method&quot;:&quot;xpath&quot;,&quot;selector&quot;:&quot;//a[@data-job_name=&apos;SmokeXport4aBMD_UDP&apos; and @data-type=&apos;start&apos;]&quot;}
  (Session info: chrome=72.0.3626.121)
  (Driver info: chromedriver=2.41.578737 (49da6702b16031c40d63e5618de03a32ff6c197e),platform=Windows NT 6.1.7600 x86_64) (WARNING: The server did not provide any stacktrace information)
Command duration or timeout: 0 milliseconds
For documentation on this error, please visit: http://seleniumhq.org/exceptions/no_such_element.html
Build info: version: &apos;3.14.0&apos;, revision: &apos;aacccce0&apos;, time: &apos;2018-08-02T20:19:58.91Z&apos;
System info: host: &apos;SR39-PC&apos;, ip: &apos;10.0.0.39&apos;, os.name: &apos;Windows 7&apos;, os.arch: &apos;amd64&apos;, os.version: &apos;6.1&apos;, java.version: &apos;1.8.0_92&apos;
Driver info: org.openqa.selenium.chrome.ChromeDriver
Capabilities {acceptInsecureCerts: false, acceptSslCerts: false, applicationCacheEnabled: false, browserConnectionEnabled: false, browserName: chrome, chrome: {chromedriverVersion: 2.41.578737 (49da6702b16031..., userDataDir: C:\Users\sr39\AppData\Local...}, cssSelectorsEnabled: true, databaseEnabled: false, goog:chromeOptions: {debuggerAddress: localhost:6515}, handlesAlerts: true, hasTouchScreen: false, javascriptEnabled: true, locationContextEnabled: true, mobileEmulationEnabled: false, nativeEvents: true, networkConnectionEnabled: false, pageLoadStrategy: normal, platform: XP, platformName: XP, rotatable: false, setWindowRect: true, takesHeapSnapshot: true, takesScreenshot: true, unexpectedAlertBehaviour: , unhandledPromptBehavior: , version: 72.0.3626.121, webStorageEnabled: true}
Session ID: 9c649cb5d8cea06818169765e6930d10
*** Element info: {Using=xpath, value=//a[@data-job_name=&apos;SmokeXport4aBMD_UDP&apos; and @data-type=&apos;start&apos;]}
	at sun.reflect.NativeConstructorAccessorImpl.newInstance0(Native Method)
	at sun.reflect.NativeConstructorAccessorImpl.newInstance(Unknown Source)
	at sun.reflect.DelegatingConstructorAccessorImpl.newInstance(Unknown Source)
	at java.lang.reflect.Constructor.newInstance(Unknown Source)
	at org.openqa.selenium.remote.ErrorHandler.createThrowable(ErrorHandler.java:214)
	at org.openqa.selenium.remote.ErrorHandler.throwIfResponseFailed(ErrorHandler.java:166)
	at org.openqa.selenium.remote.http.JsonHttpResponseCodec.reconstructValue(JsonHttpResponseCodec.java:40)
	at org.openqa.selenium.remote.http.AbstractHttpResponseCodec.decode(AbstractHttpResponseCodec.java:80)
	at org.openqa.selenium.remote.http.AbstractHttpResponseCodec.decode(AbstractHttpResponseCodec.java:44)
	at org.openqa.selenium.remote.HttpCommandExecutor.execute(HttpCommandExecutor.java:158)
	at org.openqa.selenium.remote.service.DriverCommandExecutor.execute(DriverCommandExecutor.java:83)
	at org.openqa.selenium.remote.RemoteWebDriver.execute(RemoteWebDriver.java:548)
	at org.openqa.selenium.remote.RemoteWebDriver.findElement(RemoteWebDriver.java:322)
	at org.openqa.selenium.remote.RemoteWebDriver.findElementByXPath(RemoteWebDriver.java:424)
	at org.openqa.selenium.By$ByXPath.findElement(By.java:353)
	at org.openqa.selenium.remote.RemoteWebDriver.findElement(RemoteWebDriver.java:314)
	at testCasesSmoke.TestCasesRunning.Datadriver.jobStartAndStatitics(Datadriver.java:35)
	at sun.reflect.GeneratedMethodAccessor1.invoke(Unknown Source)
	at sun.reflect.DelegatingMethodAccessorImpl.invoke(Unknown Source)
	at java.lang.reflect.Method.invoke(Unknown Source)
	at org.testng.internal.MethodInvocationHelper.invokeMethod(MethodInvocationHelper.java:84)
	at org.testng.internal.Invoker.invokeMethod(Invoker.java:714)
	at org.testng.internal.Invoker.invokeTestMethod(Invoker.java:901)
	at org.testng.internal.Invoker.invokeTestMethods(Invoker.java:1231)
	at org.testng.internal.TestMethodWorker.invokeTestMethods(TestMethodWorker.java:127)
	at org.testng.internal.TestMethodWorker.run(TestMethodWorker.java:111)
	at org.testng.TestRunner.privateRun(TestRunner.java:767)
	at org.testng.TestRunner.run(TestRunner.java:617)
	at org.testng.SuiteRunner.runTest(SuiteRunner.java:348)
	at org.testng.SuiteRunner.runSequentially(SuiteRunner.java:343)
	at org.testng.SuiteRunner.privateRun(SuiteRunner.java:305)
	at org.testng.SuiteRunner.run(SuiteRunner.java:254)
	at org.testng.SuiteRunnerWorker.runSuite(SuiteRunnerWorker.java:52)
	at org.testng.SuiteRunnerWorker.run(SuiteRunnerWorker.java:86)
	at org.testng.TestNG.runSuitesSequentially(TestNG.java:1224)
	at org.testng.TestNG.runSuitesLocally(TestNG.java:1149)
	at org.testng.TestNG.run(TestNG.java:1057)
	at org.testng.remote.AbstractRemoteTestNG.run(AbstractRemoteTestNG.java:132)
	at org.testng.remote.RemoteTestNG.initAndRun(RemoteTestNG.java:230)
	at org.testng.remote.RemoteTestNG.main(RemoteTestNG.java:76)

</div> <!-- stack-trace -->
                </div> <!-- method-content -->
              </div> <!-- method -->
              <div class="method">
                <div class="method-content">
                  <a name="jobStartAndStatitics(SmkXpt63QualityOptMagewellUDP, start)">
                  </a> <!-- jobStartAndStatitics(SmkXpt63QualityOptMagewellUDP, start) -->
                  <span class="method-name">jobStartAndStatitics</span>
                  <span class="parameters">(SmkXpt63QualityOptMagewellUDP, start)</span>
                  <div class="stack-trace">org.openqa.selenium.NoSuchElementException: no such element: Unable to locate element: {&quot;method&quot;:&quot;xpath&quot;,&quot;selector&quot;:&quot;//a[@data-job_name=&apos;SmkXpt63QualityOptMagewellUDP&apos; and @data-type=&apos;start&apos;]&quot;}
  (Session info: chrome=72.0.3626.121)
  (Driver info: chromedriver=2.41.578737 (49da6702b16031c40d63e5618de03a32ff6c197e),platform=Windows NT 6.1.7600 x86_64) (WARNING: The server did not provide any stacktrace information)
Command duration or timeout: 0 milliseconds
For documentation on this error, please visit: http://seleniumhq.org/exceptions/no_such_element.html
Build info: version: &apos;3.14.0&apos;, revision: &apos;aacccce0&apos;, time: &apos;2018-08-02T20:19:58.91Z&apos;
System info: host: &apos;SR39-PC&apos;, ip: &apos;10.0.0.39&apos;, os.name: &apos;Windows 7&apos;, os.arch: &apos;amd64&apos;, os.version: &apos;6.1&apos;, java.version: &apos;1.8.0_92&apos;
Driver info: org.openqa.selenium.chrome.ChromeDriver
Capabilities {acceptInsecureCerts: false, acceptSslCerts: false, applicationCacheEnabled: false, browserConnectionEnabled: false, browserName: chrome, chrome: {chromedriverVersion: 2.41.578737 (49da6702b16031..., userDataDir: C:\Users\sr39\AppData\Local...}, cssSelectorsEnabled: true, databaseEnabled: false, goog:chromeOptions: {debuggerAddress: localhost:6515}, handlesAlerts: true, hasTouchScreen: false, javascriptEnabled: true, locationContextEnabled: true, mobileEmulationEnabled: false, nativeEvents: true, networkConnectionEnabled: false, pageLoadStrategy: normal, platform: XP, platformName: XP, rotatable: false, setWindowRect: true, takesHeapSnapshot: true, takesScreenshot: true, unexpectedAlertBehaviour: , unhandledPromptBehavior: , version: 72.0.3626.121, webStorageEnabled: true}
Session ID: 9c649cb5d8cea06818169765e6930d10
*** Element info: {Using=xpath, value=//a[@data-job_name=&apos;SmkXpt63QualityOptMagewellUDP&apos; and @data-type=&apos;start&apos;]}
	at sun.reflect.GeneratedConstructorAccessor24.newInstance(Unknown Source)
	at sun.reflect.DelegatingConstructorAccessorImpl.newInstance(Unknown Source)
	at java.lang.reflect.Constructor.newInstance(Unknown Source)
	at org.openqa.selenium.remote.ErrorHandler.createThrowable(ErrorHandler.java:214)
	at org.openqa.selenium.remote.ErrorHandler.throwIfResponseFailed(ErrorHandler.java:166)
	at org.openqa.selenium.remote.http.JsonHttpResponseCodec.reconstructValue(JsonHttpResponseCodec.java:40)
	at org.openqa.selenium.remote.http.AbstractHttpResponseCodec.decode(AbstractHttpResponseCodec.java:80)
	at org.openqa.selenium.remote.http.AbstractHttpResponseCodec.decode(AbstractHttpResponseCodec.java:44)
	at org.openqa.selenium.remote.HttpCommandExecutor.execute(HttpCommandExecutor.java:158)
	at org.openqa.selenium.remote.service.DriverCommandExecutor.execute(DriverCommandExecutor.java:83)
	at org.openqa.selenium.remote.RemoteWebDriver.execute(RemoteWebDriver.java:548)
	at org.openqa.selenium.remote.RemoteWebDriver.findElement(RemoteWebDriver.java:322)
	at org.openqa.selenium.remote.RemoteWebDriver.findElementByXPath(RemoteWebDriver.java:424)
	at org.openqa.selenium.By$ByXPath.findElement(By.java:353)
	at org.openqa.selenium.remote.RemoteWebDriver.findElement(RemoteWebDriver.java:314)
	at testCasesSmoke.TestCasesRunning.Datadriver.jobStartAndStatitics(Datadriver.java:35)
	at sun.reflect.GeneratedMethodAccessor1.invoke(Unknown Source)
	at sun.reflect.DelegatingMethodAccessorImpl.invoke(Unknown Source)
	at java.lang.reflect.Method.invoke(Unknown Source)
	at org.testng.internal.MethodInvocationHelper.invokeMethod(MethodInvocationHelper.java:84)
	at org.testng.internal.Invoker.invokeMethod(Invoker.java:714)
	at org.testng.internal.Invoker.invokeTestMethod(Invoker.java:901)
	at org.testng.internal.Invoker.invokeTestMethods(Invoker.java:1231)
	at org.testng.internal.TestMethodWorker.invokeTestMethods(TestMethodWorker.java:127)
	at org.testng.internal.TestMethodWorker.run(TestMethodWorker.java:111)
	at org.testng.TestRunner.privateRun(TestRunner.java:767)
	at org.testng.TestRunner.run(TestRunner.java:617)
	at org.testng.SuiteRunner.runTest(SuiteRunner.java:348)
	at org.testng.SuiteRunner.runSequentially(SuiteRunner.java:343)
	at org.testng.SuiteRunner.privateRun(SuiteRunner.java:305)
	at org.testng.SuiteRunner.run(SuiteRunner.java:254)
	at org.testng.SuiteRunnerWorker.runSuite(SuiteRunnerWorker.java:52)
	at org.testng.SuiteRunnerWorker.run(SuiteRunnerWorker.java:86)
	at org.testng.TestNG.runSuitesSequentially(TestNG.java:1224)
	at org.testng.TestNG.runSuitesLocally(TestNG.java:1149)
	at org.testng.TestNG.run(TestNG.java:1057)
	at org.testng.remote.AbstractRemoteTestNG.run(AbstractRemoteTestNG.java:132)
	at org.testng.remote.RemoteTestNG.initAndRun(RemoteTestNG.java:230)
	at org.testng.remote.RemoteTestNG.main(RemoteTestNG.java:76)

</div> <!-- stack-trace -->
                </div> <!-- method-content -->
              </div> <!-- method -->
              <div class="method">
                <div class="method-content">
                  <a name="jobStartAndStatitics(smkVrs24SwtrRawImageInHlsOut, stop)">
                  </a> <!-- jobStartAndStatitics(smkVrs24SwtrRawImageInHlsOut, stop) -->
                  <span class="method-name">jobStartAndStatitics</span>
                  <span class="parameters">(smkVrs24SwtrRawImageInHlsOut, stop)</span>
                  <div class="stack-trace">org.openqa.selenium.NoSuchElementException: no such element: Unable to locate element: {&quot;method&quot;:&quot;xpath&quot;,&quot;selector&quot;:&quot;//a[@data-job_name=&apos;smkVrs24SwtrRawImageInHlsOut&apos; and @data-type=&apos;stop&apos;]&quot;}
  (Session info: chrome=72.0.3626.121)
  (Driver info: chromedriver=2.41.578737 (49da6702b16031c40d63e5618de03a32ff6c197e),platform=Windows NT 6.1.7600 x86_64) (WARNING: The server did not provide any stacktrace information)
Command duration or timeout: 0 milliseconds
For documentation on this error, please visit: http://seleniumhq.org/exceptions/no_such_element.html
Build info: version: &apos;3.14.0&apos;, revision: &apos;aacccce0&apos;, time: &apos;2018-08-02T20:19:58.91Z&apos;
System info: host: &apos;SR39-PC&apos;, ip: &apos;10.0.0.39&apos;, os.name: &apos;Windows 7&apos;, os.arch: &apos;amd64&apos;, os.version: &apos;6.1&apos;, java.version: &apos;1.8.0_92&apos;
Driver info: org.openqa.selenium.chrome.ChromeDriver
Capabilities {acceptInsecureCerts: false, acceptSslCerts: false, applicationCacheEnabled: false, browserConnectionEnabled: false, browserName: chrome, chrome: {chromedriverVersion: 2.41.578737 (49da6702b16031..., userDataDir: C:\Users\sr39\AppData\Local...}, cssSelectorsEnabled: true, databaseEnabled: false, goog:chromeOptions: {debuggerAddress: localhost:6515}, handlesAlerts: true, hasTouchScreen: false, javascriptEnabled: true, locationContextEnabled: true, mobileEmulationEnabled: false, nativeEvents: true, networkConnectionEnabled: false, pageLoadStrategy: normal, platform: XP, platformName: XP, rotatable: false, setWindowRect: true, takesHeapSnapshot: true, takesScreenshot: true, unexpectedAlertBehaviour: , unhandledPromptBehavior: , version: 72.0.3626.121, webStorageEnabled: true}
Session ID: 9c649cb5d8cea06818169765e6930d10
*** Element info: {Using=xpath, value=//a[@data-job_name=&apos;smkVrs24SwtrRawImageInHlsOut&apos; and @data-type=&apos;stop&apos;]}
	at sun.reflect.NativeConstructorAccessorImpl.newInstance0(Native Method)
	at sun.reflect.NativeConstructorAccessorImpl.newInstance(Unknown Source)
	at sun.reflect.DelegatingConstructorAccessorImpl.newInstance(Unknown Source)
	at java.lang.reflect.Constructor.newInstance(Unknown Source)
	at org.openqa.selenium.remote.ErrorHandler.createThrowable(ErrorHandler.java:214)
	at org.openqa.selenium.remote.ErrorHandler.throwIfResponseFailed(ErrorHandler.java:166)
	at org.openqa.selenium.remote.http.JsonHttpResponseCodec.reconstructValue(JsonHttpResponseCodec.java:40)
	at org.openqa.selenium.remote.http.AbstractHttpResponseCodec.decode(AbstractHttpResponseCodec.java:80)
	at org.openqa.selenium.remote.http.AbstractHttpResponseCodec.decode(AbstractHttpResponseCodec.java:44)
	at org.openqa.selenium.remote.HttpCommandExecutor.execute(HttpCommandExecutor.java:158)
	at org.openqa.selenium.remote.service.DriverCommandExecutor.execute(DriverCommandExecutor.java:83)
	at org.openqa.selenium.remote.RemoteWebDriver.execute(RemoteWebDriver.java:548)
	at org.openqa.selenium.remote.RemoteWebDriver.findElement(RemoteWebDriver.java:322)
	at org.openqa.selenium.remote.RemoteWebDriver.findElementByXPath(RemoteWebDriver.java:424)
	at org.openqa.selenium.By$ByXPath.findElement(By.java:353)
	at org.openqa.selenium.remote.RemoteWebDriver.findElement(RemoteWebDriver.java:314)
	at testCasesSmoke.TestCasesRunning.Datadriver.jobStartAndStatitics(Datadriver.java:35)
	at sun.reflect.NativeMethodAccessorImpl.invoke0(Native Method)
	at sun.reflect.NativeMethodAccessorImpl.invoke(Unknown Source)
	at sun.reflect.DelegatingMethodAccessorImpl.invoke(Unknown Source)
	at java.lang.reflect.Method.invoke(Unknown Source)
	at org.testng.internal.MethodInvocationHelper.invokeMethod(MethodInvocationHelper.java:84)
	at org.testng.internal.Invoker.invokeMethod(Invoker.java:714)
	at org.testng.internal.Invoker.invokeTestMethod(Invoker.java:901)
	at org.testng.internal.Invoker.invokeTestMethods(Invoker.java:1231)
	at org.testng.internal.TestMethodWorker.invokeTestMethods(TestMethodWorker.java:127)
	at org.testng.internal.TestMethodWorker.run(TestMethodWorker.java:111)
	at org.testng.TestRunner.privateRun(TestRunner.java:767)
	at org.testng.TestRunner.run(TestRunner.java:617)
	at org.testng.SuiteRunner.runTest(SuiteRunner.java:348)
	at org.testng.SuiteRunner.runSequentially(SuiteRunner.java:343)
	at org.testng.SuiteRunner.privateRun(SuiteRunner.java:305)
	at org.testng.SuiteRunner.run(SuiteRunner.java:254)
	at org.testng.SuiteRunnerWorker.runSuite(SuiteRunnerWorker.java:52)
	at org.testng.SuiteRunnerWorker.run(SuiteRunnerWorker.java:86)
	at org.testng.TestNG.runSuitesSequentially(TestNG.java:1224)
	at org.testng.TestNG.runSuitesLocally(TestNG.java:1149)
	at org.testng.TestNG.run(TestNG.java:1057)
	at org.testng.remote.AbstractRemoteTestNG.run(AbstractRemoteTestNG.java:132)
	at org.testng.remote.RemoteTestNG.initAndRun(RemoteTestNG.java:230)
	at org.testng.remote.RemoteTestNG.main(RemoteTestNG.java:76)

</div> <!-- stack-trace -->
                </div> <!-- method-content -->
              </div> <!-- method -->
              <div class="method">
                <div class="method-content">
                  <a name="jobStartAndStatitics(SmokeXport4aBMD_UDP, stop)">
                  </a> <!-- jobStartAndStatitics(SmokeXport4aBMD_UDP, stop) -->
                  <span class="method-name">jobStartAndStatitics</span>
                  <span class="parameters">(SmokeXport4aBMD_UDP, stop)</span>
                  <div class="stack-trace">org.openqa.selenium.NoSuchElementException: no such element: Unable to locate element: {&quot;method&quot;:&quot;xpath&quot;,&quot;selector&quot;:&quot;//a[@data-job_name=&apos;SmokeXport4aBMD_UDP&apos; and @data-type=&apos;stop&apos;]&quot;}
  (Session info: chrome=72.0.3626.121)
  (Driver info: chromedriver=2.41.578737 (49da6702b16031c40d63e5618de03a32ff6c197e),platform=Windows NT 6.1.7600 x86_64) (WARNING: The server did not provide any stacktrace information)
Command duration or timeout: 0 milliseconds
For documentation on this error, please visit: http://seleniumhq.org/exceptions/no_such_element.html
Build info: version: &apos;3.14.0&apos;, revision: &apos;aacccce0&apos;, time: &apos;2018-08-02T20:19:58.91Z&apos;
System info: host: &apos;SR39-PC&apos;, ip: &apos;10.0.0.39&apos;, os.name: &apos;Windows 7&apos;, os.arch: &apos;amd64&apos;, os.version: &apos;6.1&apos;, java.version: &apos;1.8.0_92&apos;
Driver info: org.openqa.selenium.chrome.ChromeDriver
Capabilities {acceptInsecureCerts: false, acceptSslCerts: false, applicationCacheEnabled: false, browserConnectionEnabled: false, browserName: chrome, chrome: {chromedriverVersion: 2.41.578737 (49da6702b16031..., userDataDir: C:\Users\sr39\AppData\Local...}, cssSelectorsEnabled: true, databaseEnabled: false, goog:chromeOptions: {debuggerAddress: localhost:6515}, handlesAlerts: true, hasTouchScreen: false, javascriptEnabled: true, locationContextEnabled: true, mobileEmulationEnabled: false, nativeEvents: true, networkConnectionEnabled: false, pageLoadStrategy: normal, platform: XP, platformName: XP, rotatable: false, setWindowRect: true, takesHeapSnapshot: true, takesScreenshot: true, unexpectedAlertBehaviour: , unhandledPromptBehavior: , version: 72.0.3626.121, webStorageEnabled: true}
Session ID: 9c649cb5d8cea06818169765e6930d10
*** Element info: {Using=xpath, value=//a[@data-job_name=&apos;SmokeXport4aBMD_UDP&apos; and @data-type=&apos;stop&apos;]}
	at sun.reflect.GeneratedConstructorAccessor24.newInstance(Unknown Source)
	at sun.reflect.DelegatingConstructorAccessorImpl.newInstance(Unknown Source)
	at java.lang.reflect.Constructor.newInstance(Unknown Source)
	at org.openqa.selenium.remote.ErrorHandler.createThrowable(ErrorHandler.java:214)
	at org.openqa.selenium.remote.ErrorHandler.throwIfResponseFailed(ErrorHandler.java:166)
	at org.openqa.selenium.remote.http.JsonHttpResponseCodec.reconstructValue(JsonHttpResponseCodec.java:40)
	at org.openqa.selenium.remote.http.AbstractHttpResponseCodec.decode(AbstractHttpResponseCodec.java:80)
	at org.openqa.selenium.remote.http.AbstractHttpResponseCodec.decode(AbstractHttpResponseCodec.java:44)
	at org.openqa.selenium.remote.HttpCommandExecutor.execute(HttpCommandExecutor.java:158)
	at org.openqa.selenium.remote.service.DriverCommandExecutor.execute(DriverCommandExecutor.java:83)
	at org.openqa.selenium.remote.RemoteWebDriver.execute(RemoteWebDriver.java:548)
	at org.openqa.selenium.remote.RemoteWebDriver.findElement(RemoteWebDriver.java:322)
	at org.openqa.selenium.remote.RemoteWebDriver.findElementByXPath(RemoteWebDriver.java:424)
	at org.openqa.selenium.By$ByXPath.findElement(By.java:353)
	at org.openqa.selenium.remote.RemoteWebDriver.findElement(RemoteWebDriver.java:314)
	at testCasesSmoke.TestCasesRunning.Datadriver.jobStartAndStatitics(Datadriver.java:35)
	at sun.reflect.GeneratedMethodAccessor1.invoke(Unknown Source)
	at sun.reflect.DelegatingMethodAccessorImpl.invoke(Unknown Source)
	at java.lang.reflect.Method.invoke(Unknown Source)
	at org.testng.internal.MethodInvocationHelper.invokeMethod(MethodInvocationHelper.java:84)
	at org.testng.internal.Invoker.invokeMethod(Invoker.java:714)
	at org.testng.internal.Invoker.invokeTestMethod(Invoker.java:901)
	at org.testng.internal.Invoker.invokeTestMethods(Invoker.java:1231)
	at org.testng.internal.TestMethodWorker.invokeTestMethods(TestMethodWorker.java:127)
	at org.testng.internal.TestMethodWorker.run(TestMethodWorker.java:111)
	at org.testng.TestRunner.privateRun(TestRunner.java:767)
	at org.testng.TestRunner.run(TestRunner.java:617)
	at org.testng.SuiteRunner.runTest(SuiteRunner.java:348)
	at org.testng.SuiteRunner.runSequentially(SuiteRunner.java:343)
	at org.testng.SuiteRunner.privateRun(SuiteRunner.java:305)
	at org.testng.SuiteRunner.run(SuiteRunner.java:254)
	at org.testng.SuiteRunnerWorker.runSuite(SuiteRunnerWorker.java:52)
	at org.testng.SuiteRunnerWorker.run(SuiteRunnerWorker.java:86)
	at org.testng.TestNG.runSuitesSequentially(TestNG.java:1224)
	at org.testng.TestNG.runSuitesLocally(TestNG.java:1149)
	at org.testng.TestNG.run(TestNG.java:1057)
	at org.testng.remote.AbstractRemoteTestNG.run(AbstractRemoteTestNG.java:132)
	at org.testng.remote.RemoteTestNG.initAndRun(RemoteTestNG.java:230)
	at org.testng.remote.RemoteTestNG.main(RemoteTestNG.java:76)

</div> <!-- stack-trace -->
                </div> <!-- method-content -->
              </div> <!-- method -->
              <div class="method">
                <div class="method-content">
                  <a name="jobStartAndStatitics(smkVrs25SwtrRawTestInHlsDashOut, start)">
                  </a> <!-- jobStartAndStatitics(smkVrs25SwtrRawTestInHlsDashOut, start) -->
                  <span class="method-name">jobStartAndStatitics</span>
                  <span class="parameters">(smkVrs25SwtrRawTestInHlsDashOut, start)</span>
                  <div class="stack-trace">org.openqa.selenium.NoSuchElementException: no such element: Unable to locate element: {&quot;method&quot;:&quot;xpath&quot;,&quot;selector&quot;:&quot;//a[@data-job_name=&apos;smkVrs25SwtrRawTestInHlsDashOut&apos; and @data-type=&apos;start&apos;]&quot;}
  (Session info: chrome=72.0.3626.121)
  (Driver info: chromedriver=2.41.578737 (49da6702b16031c40d63e5618de03a32ff6c197e),platform=Windows NT 6.1.7600 x86_64) (WARNING: The server did not provide any stacktrace information)
Command duration or timeout: 0 milliseconds
For documentation on this error, please visit: http://seleniumhq.org/exceptions/no_such_element.html
Build info: version: &apos;3.14.0&apos;, revision: &apos;aacccce0&apos;, time: &apos;2018-08-02T20:19:58.91Z&apos;
System info: host: &apos;SR39-PC&apos;, ip: &apos;10.0.0.39&apos;, os.name: &apos;Windows 7&apos;, os.arch: &apos;amd64&apos;, os.version: &apos;6.1&apos;, java.version: &apos;1.8.0_92&apos;
Driver info: org.openqa.selenium.chrome.ChromeDriver
Capabilities {acceptInsecureCerts: false, acceptSslCerts: false, applicationCacheEnabled: false, browserConnectionEnabled: false, browserName: chrome, chrome: {chromedriverVersion: 2.41.578737 (49da6702b16031..., userDataDir: C:\Users\sr39\AppData\Local...}, cssSelectorsEnabled: true, databaseEnabled: false, goog:chromeOptions: {debuggerAddress: localhost:6515}, handlesAlerts: true, hasTouchScreen: false, javascriptEnabled: true, locationContextEnabled: true, mobileEmulationEnabled: false, nativeEvents: true, networkConnectionEnabled: false, pageLoadStrategy: normal, platform: XP, platformName: XP, rotatable: false, setWindowRect: true, takesHeapSnapshot: true, takesScreenshot: true, unexpectedAlertBehaviour: , unhandledPromptBehavior: , version: 72.0.3626.121, webStorageEnabled: true}
Session ID: 9c649cb5d8cea06818169765e6930d10
*** Element info: {Using=xpath, value=//a[@data-job_name=&apos;smkVrs25SwtrRawTestInHlsDashOut&apos; and @data-type=&apos;start&apos;]}
	at sun.reflect.NativeConstructorAccessorImpl.newInstance0(Native Method)
	at sun.reflect.NativeConstructorAccessorImpl.newInstance(Unknown Source)
	at sun.reflect.DelegatingConstructorAccessorImpl.newInstance(Unknown Source)
	at java.lang.reflect.Constructor.newInstance(Unknown Source)
	at org.openqa.selenium.remote.ErrorHandler.createThrowable(ErrorHandler.java:214)
	at org.openqa.selenium.remote.ErrorHandler.throwIfResponseFailed(ErrorHandler.java:166)
	at org.openqa.selenium.remote.http.JsonHttpResponseCodec.reconstructValue(JsonHttpResponseCodec.java:40)
	at org.openqa.selenium.remote.http.AbstractHttpResponseCodec.decode(AbstractHttpResponseCodec.java:80)
	at org.openqa.selenium.remote.http.AbstractHttpResponseCodec.decode(AbstractHttpResponseCodec.java:44)
	at org.openqa.selenium.remote.HttpCommandExecutor.execute(HttpCommandExecutor.java:158)
	at org.openqa.selenium.remote.service.DriverCommandExecutor.execute(DriverCommandExecutor.java:83)
	at org.openqa.selenium.remote.RemoteWebDriver.execute(RemoteWebDriver.java:548)
	at org.openqa.selenium.remote.RemoteWebDriver.findElement(RemoteWebDriver.java:322)
	at org.openqa.selenium.remote.RemoteWebDriver.findElementByXPath(RemoteWebDriver.java:424)
	at org.openqa.selenium.By$ByXPath.findElement(By.java:353)
	at org.openqa.selenium.remote.RemoteWebDriver.findElement(RemoteWebDriver.java:314)
	at testCasesSmoke.TestCasesRunning.Datadriver.jobStartAndStatitics(Datadriver.java:35)
	at sun.reflect.NativeMethodAccessorImpl.invoke0(Native Method)
	at sun.reflect.NativeMethodAccessorImpl.invoke(Unknown Source)
	at sun.reflect.DelegatingMethodAccessorImpl.invoke(Unknown Source)
	at java.lang.reflect.Method.invoke(Unknown Source)
	at org.testng.internal.MethodInvocationHelper.invokeMethod(MethodInvocationHelper.java:84)
	at org.testng.internal.Invoker.invokeMethod(Invoker.java:714)
	at org.testng.internal.Invoker.invokeTestMethod(Invoker.java:901)
	at org.testng.internal.Invoker.invokeTestMethods(Invoker.java:1231)
	at org.testng.internal.TestMethodWorker.invokeTestMethods(TestMethodWorker.java:127)
	at org.testng.internal.TestMethodWorker.run(TestMethodWorker.java:111)
	at org.testng.TestRunner.privateRun(TestRunner.java:767)
	at org.testng.TestRunner.run(TestRunner.java:617)
	at org.testng.SuiteRunner.runTest(SuiteRunner.java:348)
	at org.testng.SuiteRunner.runSequentially(SuiteRunner.java:343)
	at org.testng.SuiteRunner.privateRun(SuiteRunner.java:305)
	at org.testng.SuiteRunner.run(SuiteRunner.java:254)
	at org.testng.SuiteRunnerWorker.runSuite(SuiteRunnerWorker.java:52)
	at org.testng.SuiteRunnerWorker.run(SuiteRunnerWorker.java:86)
	at org.testng.TestNG.runSuitesSequentially(TestNG.java:1224)
	at org.testng.TestNG.runSuitesLocally(TestNG.java:1149)
	at org.testng.TestNG.run(TestNG.java:1057)
	at org.testng.remote.AbstractRemoteTestNG.run(AbstractRemoteTestNG.java:132)
	at org.testng.remote.RemoteTestNG.initAndRun(RemoteTestNG.java:230)
	at org.testng.remote.RemoteTestNG.main(RemoteTestNG.java:76)

</div> <!-- stack-trace -->
                </div> <!-- method-content -->
              </div> <!-- method -->
              <div class="method">
                <div class="method-content">
                  <a name="jobStartAndStatitics(SmkVrs38ScteOubndCuOuInRawInHls, stop)">
                  </a> <!-- jobStartAndStatitics(SmkVrs38ScteOubndCuOuInRawInHls, stop) -->
                  <span class="method-name">jobStartAndStatitics</span>
                  <span class="parameters">(SmkVrs38ScteOubndCuOuInRawInHls, stop)</span>
                  <div class="stack-trace">org.openqa.selenium.NoSuchElementException: no such element: Unable to locate element: {&quot;method&quot;:&quot;xpath&quot;,&quot;selector&quot;:&quot;//a[@data-job_name=&apos;SmkVrs38ScteOubndCuOuInRawInHls&apos; and @data-type=&apos;stop&apos;]&quot;}
  (Session info: chrome=72.0.3626.121)
  (Driver info: chromedriver=2.41.578737 (49da6702b16031c40d63e5618de03a32ff6c197e),platform=Windows NT 6.1.7600 x86_64) (WARNING: The server did not provide any stacktrace information)
Command duration or timeout: 0 milliseconds
For documentation on this error, please visit: http://seleniumhq.org/exceptions/no_such_element.html
Build info: version: &apos;3.14.0&apos;, revision: &apos;aacccce0&apos;, time: &apos;2018-08-02T20:19:58.91Z&apos;
System info: host: &apos;SR39-PC&apos;, ip: &apos;10.0.0.39&apos;, os.name: &apos;Windows 7&apos;, os.arch: &apos;amd64&apos;, os.version: &apos;6.1&apos;, java.version: &apos;1.8.0_92&apos;
Driver info: org.openqa.selenium.chrome.ChromeDriver
Capabilities {acceptInsecureCerts: false, acceptSslCerts: false, applicationCacheEnabled: false, browserConnectionEnabled: false, browserName: chrome, chrome: {chromedriverVersion: 2.41.578737 (49da6702b16031..., userDataDir: C:\Users\sr39\AppData\Local...}, cssSelectorsEnabled: true, databaseEnabled: false, goog:chromeOptions: {debuggerAddress: localhost:6515}, handlesAlerts: true, hasTouchScreen: false, javascriptEnabled: true, locationContextEnabled: true, mobileEmulationEnabled: false, nativeEvents: true, networkConnectionEnabled: false, pageLoadStrategy: normal, platform: XP, platformName: XP, rotatable: false, setWindowRect: true, takesHeapSnapshot: true, takesScreenshot: true, unexpectedAlertBehaviour: , unhandledPromptBehavior: , version: 72.0.3626.121, webStorageEnabled: true}
Session ID: 9c649cb5d8cea06818169765e6930d10
*** Element info: {Using=xpath, value=//a[@data-job_name=&apos;SmkVrs38ScteOubndCuOuInRawInHls&apos; and @data-type=&apos;stop&apos;]}
	at sun.reflect.NativeConstructorAccessorImpl.newInstance0(Native Method)
	at sun.reflect.NativeConstructorAccessorImpl.newInstance(Unknown Source)
	at sun.reflect.DelegatingConstructorAccessorImpl.newInstance(Unknown Source)
	at java.lang.reflect.Constructor.newInstance(Unknown Source)
	at org.openqa.selenium.remote.ErrorHandler.createThrowable(ErrorHandler.java:214)
	at org.openqa.selenium.remote.ErrorHandler.throwIfResponseFailed(ErrorHandler.java:166)
	at org.openqa.selenium.remote.http.JsonHttpResponseCodec.reconstructValue(JsonHttpResponseCodec.java:40)
	at org.openqa.selenium.remote.http.AbstractHttpResponseCodec.decode(AbstractHttpResponseCodec.java:80)
	at org.openqa.selenium.remote.http.AbstractHttpResponseCodec.decode(AbstractHttpResponseCodec.java:44)
	at org.openqa.selenium.remote.HttpCommandExecutor.execute(HttpCommandExecutor.java:158)
	at org.openqa.selenium.remote.service.DriverCommandExecutor.execute(DriverCommandExecutor.java:83)
	at org.openqa.selenium.remote.RemoteWebDriver.execute(RemoteWebDriver.java:548)
	at org.openqa.selenium.remote.RemoteWebDriver.findElement(RemoteWebDriver.java:322)
	at org.openqa.selenium.remote.RemoteWebDriver.findElementByXPath(RemoteWebDriver.java:424)
	at org.openqa.selenium.By$ByXPath.findElement(By.java:353)
	at org.openqa.selenium.remote.RemoteWebDriver.findElement(RemoteWebDriver.java:314)
	at testCasesSmoke.TestCasesRunning.Datadriver.jobStartAndStatitics(Datadriver.java:35)
	at sun.reflect.GeneratedMethodAccessor1.invoke(Unknown Source)
	at sun.reflect.DelegatingMethodAccessorImpl.invoke(Unknown Source)
	at java.lang.reflect.Method.invoke(Unknown Source)
	at org.testng.internal.MethodInvocationHelper.invokeMethod(MethodInvocationHelper.java:84)
	at org.testng.internal.Invoker.invokeMethod(Invoker.java:714)
	at org.testng.internal.Invoker.invokeTestMethod(Invoker.java:901)
	at org.testng.internal.Invoker.invokeTestMethods(Invoker.java:1231)
	at org.testng.internal.TestMethodWorker.invokeTestMethods(TestMethodWorker.java:127)
	at org.testng.internal.TestMethodWorker.run(TestMethodWorker.java:111)
	at org.testng.TestRunner.privateRun(TestRunner.java:767)
	at org.testng.TestRunner.run(TestRunner.java:617)
	at org.testng.SuiteRunner.runTest(SuiteRunner.java:348)
	at org.testng.SuiteRunner.runSequentially(SuiteRunner.java:343)
	at org.testng.SuiteRunner.privateRun(SuiteRunner.java:305)
	at org.testng.SuiteRunner.run(SuiteRunner.java:254)
	at org.testng.SuiteRunnerWorker.runSuite(SuiteRunnerWorker.java:52)
	at org.testng.SuiteRunnerWorker.run(SuiteRunnerWorker.java:86)
	at org.testng.TestNG.runSuitesSequentially(TestNG.java:1224)
	at org.testng.TestNG.runSuitesLocally(TestNG.java:1149)
	at org.testng.TestNG.run(TestNG.java:1057)
	at org.testng.remote.AbstractRemoteTestNG.run(AbstractRemoteTestNG.java:132)
	at org.testng.remote.RemoteTestNG.initAndRun(RemoteTestNG.java:230)
	at org.testng.remote.RemoteTestNG.main(RemoteTestNG.java:76)

</div> <!-- stack-trace -->
                </div> <!-- method-content -->
              </div> <!-- method -->
              <div class="method">
                <div class="method-content">
                  <a name="jobStartAndStatitics(SmkVrs41ScteCueOuInFileInRawOut, stop)">
                  </a> <!-- jobStartAndStatitics(SmkVrs41ScteCueOuInFileInRawOut, stop) -->
                  <span class="method-name">jobStartAndStatitics</span>
                  <span class="parameters">(SmkVrs41ScteCueOuInFileInRawOut, stop)</span>
                  <div class="stack-trace">org.openqa.selenium.NoSuchElementException: no such element: Unable to locate element: {&quot;method&quot;:&quot;xpath&quot;,&quot;selector&quot;:&quot;//a[@data-job_name=&apos;SmkVrs41ScteCueOuInFileInRawOut&apos; and @data-type=&apos;stop&apos;]&quot;}
  (Session info: chrome=72.0.3626.121)
  (Driver info: chromedriver=2.41.578737 (49da6702b16031c40d63e5618de03a32ff6c197e),platform=Windows NT 6.1.7600 x86_64) (WARNING: The server did not provide any stacktrace information)
Command duration or timeout: 0 milliseconds
For documentation on this error, please visit: http://seleniumhq.org/exceptions/no_such_element.html
Build info: version: &apos;3.14.0&apos;, revision: &apos;aacccce0&apos;, time: &apos;2018-08-02T20:19:58.91Z&apos;
System info: host: &apos;SR39-PC&apos;, ip: &apos;10.0.0.39&apos;, os.name: &apos;Windows 7&apos;, os.arch: &apos;amd64&apos;, os.version: &apos;6.1&apos;, java.version: &apos;1.8.0_92&apos;
Driver info: org.openqa.selenium.chrome.ChromeDriver
Capabilities {acceptInsecureCerts: false, acceptSslCerts: false, applicationCacheEnabled: false, browserConnectionEnabled: false, browserName: chrome, chrome: {chromedriverVersion: 2.41.578737 (49da6702b16031..., userDataDir: C:\Users\sr39\AppData\Local...}, cssSelectorsEnabled: true, databaseEnabled: false, goog:chromeOptions: {debuggerAddress: localhost:6515}, handlesAlerts: true, hasTouchScreen: false, javascriptEnabled: true, locationContextEnabled: true, mobileEmulationEnabled: false, nativeEvents: true, networkConnectionEnabled: false, pageLoadStrategy: normal, platform: XP, platformName: XP, rotatable: false, setWindowRect: true, takesHeapSnapshot: true, takesScreenshot: true, unexpectedAlertBehaviour: , unhandledPromptBehavior: , version: 72.0.3626.121, webStorageEnabled: true}
Session ID: 9c649cb5d8cea06818169765e6930d10
*** Element info: {Using=xpath, value=//a[@data-job_name=&apos;SmkVrs41ScteCueOuInFileInRawOut&apos; and @data-type=&apos;stop&apos;]}
	at sun.reflect.NativeConstructorAccessorImpl.newInstance0(Native Method)
	at sun.reflect.NativeConstructorAccessorImpl.newInstance(Unknown Source)
	at sun.reflect.DelegatingConstructorAccessorImpl.newInstance(Unknown Source)
	at java.lang.reflect.Constructor.newInstance(Unknown Source)
	at org.openqa.selenium.remote.ErrorHandler.createThrowable(ErrorHandler.java:214)
	at org.openqa.selenium.remote.ErrorHandler.throwIfResponseFailed(ErrorHandler.java:166)
	at org.openqa.selenium.remote.http.JsonHttpResponseCodec.reconstructValue(JsonHttpResponseCodec.java:40)
	at org.openqa.selenium.remote.http.AbstractHttpResponseCodec.decode(AbstractHttpResponseCodec.java:80)
	at org.openqa.selenium.remote.http.AbstractHttpResponseCodec.decode(AbstractHttpResponseCodec.java:44)
	at org.openqa.selenium.remote.HttpCommandExecutor.execute(HttpCommandExecutor.java:158)
	at org.openqa.selenium.remote.service.DriverCommandExecutor.execute(DriverCommandExecutor.java:83)
	at org.openqa.selenium.remote.RemoteWebDriver.execute(RemoteWebDriver.java:548)
	at org.openqa.selenium.remote.RemoteWebDriver.findElement(RemoteWebDriver.java:322)
	at org.openqa.selenium.remote.RemoteWebDriver.findElementByXPath(RemoteWebDriver.java:424)
	at org.openqa.selenium.By$ByXPath.findElement(By.java:353)
	at org.openqa.selenium.remote.RemoteWebDriver.findElement(RemoteWebDriver.java:314)
	at testCasesSmoke.TestCasesRunning.Datadriver.jobStartAndStatitics(Datadriver.java:35)
	at sun.reflect.GeneratedMethodAccessor1.invoke(Unknown Source)
	at sun.reflect.DelegatingMethodAccessorImpl.invoke(Unknown Source)
	at java.lang.reflect.Method.invoke(Unknown Source)
	at org.testng.internal.MethodInvocationHelper.invokeMethod(MethodInvocationHelper.java:84)
	at org.testng.internal.Invoker.invokeMethod(Invoker.java:714)
	at org.testng.internal.Invoker.invokeTestMethod(Invoker.java:901)
	at org.testng.internal.Invoker.invokeTestMethods(Invoker.java:1231)
	at org.testng.internal.TestMethodWorker.invokeTestMethods(TestMethodWorker.java:127)
	at org.testng.internal.TestMethodWorker.run(TestMethodWorker.java:111)
	at org.testng.TestRunner.privateRun(TestRunner.java:767)
	at org.testng.TestRunner.run(TestRunner.java:617)
	at org.testng.SuiteRunner.runTest(SuiteRunner.java:348)
	at org.testng.SuiteRunner.runSequentially(SuiteRunner.java:343)
	at org.testng.SuiteRunner.privateRun(SuiteRunner.java:305)
	at org.testng.SuiteRunner.run(SuiteRunner.java:254)
	at org.testng.SuiteRunnerWorker.runSuite(SuiteRunnerWorker.java:52)
	at org.testng.SuiteRunnerWorker.run(SuiteRunnerWorker.java:86)
	at org.testng.TestNG.runSuitesSequentially(TestNG.java:1224)
	at org.testng.TestNG.runSuitesLocally(TestNG.java:1149)
	at org.testng.TestNG.run(TestNG.java:1057)
	at org.testng.remote.AbstractRemoteTestNG.run(AbstractRemoteTestNG.java:132)
	at org.testng.remote.RemoteTestNG.initAndRun(RemoteTestNG.java:230)
	at org.testng.remote.RemoteTestNG.main(RemoteTestNG.java:76)

</div> <!-- stack-trace -->
                </div> <!-- method-content -->
              </div> <!-- method -->
              <div class="method">
                <div class="method-content">
                  <a name="jobStartAndStatitics(SmkXpt63QualityOptMagewellUDP, stop)">
                  </a> <!-- jobStartAndStatitics(SmkXpt63QualityOptMagewellUDP, stop) -->
                  <span class="method-name">jobStartAndStatitics</span>
                  <span class="parameters">(SmkXpt63QualityOptMagewellUDP, stop)</span>
                  <div class="stack-trace">org.openqa.selenium.NoSuchElementException: no such element: Unable to locate element: {&quot;method&quot;:&quot;xpath&quot;,&quot;selector&quot;:&quot;//a[@data-job_name=&apos;SmkXpt63QualityOptMagewellUDP&apos; and @data-type=&apos;stop&apos;]&quot;}
  (Session info: chrome=72.0.3626.121)
  (Driver info: chromedriver=2.41.578737 (49da6702b16031c40d63e5618de03a32ff6c197e),platform=Windows NT 6.1.7600 x86_64) (WARNING: The server did not provide any stacktrace information)
Command duration or timeout: 0 milliseconds
For documentation on this error, please visit: http://seleniumhq.org/exceptions/no_such_element.html
Build info: version: &apos;3.14.0&apos;, revision: &apos;aacccce0&apos;, time: &apos;2018-08-02T20:19:58.91Z&apos;
System info: host: &apos;SR39-PC&apos;, ip: &apos;10.0.0.39&apos;, os.name: &apos;Windows 7&apos;, os.arch: &apos;amd64&apos;, os.version: &apos;6.1&apos;, java.version: &apos;1.8.0_92&apos;
Driver info: org.openqa.selenium.chrome.ChromeDriver
Capabilities {acceptInsecureCerts: false, acceptSslCerts: false, applicationCacheEnabled: false, browserConnectionEnabled: false, browserName: chrome, chrome: {chromedriverVersion: 2.41.578737 (49da6702b16031..., userDataDir: C:\Users\sr39\AppData\Local...}, cssSelectorsEnabled: true, databaseEnabled: false, goog:chromeOptions: {debuggerAddress: localhost:6515}, handlesAlerts: true, hasTouchScreen: false, javascriptEnabled: true, locationContextEnabled: true, mobileEmulationEnabled: false, nativeEvents: true, networkConnectionEnabled: false, pageLoadStrategy: normal, platform: XP, platformName: XP, rotatable: false, setWindowRect: true, takesHeapSnapshot: true, takesScreenshot: true, unexpectedAlertBehaviour: , unhandledPromptBehavior: , version: 72.0.3626.121, webStorageEnabled: true}
Session ID: 9c649cb5d8cea06818169765e6930d10
*** Element info: {Using=xpath, value=//a[@data-job_name=&apos;SmkXpt63QualityOptMagewellUDP&apos; and @data-type=&apos;stop&apos;]}
	at sun.reflect.GeneratedConstructorAccessor24.newInstance(Unknown Source)
	at sun.reflect.DelegatingConstructorAccessorImpl.newInstance(Unknown Source)
	at java.lang.reflect.Constructor.newInstance(Unknown Source)
	at org.openqa.selenium.remote.ErrorHandler.createThrowable(ErrorHandler.java:214)
	at org.openqa.selenium.remote.ErrorHandler.throwIfResponseFailed(ErrorHandler.java:166)
	at org.openqa.selenium.remote.http.JsonHttpResponseCodec.reconstructValue(JsonHttpResponseCodec.java:40)
	at org.openqa.selenium.remote.http.AbstractHttpResponseCodec.decode(AbstractHttpResponseCodec.java:80)
	at org.openqa.selenium.remote.http.AbstractHttpResponseCodec.decode(AbstractHttpResponseCodec.java:44)
	at org.openqa.selenium.remote.HttpCommandExecutor.execute(HttpCommandExecutor.java:158)
	at org.openqa.selenium.remote.service.DriverCommandExecutor.execute(DriverCommandExecutor.java:83)
	at org.openqa.selenium.remote.RemoteWebDriver.execute(RemoteWebDriver.java:548)
	at org.openqa.selenium.remote.RemoteWebDriver.findElement(RemoteWebDriver.java:322)
	at org.openqa.selenium.remote.RemoteWebDriver.findElementByXPath(RemoteWebDriver.java:424)
	at org.openqa.selenium.By$ByXPath.findElement(By.java:353)
	at org.openqa.selenium.remote.RemoteWebDriver.findElement(RemoteWebDriver.java:314)
	at testCasesSmoke.TestCasesRunning.Datadriver.jobStartAndStatitics(Datadriver.java:35)
	at sun.reflect.GeneratedMethodAccessor1.invoke(Unknown Source)
	at sun.reflect.DelegatingMethodAccessorImpl.invoke(Unknown Source)
	at java.lang.reflect.Method.invoke(Unknown Source)
	at org.testng.internal.MethodInvocationHelper.invokeMethod(MethodInvocationHelper.java:84)
	at org.testng.internal.Invoker.invokeMethod(Invoker.java:714)
	at org.testng.internal.Invoker.invokeTestMethod(Invoker.java:901)
	at org.testng.internal.Invoker.invokeTestMethods(Invoker.java:1231)
	at org.testng.internal.TestMethodWorker.invokeTestMethods(TestMethodWorker.java:127)
	at org.testng.internal.TestMethodWorker.run(TestMethodWorker.java:111)
	at org.testng.TestRunner.privateRun(TestRunner.java:767)
	at org.testng.TestRunner.run(TestRunner.java:617)
	at org.testng.SuiteRunner.runTest(SuiteRunner.java:348)
	at org.testng.SuiteRunner.runSequentially(SuiteRunner.java:343)
	at org.testng.SuiteRunner.privateRun(SuiteRunner.java:305)
	at org.testng.SuiteRunner.run(SuiteRunner.java:254)
	at org.testng.SuiteRunnerWorker.runSuite(SuiteRunnerWorker.java:52)
	at org.testng.SuiteRunnerWorker.run(SuiteRunnerWorker.java:86)
	at org.testng.TestNG.runSuitesSequentially(TestNG.java:1224)
	at org.testng.TestNG.runSuitesLocally(TestNG.java:1149)
	at org.testng.TestNG.run(TestNG.java:1057)
	at org.testng.remote.AbstractRemoteTestNG.run(AbstractRemoteTestNG.java:132)
	at org.testng.remote.RemoteTestNG.initAndRun(RemoteTestNG.java:230)
	at org.testng.remote.RemoteTestNG.main(RemoteTestNG.java:76)

</div> <!-- stack-trace -->
                </div> <!-- method-content -->
              </div> <!-- method -->
              <div class="method">
                <div class="method-content">
                  <a name="jobStartAndStatitics(SmkVrs35ScteCueOuDuraUdpInRawOut, stop)">
                  </a> <!-- jobStartAndStatitics(SmkVrs35ScteCueOuDuraUdpInRawOut, stop) -->
                  <span class="method-name">jobStartAndStatitics</span>
                  <span class="parameters">(SmkVrs35ScteCueOuDuraUdpInRawOut, stop)</span>
                  <div class="stack-trace">org.openqa.selenium.NoSuchElementException: no such element: Unable to locate element: {&quot;method&quot;:&quot;xpath&quot;,&quot;selector&quot;:&quot;//a[@data-job_name=&apos;SmkVrs35ScteCueOuDuraUdpInRawOut&apos; and @data-type=&apos;stop&apos;]&quot;}
  (Session info: chrome=72.0.3626.121)
  (Driver info: chromedriver=2.41.578737 (49da6702b16031c40d63e5618de03a32ff6c197e),platform=Windows NT 6.1.7600 x86_64) (WARNING: The server did not provide any stacktrace information)
Command duration or timeout: 0 milliseconds
For documentation on this error, please visit: http://seleniumhq.org/exceptions/no_such_element.html
Build info: version: &apos;3.14.0&apos;, revision: &apos;aacccce0&apos;, time: &apos;2018-08-02T20:19:58.91Z&apos;
System info: host: &apos;SR39-PC&apos;, ip: &apos;10.0.0.39&apos;, os.name: &apos;Windows 7&apos;, os.arch: &apos;amd64&apos;, os.version: &apos;6.1&apos;, java.version: &apos;1.8.0_92&apos;
Driver info: org.openqa.selenium.chrome.ChromeDriver
Capabilities {acceptInsecureCerts: false, acceptSslCerts: false, applicationCacheEnabled: false, browserConnectionEnabled: false, browserName: chrome, chrome: {chromedriverVersion: 2.41.578737 (49da6702b16031..., userDataDir: C:\Users\sr39\AppData\Local...}, cssSelectorsEnabled: true, databaseEnabled: false, goog:chromeOptions: {debuggerAddress: localhost:6515}, handlesAlerts: true, hasTouchScreen: false, javascriptEnabled: true, locationContextEnabled: true, mobileEmulationEnabled: false, nativeEvents: true, networkConnectionEnabled: false, pageLoadStrategy: normal, platform: XP, platformName: XP, rotatable: false, setWindowRect: true, takesHeapSnapshot: true, takesScreenshot: true, unexpectedAlertBehaviour: , unhandledPromptBehavior: , version: 72.0.3626.121, webStorageEnabled: true}
Session ID: 9c649cb5d8cea06818169765e6930d10
*** Element info: {Using=xpath, value=//a[@data-job_name=&apos;SmkVrs35ScteCueOuDuraUdpInRawOut&apos; and @data-type=&apos;stop&apos;]}
	at sun.reflect.NativeConstructorAccessorImpl.newInstance0(Native Method)
	at sun.reflect.NativeConstructorAccessorImpl.newInstance(Unknown Source)
	at sun.reflect.DelegatingConstructorAccessorImpl.newInstance(Unknown Source)
	at java.lang.reflect.Constructor.newInstance(Unknown Source)
	at org.openqa.selenium.remote.ErrorHandler.createThrowable(ErrorHandler.java:214)
	at org.openqa.selenium.remote.ErrorHandler.throwIfResponseFailed(ErrorHandler.java:166)
	at org.openqa.selenium.remote.http.JsonHttpResponseCodec.reconstructValue(JsonHttpResponseCodec.java:40)
	at org.openqa.selenium.remote.http.AbstractHttpResponseCodec.decode(AbstractHttpResponseCodec.java:80)
	at org.openqa.selenium.remote.http.AbstractHttpResponseCodec.decode(AbstractHttpResponseCodec.java:44)
	at org.openqa.selenium.remote.HttpCommandExecutor.execute(HttpCommandExecutor.java:158)
	at org.openqa.selenium.remote.service.DriverCommandExecutor.execute(DriverCommandExecutor.java:83)
	at org.openqa.selenium.remote.RemoteWebDriver.execute(RemoteWebDriver.java:548)
	at org.openqa.selenium.remote.RemoteWebDriver.findElement(RemoteWebDriver.java:322)
	at org.openqa.selenium.remote.RemoteWebDriver.findElementByXPath(RemoteWebDriver.java:424)
	at org.openqa.selenium.By$ByXPath.findElement(By.java:353)
	at org.openqa.selenium.remote.RemoteWebDriver.findElement(RemoteWebDriver.java:314)
	at testCasesSmoke.TestCasesRunning.Datadriver.jobStartAndStatitics(Datadriver.java:35)
	at sun.reflect.NativeMethodAccessorImpl.invoke0(Native Method)
	at sun.reflect.NativeMethodAccessorImpl.invoke(Unknown Source)
	at sun.reflect.DelegatingMethodAccessorImpl.invoke(Unknown Source)
	at java.lang.reflect.Method.invoke(Unknown Source)
	at org.testng.internal.MethodInvocationHelper.invokeMethod(MethodInvocationHelper.java:84)
	at org.testng.internal.Invoker.invokeMethod(Invoker.java:714)
	at org.testng.internal.Invoker.invokeTestMethod(Invoker.java:901)
	at org.testng.internal.Invoker.invokeTestMethods(Invoker.java:1231)
	at org.testng.internal.TestMethodWorker.invokeTestMethods(TestMethodWorker.java:127)
	at org.testng.internal.TestMethodWorker.run(TestMethodWorker.java:111)
	at org.testng.TestRunner.privateRun(TestRunner.java:767)
	at org.testng.TestRunner.run(TestRunner.java:617)
	at org.testng.SuiteRunner.runTest(SuiteRunner.java:348)
	at org.testng.SuiteRunner.runSequentially(SuiteRunner.java:343)
	at org.testng.SuiteRunner.privateRun(SuiteRunner.java:305)
	at org.testng.SuiteRunner.run(SuiteRunner.java:254)
	at org.testng.SuiteRunnerWorker.runSuite(SuiteRunnerWorker.java:52)
	at org.testng.SuiteRunnerWorker.run(SuiteRunnerWorker.java:86)
	at org.testng.TestNG.runSuitesSequentially(TestNG.java:1224)
	at org.testng.TestNG.runSuitesLocally(TestNG.java:1149)
	at org.testng.TestNG.run(TestNG.java:1057)
	at org.testng.remote.AbstractRemoteTestNG.run(AbstractRemoteTestNG.java:132)
	at org.testng.remote.RemoteTestNG.initAndRun(RemoteTestNG.java:230)
	at org.testng.remote.RemoteTestNG.main(RemoteTestNG.java:76)

</div> <!-- stack-trace -->
                </div> <!-- method-content -->
              </div> <!-- method -->
              <div class="method">
                <div class="method-content">
                  <a name="jobStartAndStatitics(Smkvrs66HttpInRawOut, stop)">
                  </a> <!-- jobStartAndStatitics(Smkvrs66HttpInRawOut, stop) -->
                  <span class="method-name">jobStartAndStatitics</span>
                  <span class="parameters">(Smkvrs66HttpInRawOut, stop)</span>
                  <div class="stack-trace">org.openqa.selenium.NoSuchElementException: no such element: Unable to locate element: {&quot;method&quot;:&quot;xpath&quot;,&quot;selector&quot;:&quot;//a[@data-job_name=&apos;Smkvrs66HttpInRawOut&apos; and @data-type=&apos;stop&apos;]&quot;}
  (Session info: chrome=72.0.3626.121)
  (Driver info: chromedriver=2.41.578737 (49da6702b16031c40d63e5618de03a32ff6c197e),platform=Windows NT 6.1.7600 x86_64) (WARNING: The server did not provide any stacktrace information)
Command duration or timeout: 0 milliseconds
For documentation on this error, please visit: http://seleniumhq.org/exceptions/no_such_element.html
Build info: version: &apos;3.14.0&apos;, revision: &apos;aacccce0&apos;, time: &apos;2018-08-02T20:19:58.91Z&apos;
System info: host: &apos;SR39-PC&apos;, ip: &apos;10.0.0.39&apos;, os.name: &apos;Windows 7&apos;, os.arch: &apos;amd64&apos;, os.version: &apos;6.1&apos;, java.version: &apos;1.8.0_92&apos;
Driver info: org.openqa.selenium.chrome.ChromeDriver
Capabilities {acceptInsecureCerts: false, acceptSslCerts: false, applicationCacheEnabled: false, browserConnectionEnabled: false, browserName: chrome, chrome: {chromedriverVersion: 2.41.578737 (49da6702b16031..., userDataDir: C:\Users\sr39\AppData\Local...}, cssSelectorsEnabled: true, databaseEnabled: false, goog:chromeOptions: {debuggerAddress: localhost:6515}, handlesAlerts: true, hasTouchScreen: false, javascriptEnabled: true, locationContextEnabled: true, mobileEmulationEnabled: false, nativeEvents: true, networkConnectionEnabled: false, pageLoadStrategy: normal, platform: XP, platformName: XP, rotatable: false, setWindowRect: true, takesHeapSnapshot: true, takesScreenshot: true, unexpectedAlertBehaviour: , unhandledPromptBehavior: , version: 72.0.3626.121, webStorageEnabled: true}
Session ID: 9c649cb5d8cea06818169765e6930d10
*** Element info: {Using=xpath, value=//a[@data-job_name=&apos;Smkvrs66HttpInRawOut&apos; and @data-type=&apos;stop&apos;]}
	at sun.reflect.NativeConstructorAccessorImpl.newInstance0(Native Method)
	at sun.reflect.NativeConstructorAccessorImpl.newInstance(Unknown Source)
	at sun.reflect.DelegatingConstructorAccessorImpl.newInstance(Unknown Source)
	at java.lang.reflect.Constructor.newInstance(Unknown Source)
	at org.openqa.selenium.remote.ErrorHandler.createThrowable(ErrorHandler.java:214)
	at org.openqa.selenium.remote.ErrorHandler.throwIfResponseFailed(ErrorHandler.java:166)
	at org.openqa.selenium.remote.http.JsonHttpResponseCodec.reconstructValue(JsonHttpResponseCodec.java:40)
	at org.openqa.selenium.remote.http.AbstractHttpResponseCodec.decode(AbstractHttpResponseCodec.java:80)
	at org.openqa.selenium.remote.http.AbstractHttpResponseCodec.decode(AbstractHttpResponseCodec.java:44)
	at org.openqa.selenium.remote.HttpCommandExecutor.execute(HttpCommandExecutor.java:158)
	at org.openqa.selenium.remote.service.DriverCommandExecutor.execute(DriverCommandExecutor.java:83)
	at org.openqa.selenium.remote.RemoteWebDriver.execute(RemoteWebDriver.java:548)
	at org.openqa.selenium.remote.RemoteWebDriver.findElement(RemoteWebDriver.java:322)
	at org.openqa.selenium.remote.RemoteWebDriver.findElementByXPath(RemoteWebDriver.java:424)
	at org.openqa.selenium.By$ByXPath.findElement(By.java:353)
	at org.openqa.selenium.remote.RemoteWebDriver.findElement(RemoteWebDriver.java:314)
	at testCasesSmoke.TestCasesRunning.Datadriver.jobStartAndStatitics(Datadriver.java:35)
	at sun.reflect.GeneratedMethodAccessor1.invoke(Unknown Source)
	at sun.reflect.DelegatingMethodAccessorImpl.invoke(Unknown Source)
	at java.lang.reflect.Method.invoke(Unknown Source)
	at org.testng.internal.MethodInvocationHelper.invokeMethod(MethodInvocationHelper.java:84)
	at org.testng.internal.Invoker.invokeMethod(Invoker.java:714)
	at org.testng.internal.Invoker.invokeTestMethod(Invoker.java:901)
	at org.testng.internal.Invoker.invokeTestMethods(Invoker.java:1231)
	at org.testng.internal.TestMethodWorker.invokeTestMethods(TestMethodWorker.java:127)
	at org.testng.internal.TestMethodWorker.run(TestMethodWorker.java:111)
	at org.testng.TestRunner.privateRun(TestRunner.java:767)
	at org.testng.TestRunner.run(TestRunner.java:617)
	at org.testng.SuiteRunner.runTest(SuiteRunner.java:348)
	at org.testng.SuiteRunner.runSequentially(SuiteRunner.java:343)
	at org.testng.SuiteRunner.privateRun(SuiteRunner.java:305)
	at org.testng.SuiteRunner.run(SuiteRunner.java:254)
	at org.testng.SuiteRunnerWorker.runSuite(SuiteRunnerWorker.java:52)
	at org.testng.SuiteRunnerWorker.run(SuiteRunnerWorker.java:86)
	at org.testng.TestNG.runSuitesSequentially(TestNG.java:1224)
	at org.testng.TestNG.runSuitesLocally(TestNG.java:1149)
	at org.testng.TestNG.run(TestNG.java:1057)
	at org.testng.remote.AbstractRemoteTestNG.run(AbstractRemoteTestNG.java:132)
	at org.testng.remote.RemoteTestNG.initAndRun(RemoteTestNG.java:230)
	at org.testng.remote.RemoteTestNG.main(RemoteTestNG.java:76)

</div> <!-- stack-trace -->
                </div> <!-- method-content -->
              </div> <!-- method -->
              <div class="method">
                <div class="method-content">
                  <a name="jobStartAndStatitics(SmkXport47Magewell_UDP, start)">
                  </a> <!-- jobStartAndStatitics(SmkXport47Magewell_UDP, start) -->
                  <span class="method-name">jobStartAndStatitics</span>
                  <span class="parameters">(SmkXport47Magewell_UDP, start)</span>
                  <div class="stack-trace">org.openqa.selenium.NoSuchElementException: no such element: Unable to locate element: {&quot;method&quot;:&quot;xpath&quot;,&quot;selector&quot;:&quot;//a[@data-job_name=&apos;SmkXport47Magewell_UDP&apos; and @data-type=&apos;start&apos;]&quot;}
  (Session info: chrome=72.0.3626.121)
  (Driver info: chromedriver=2.41.578737 (49da6702b16031c40d63e5618de03a32ff6c197e),platform=Windows NT 6.1.7600 x86_64) (WARNING: The server did not provide any stacktrace information)
Command duration or timeout: 0 milliseconds
For documentation on this error, please visit: http://seleniumhq.org/exceptions/no_such_element.html
Build info: version: &apos;3.14.0&apos;, revision: &apos;aacccce0&apos;, time: &apos;2018-08-02T20:19:58.91Z&apos;
System info: host: &apos;SR39-PC&apos;, ip: &apos;10.0.0.39&apos;, os.name: &apos;Windows 7&apos;, os.arch: &apos;amd64&apos;, os.version: &apos;6.1&apos;, java.version: &apos;1.8.0_92&apos;
Driver info: org.openqa.selenium.chrome.ChromeDriver
Capabilities {acceptInsecureCerts: false, acceptSslCerts: false, applicationCacheEnabled: false, browserConnectionEnabled: false, browserName: chrome, chrome: {chromedriverVersion: 2.41.578737 (49da6702b16031..., userDataDir: C:\Users\sr39\AppData\Local...}, cssSelectorsEnabled: true, databaseEnabled: false, goog:chromeOptions: {debuggerAddress: localhost:6515}, handlesAlerts: true, hasTouchScreen: false, javascriptEnabled: true, locationContextEnabled: true, mobileEmulationEnabled: false, nativeEvents: true, networkConnectionEnabled: false, pageLoadStrategy: normal, platform: XP, platformName: XP, rotatable: false, setWindowRect: true, takesHeapSnapshot: true, takesScreenshot: true, unexpectedAlertBehaviour: , unhandledPromptBehavior: , version: 72.0.3626.121, webStorageEnabled: true}
Session ID: 9c649cb5d8cea06818169765e6930d10
*** Element info: {Using=xpath, value=//a[@data-job_name=&apos;SmkXport47Magewell_UDP&apos; and @data-type=&apos;start&apos;]}
	at sun.reflect.NativeConstructorAccessorImpl.newInstance0(Native Method)
	at sun.reflect.NativeConstructorAccessorImpl.newInstance(Unknown Source)
	at sun.reflect.DelegatingConstructorAccessorImpl.newInstance(Unknown Source)
	at java.lang.reflect.Constructor.newInstance(Unknown Source)
	at org.openqa.selenium.remote.ErrorHandler.createThrowable(ErrorHandler.java:214)
	at org.openqa.selenium.remote.ErrorHandler.throwIfResponseFailed(ErrorHandler.java:166)
	at org.openqa.selenium.remote.http.JsonHttpResponseCodec.reconstructValue(JsonHttpResponseCodec.java:40)
	at org.openqa.selenium.remote.http.AbstractHttpResponseCodec.decode(AbstractHttpResponseCodec.java:80)
	at org.openqa.selenium.remote.http.AbstractHttpResponseCodec.decode(AbstractHttpResponseCodec.java:44)
	at org.openqa.selenium.remote.HttpCommandExecutor.execute(HttpCommandExecutor.java:158)
	at org.openqa.selenium.remote.service.DriverCommandExecutor.execute(DriverCommandExecutor.java:83)
	at org.openqa.selenium.remote.RemoteWebDriver.execute(RemoteWebDriver.java:548)
	at org.openqa.selenium.remote.RemoteWebDriver.findElement(RemoteWebDriver.java:322)
	at org.openqa.selenium.remote.RemoteWebDriver.findElementByXPath(RemoteWebDriver.java:424)
	at org.openqa.selenium.By$ByXPath.findElement(By.java:353)
	at org.openqa.selenium.remote.RemoteWebDriver.findElement(RemoteWebDriver.java:314)
	at testCasesSmoke.TestCasesRunning.Datadriver.jobStartAndStatitics(Datadriver.java:35)
	at sun.reflect.GeneratedMethodAccessor1.invoke(Unknown Source)
	at sun.reflect.DelegatingMethodAccessorImpl.invoke(Unknown Source)
	at java.lang.reflect.Method.invoke(Unknown Source)
	at org.testng.internal.MethodInvocationHelper.invokeMethod(MethodInvocationHelper.java:84)
	at org.testng.internal.Invoker.invokeMethod(Invoker.java:714)
	at org.testng.internal.Invoker.invokeTestMethod(Invoker.java:901)
	at org.testng.internal.Invoker.invokeTestMethods(Invoker.java:1231)
	at org.testng.internal.TestMethodWorker.invokeTestMethods(TestMethodWorker.java:127)
	at org.testng.internal.TestMethodWorker.run(TestMethodWorker.java:111)
	at org.testng.TestRunner.privateRun(TestRunner.java:767)
	at org.testng.TestRunner.run(TestRunner.java:617)
	at org.testng.SuiteRunner.runTest(SuiteRunner.java:348)
	at org.testng.SuiteRunner.runSequentially(SuiteRunner.java:343)
	at org.testng.SuiteRunner.privateRun(SuiteRunner.java:305)
	at org.testng.SuiteRunner.run(SuiteRunner.java:254)
	at org.testng.SuiteRunnerWorker.runSuite(SuiteRunnerWorker.java:52)
	at org.testng.SuiteRunnerWorker.run(SuiteRunnerWorker.java:86)
	at org.testng.TestNG.runSuitesSequentially(TestNG.java:1224)
	at org.testng.TestNG.runSuitesLocally(TestNG.java:1149)
	at org.testng.TestNG.run(TestNG.java:1057)
	at org.testng.remote.AbstractRemoteTestNG.run(AbstractRemoteTestNG.java:132)
	at org.testng.remote.RemoteTestNG.initAndRun(RemoteTestNG.java:230)
	at org.testng.remote.RemoteTestNG.main(RemoteTestNG.java:76)

</div> <!-- stack-trace -->
                </div> <!-- method-content -->
              </div> <!-- method -->
            </div> <!-- main-panel-content rounded-window-bottom -->
          </div> <!-- suite-Default_suite-class-failed -->
          <div class="suite-Default_suite-class-passed">
            <div class="main-panel-header rounded-window-top">
              <img src="passed.png"/>
              <span class="class-name">testCasesSmoke.TestCasesRunning.Datadriver</span>
            </div> <!-- main-panel-header rounded-window-top -->
            <div class="main-panel-content rounded-window-bottom">
              <div class="method">
                <div class="method-content">
                  <a name="jobStartAndStatitics(SmkVrs43ScteCueOuDurFileInRawOut, start)">
                  </a> <!-- jobStartAndStatitics(SmkVrs43ScteCueOuDurFileInRawOut, start) -->
                  <span class="method-name">jobStartAndStatitics</span>
                  <span class="parameters">(SmkVrs43ScteCueOuDurFileInRawOut, start)</span>
                </div> <!-- method-content -->
              </div> <!-- method -->
              <div class="method">
                <div class="method-content">
                  <a name="jobStartAndStatitics(SmkVrs47MgwlInUDPOut, stop)">
                  </a> <!-- jobStartAndStatitics(SmkVrs47MgwlInUDPOut, stop) -->
                  <span class="method-name">jobStartAndStatitics</span>
                  <span class="parameters">(SmkVrs47MgwlInUDPOut, stop)</span>
                </div> <!-- method-content -->
              </div> <!-- method -->
              <div class="method">
                <div class="method-content">
                  <a name="jobStartAndStatitics(SmkVrs36SctePerodicUdpInRawOut, start)">
                  </a> <!-- jobStartAndStatitics(SmkVrs36SctePerodicUdpInRawOut, start) -->
                  <span class="method-name">jobStartAndStatitics</span>
                  <span class="parameters">(SmkVrs36SctePerodicUdpInRawOut, start)</span>
                </div> <!-- method-content -->
              </div> <!-- method -->
              <div class="method">
                <div class="method-content">
                  <a name="jobStartAndStatitics(SmkVrs47MgwlInUDPOut, start)">
                  </a> <!-- jobStartAndStatitics(SmkVrs47MgwlInUDPOut, start) -->
                  <span class="method-name">jobStartAndStatitics</span>
                  <span class="parameters">(SmkVrs47MgwlInUDPOut, start)</span>
                </div> <!-- method-content -->
              </div> <!-- method -->
              <div class="method">
                <div class="method-content">
                  <a name="jobStartAndStatitics(SmkVrs34ScteCueOuInUdpInRawOut, stop)">
                  </a> <!-- jobStartAndStatitics(SmkVrs34ScteCueOuInUdpInRawOut, stop) -->
                  <span class="method-name">jobStartAndStatitics</span>
                  <span class="parameters">(SmkVrs34ScteCueOuInUdpInRawOut, stop)</span>
                </div> <!-- method-content -->
              </div> <!-- method -->
              <div class="method">
                <div class="method-content">
                  <a name="jobStartAndStatitics(SmkVrs39ScteOubndCuOuDuraRawInHls, start)">
                  </a> <!-- jobStartAndStatitics(SmkVrs39ScteOubndCuOuDuraRawInHls, start) -->
                  <span class="method-name">jobStartAndStatitics</span>
                  <span class="parameters">(SmkVrs39ScteOubndCuOuDuraRawInHls, start)</span>
                </div> <!-- method-content -->
              </div> <!-- method -->
              <div class="method">
                <div class="method-content">
                  <a name="jobStartAndStatitics(SmkVrs51VportUDpuniRawOut, stop)">
                  </a> <!-- jobStartAndStatitics(SmkVrs51VportUDpuniRawOut, stop) -->
                  <span class="method-name">jobStartAndStatitics</span>
                  <span class="parameters">(SmkVrs51VportUDpuniRawOut, stop)</span>
                </div> <!-- method-content -->
              </div> <!-- method -->
              <div class="method">
                <div class="method-content">
                  <a name="jobStartAndStatitics(smkVrs48MgwlInHlsMp4UserDe, stop)">
                  </a> <!-- jobStartAndStatitics(smkVrs48MgwlInHlsMp4UserDe, stop) -->
                  <span class="method-name">jobStartAndStatitics</span>
                  <span class="parameters">(smkVrs48MgwlInHlsMp4UserDe, stop)</span>
                </div> <!-- method-content -->
              </div> <!-- method -->
              <div class="method">
                <div class="method-content">
                  <a name="jobStartAndStatitics(SmkVrs42ScteInbandRawOutHls, stop)">
                  </a> <!-- jobStartAndStatitics(SmkVrs42ScteInbandRawOutHls, stop) -->
                  <span class="method-name">jobStartAndStatitics</span>
                  <span class="parameters">(SmkVrs42ScteInbandRawOutHls, stop)</span>
                </div> <!-- method-content -->
              </div> <!-- method -->
              <div class="method">
                <div class="method-content">
                  <a name="jobStartAndStatitics(SmkVrs38ScteOubndCuOuInRawInHls, start)">
                  </a> <!-- jobStartAndStatitics(SmkVrs38ScteOubndCuOuInRawInHls, start) -->
                  <span class="method-name">jobStartAndStatitics</span>
                  <span class="parameters">(SmkVrs38ScteOubndCuOuInRawInHls, start)</span>
                </div> <!-- method-content -->
              </div> <!-- method -->
              <div class="method">
                <div class="method-content">
                  <a name="jobStartAndStatitics(smkVrs24SwtrRawImageInHlsOut, start)">
                  </a> <!-- jobStartAndStatitics(smkVrs24SwtrRawImageInHlsOut, start) -->
                  <span class="method-name">jobStartAndStatitics</span>
                  <span class="parameters">(smkVrs24SwtrRawImageInHlsOut, start)</span>
                </div> <!-- method-content -->
              </div> <!-- method -->
              <div class="method">
                <div class="method-content">
                  <a name="jobStartAndStatitics(smkVrs4bUnicastUdpMp4Out, stop)">
                  </a> <!-- jobStartAndStatitics(smkVrs4bUnicastUdpMp4Out, stop) -->
                  <span class="method-name">jobStartAndStatitics</span>
                  <span class="parameters">(smkVrs4bUnicastUdpMp4Out, stop)</span>
                </div> <!-- method-content -->
              </div> <!-- method -->
              <div class="method">
                <div class="method-content">
                  <a name="jobStartAndStatitics(SmkVrs36SctePerodicUdpInRawOut, stop)">
                  </a> <!-- jobStartAndStatitics(SmkVrs36SctePerodicUdpInRawOut, stop) -->
                  <span class="method-name">jobStartAndStatitics</span>
                  <span class="parameters">(SmkVrs36SctePerodicUdpInRawOut, stop)</span>
                </div> <!-- method-content -->
              </div> <!-- method -->
              <div class="method">
                <div class="method-content">
                  <a name="jobStartAndStatitics(SmkVrs40SctePerodicRawInHls, start)">
                  </a> <!-- jobStartAndStatitics(SmkVrs40SctePerodicRawInHls, start) -->
                  <span class="method-name">jobStartAndStatitics</span>
                  <span class="parameters">(SmkVrs40SctePerodicRawInHls, start)</span>
                </div> <!-- method-content -->
              </div> <!-- method -->
              <div class="method">
                <div class="method-content">
                  <a name="jobStartAndStatitics(SmkVrs50VportRawInUDpuni, stop)">
                  </a> <!-- jobStartAndStatitics(SmkVrs50VportRawInUDpuni, stop) -->
                  <span class="method-name">jobStartAndStatitics</span>
                  <span class="parameters">(SmkVrs50VportRawInUDpuni, stop)</span>
                </div> <!-- method-content -->
              </div> <!-- method -->
              <div class="method">
                <div class="method-content">
                  <a name="jobStartAndStatitics(SmkVrs51VportUDpuniRawOut, start)">
                  </a> <!-- jobStartAndStatitics(SmkVrs51VportUDpuniRawOut, start) -->
                  <span class="method-name">jobStartAndStatitics</span>
                  <span class="parameters">(SmkVrs51VportUDpuniRawOut, start)</span>
                </div> <!-- method-content -->
              </div> <!-- method -->
              <div class="method">
                <div class="method-content">
                  <a name="jobStartAndStatitics(SmkVrs37ScteInbandRawInHlsout, stop)">
                  </a> <!-- jobStartAndStatitics(SmkVrs37ScteInbandRawInHlsout, stop) -->
                  <span class="method-name">jobStartAndStatitics</span>
                  <span class="parameters">(SmkVrs37ScteInbandRawInHlsout, stop)</span>
                </div> <!-- method-content -->
              </div> <!-- method -->
              <div class="method">
                <div class="method-content">
                  <a name="jobStartAndStatitics(SmkVrs45MgwlInHls, stop)">
                  </a> <!-- jobStartAndStatitics(SmkVrs45MgwlInHls, stop) -->
                  <span class="method-name">jobStartAndStatitics</span>
                  <span class="parameters">(SmkVrs45MgwlInHls, stop)</span>
                </div> <!-- method-content -->
              </div> <!-- method -->
              <div class="method">
                <div class="method-content">
                  <a name="jobStartAndStatitics(SmkVrs62MgwlInHlsndUdpOut, stop)">
                  </a> <!-- jobStartAndStatitics(SmkVrs62MgwlInHlsndUdpOut, stop) -->
                  <span class="method-name">jobStartAndStatitics</span>
                  <span class="parameters">(SmkVrs62MgwlInHlsndUdpOut, stop)</span>
                </div> <!-- method-content -->
              </div> <!-- method -->
              <div class="method">
                <div class="method-content">
                  <a name="jobStartAndStatitics(SmkVrs49MagewlInRtmpOut, start)">
                  </a> <!-- jobStartAndStatitics(SmkVrs49MagewlInRtmpOut, start) -->
                  <span class="method-name">jobStartAndStatitics</span>
                  <span class="parameters">(SmkVrs49MagewlInRtmpOut, start)</span>
                </div> <!-- method-content -->
              </div> <!-- method -->
              <div class="method">
                <div class="method-content">
                  <a name="jobStartAndStatitics(SmkVrs37ScteInbandRawInHlsout, start)">
                  </a> <!-- jobStartAndStatitics(SmkVrs37ScteInbandRawInHlsout, start) -->
                  <span class="method-name">jobStartAndStatitics</span>
                  <span class="parameters">(SmkVrs37ScteInbandRawInHlsout, start)</span>
                </div> <!-- method-content -->
              </div> <!-- method -->
              <div class="method">
                <div class="method-content">
                  <a name="jobStartAndStatitics(SmkVrs39ScteOubndCuOuDuraRawInHls, stop)">
                  </a> <!-- jobStartAndStatitics(SmkVrs39ScteOubndCuOuDuraRawInHls, stop) -->
                  <span class="method-name">jobStartAndStatitics</span>
                  <span class="parameters">(SmkVrs39ScteOubndCuOuDuraRawInHls, stop)</span>
                </div> <!-- method-content -->
              </div> <!-- method -->
              <div class="method">
                <div class="method-content">
                  <a name="jobStartAndStatitics(smkVrs4bUnicastUdpMp4Out, start)">
                  </a> <!-- jobStartAndStatitics(smkVrs4bUnicastUdpMp4Out, start) -->
                  <span class="method-name">jobStartAndStatitics</span>
                  <span class="parameters">(smkVrs4bUnicastUdpMp4Out, start)</span>
                </div> <!-- method-content -->
              </div> <!-- method -->
              <div class="method">
                <div class="method-content">
                  <a name="jobStartAndStatitics(SmkVrs41ScteCueOuInFileInRawOut, start)">
                  </a> <!-- jobStartAndStatitics(SmkVrs41ScteCueOuInFileInRawOut, start) -->
                  <span class="method-name">jobStartAndStatitics</span>
                  <span class="parameters">(SmkVrs41ScteCueOuInFileInRawOut, start)</span>
                </div> <!-- method-content -->
              </div> <!-- method -->
              <div class="method">
                <div class="method-content">
                  <a name="jobStartAndStatitics(SmkVrs42ScteInbandRawOutHls, start)">
                  </a> <!-- jobStartAndStatitics(SmkVrs42ScteInbandRawOutHls, start) -->
                  <span class="method-name">jobStartAndStatitics</span>
                  <span class="parameters">(SmkVrs42ScteInbandRawOutHls, start)</span>
                </div> <!-- method-content -->
              </div> <!-- method -->
              <div class="method">
                <div class="method-content">
                  <a name="jobStartAndStatitics(SmkVrs34ScteCueOuInUdpInRawOut, start)">
                  </a> <!-- jobStartAndStatitics(SmkVrs34ScteCueOuInUdpInRawOut, start) -->
                  <span class="method-name">jobStartAndStatitics</span>
                  <span class="parameters">(SmkVrs34ScteCueOuInUdpInRawOut, start)</span>
                </div> <!-- method-content -->
              </div> <!-- method -->
              <div class="method">
                <div class="method-content">
                  <a name="jobStartAndStatitics(smkVrs4aBmdInMultiOut, start)">
                  </a> <!-- jobStartAndStatitics(smkVrs4aBmdInMultiOut, start) -->
                  <span class="method-name">jobStartAndStatitics</span>
                  <span class="parameters">(smkVrs4aBmdInMultiOut, start)</span>
                </div> <!-- method-content -->
              </div> <!-- method -->
              <div class="method">
                <div class="method-content">
                  <a name="jobStartAndStatitics(SmkVrs44ScteInbandRawOutHls, stop)">
                  </a> <!-- jobStartAndStatitics(SmkVrs44ScteInbandRawOutHls, stop) -->
                  <span class="method-name">jobStartAndStatitics</span>
                  <span class="parameters">(SmkVrs44ScteInbandRawOutHls, stop)</span>
                </div> <!-- method-content -->
              </div> <!-- method -->
              <div class="method">
                <div class="method-content">
                  <a name="jobStartAndStatitics(smkVrs4cRtmpInMp4Out, start)">
                  </a> <!-- jobStartAndStatitics(smkVrs4cRtmpInMp4Out, start) -->
                  <span class="method-name">jobStartAndStatitics</span>
                  <span class="parameters">(smkVrs4cRtmpInMp4Out, start)</span>
                </div> <!-- method-content -->
              </div> <!-- method -->
              <div class="method">
                <div class="method-content">
                  <a name="jobStartAndStatitics(smkVrs4aBmdInMultiOut, stop)">
                  </a> <!-- jobStartAndStatitics(smkVrs4aBmdInMultiOut, stop) -->
                  <span class="method-name">jobStartAndStatitics</span>
                  <span class="parameters">(smkVrs4aBmdInMultiOut, stop)</span>
                </div> <!-- method-content -->
              </div> <!-- method -->
              <div class="method">
                <div class="method-content">
                  <a name="jobStartAndStatitics(SmkVrs44ScteInbandRawOutHls, start)">
                  </a> <!-- jobStartAndStatitics(SmkVrs44ScteInbandRawOutHls, start) -->
                  <span class="method-name">jobStartAndStatitics</span>
                  <span class="parameters">(SmkVrs44ScteInbandRawOutHls, start)</span>
                </div> <!-- method-content -->
              </div> <!-- method -->
              <div class="method">
                <div class="method-content">
                  <a name="jobStartAndStatitics(SmkVrs62MgwlInHlsndUdpOut, start)">
                  </a> <!-- jobStartAndStatitics(SmkVrs62MgwlInHlsndUdpOut, start) -->
                  <span class="method-name">jobStartAndStatitics</span>
                  <span class="parameters">(SmkVrs62MgwlInHlsndUdpOut, start)</span>
                </div> <!-- method-content -->
              </div> <!-- method -->
              <div class="method">
                <div class="method-content">
                  <a name="jobStartAndStatitics(Smkvrs66HttpInRawOut, start)">
                  </a> <!-- jobStartAndStatitics(Smkvrs66HttpInRawOut, start) -->
                  <span class="method-name">jobStartAndStatitics</span>
                  <span class="parameters">(Smkvrs66HttpInRawOut, start)</span>
                </div> <!-- method-content -->
              </div> <!-- method -->
              <div class="method">
                <div class="method-content">
                  <a name="jobStartAndStatitics(smkVrs48MgwlInHlsMp4UserDe, start)">
                  </a> <!-- jobStartAndStatitics(smkVrs48MgwlInHlsMp4UserDe, start) -->
                  <span class="method-name">jobStartAndStatitics</span>
                  <span class="parameters">(smkVrs48MgwlInHlsMp4UserDe, start)</span>
                </div> <!-- method-content -->
              </div> <!-- method -->
              <div class="method">
                <div class="method-content">
                  <a name="jobStartAndStatitics(SmkVrs65aMgwlInUDPpTSbasPCR, start)">
                  </a> <!-- jobStartAndStatitics(SmkVrs65aMgwlInUDPpTSbasPCR, start) -->
                  <span class="method-name">jobStartAndStatitics</span>
                  <span class="parameters">(SmkVrs65aMgwlInUDPpTSbasPCR, start)</span>
                </div> <!-- method-content -->
              </div> <!-- method -->
              <div class="method">
                <div class="method-content">
                  <a name="jobStartAndStatitics(SmkVrs50VportRawInUDpuni, start)">
                  </a> <!-- jobStartAndStatitics(SmkVrs50VportRawInUDpuni, start) -->
                  <span class="method-name">jobStartAndStatitics</span>
                  <span class="parameters">(SmkVrs50VportRawInUDpuni, start)</span>
                </div> <!-- method-content -->
              </div> <!-- method -->
              <div class="method">
                <div class="method-content">
                  <a name="jobStartAndStatitics(SmkVrs46MgwlInDash, start)">
                  </a> <!-- jobStartAndStatitics(SmkVrs46MgwlInDash, start) -->
                  <span class="method-name">jobStartAndStatitics</span>
                  <span class="parameters">(SmkVrs46MgwlInDash, start)</span>
                </div> <!-- method-content -->
              </div> <!-- method -->
              <div class="method">
                <div class="method-content">
                  <a name="jobStartAndStatitics(SmkVrs45MgwlInHls, start)">
                  </a> <!-- jobStartAndStatitics(SmkVrs45MgwlInHls, start) -->
                  <span class="method-name">jobStartAndStatitics</span>
                  <span class="parameters">(SmkVrs45MgwlInHls, start)</span>
                </div> <!-- method-content -->
              </div> <!-- method -->
              <div class="method">
                <div class="method-content">
                  <a name="jobStartAndStatitics(SmkVrs49MagewlInRtmpOut, stop)">
                  </a> <!-- jobStartAndStatitics(SmkVrs49MagewlInRtmpOut, stop) -->
                  <span class="method-name">jobStartAndStatitics</span>
                  <span class="parameters">(SmkVrs49MagewlInRtmpOut, stop)</span>
                </div> <!-- method-content -->
              </div> <!-- method -->
            </div> <!-- main-panel-content rounded-window-bottom -->
          </div> <!-- suite-Default_suite-class-passed -->
        </div> <!-- panel Default_suite -->
        <div panel-name="test-xml-Default_suite" class="panel">
          <div class="main-panel-header rounded-window-top">
            <span class="header-content">C:\Users\sr39\AppData\Local\Temp\testng-eclipse-81979827\testng-customsuite.xml</span>
          </div> <!-- main-panel-header rounded-window-top -->
          <div class="main-panel-content rounded-window-bottom">
            <pre>
&lt;?xml version=&quot;1.0&quot; encoding=&quot;UTF-8&quot;?&gt;
&lt;!DOCTYPE suite SYSTEM &quot;http://testng.org/testng-1.0.dtd&quot;&gt;
&lt;suite name=&quot;Default suite&quot;&gt;
  &lt;test verbose=&quot;2&quot; name=&quot;Default test&quot;&gt;
    &lt;classes&gt;
      &lt;class name=&quot;testCasesSmoke.TestCasesRunning.Datadriver&quot;/&gt;
    &lt;/classes&gt;
  &lt;/test&gt; &lt;!-- Default test --&gt;
&lt;/suite&gt; &lt;!-- Default suite --&gt;
            </pre>
          </div> <!-- main-panel-content rounded-window-bottom -->
        </div> <!-- panel -->
        <div panel-name="testlist-Default_suite" class="panel">
          <div class="main-panel-header rounded-window-top">
            <span class="header-content">Tests for Default suite</span>
          </div> <!-- main-panel-header rounded-window-top -->
          <div class="main-panel-content rounded-window-bottom">
            <ul>
              <li>
                <span class="test-name">Default test (1 class)</span>
              </li>
            </ul>
          </div> <!-- main-panel-content rounded-window-bottom -->
        </div> <!-- panel -->
        <div panel-name="group-Default_suite" class="panel">
          <div class="main-panel-header rounded-window-top">
            <span class="header-content">Groups for Default suite</span>
          </div> <!-- main-panel-header rounded-window-top -->
          <div class="main-panel-content rounded-window-bottom">
          </div> <!-- main-panel-content rounded-window-bottom -->
        </div> <!-- panel -->
        <div panel-name="times-Default_suite" class="panel">
          <div class="main-panel-header rounded-window-top">
            <span class="header-content">Times for Default suite</span>
          </div> <!-- main-panel-header rounded-window-top -->
          <div class="main-panel-content rounded-window-bottom">
            <div class="times-div">
              <script type="text/javascript">
suiteTableInitFunctions.push('tableData_Default_suite');
function tableData_Default_suite() {
var data = new google.visualization.DataTable();
data.addColumn('number', 'Number');
data.addColumn('string', 'Method');
data.addColumn('string', 'Class');
data.addColumn('number', 'Time (ms)');
data.addRows(58);
data.setCell(0, 0, 0)
data.setCell(0, 1, 'jobStartAndStatitics')
data.setCell(0, 2, 'testCasesSmoke.TestCasesRunning.Datadriver')
data.setCell(0, 3, 37466);
data.setCell(1, 0, 1)
data.setCell(1, 1, 'jobStartAndStatitics')
data.setCell(1, 2, 'testCasesSmoke.TestCasesRunning.Datadriver')
data.setCell(1, 3, 36322);
data.setCell(2, 0, 2)
data.setCell(2, 1, 'jobStartAndStatitics')
data.setCell(2, 2, 'testCasesSmoke.TestCasesRunning.Datadriver')
data.setCell(2, 3, 34846);
data.setCell(3, 0, 3)
data.setCell(3, 1, 'jobStartAndStatitics')
data.setCell(3, 2, 'testCasesSmoke.TestCasesRunning.Datadriver')
data.setCell(3, 3, 30370);
data.setCell(4, 0, 4)
data.setCell(4, 1, 'jobStartAndStatitics')
data.setCell(4, 2, 'testCasesSmoke.TestCasesRunning.Datadriver')
data.setCell(4, 3, 28331);
data.setCell(5, 0, 5)
data.setCell(5, 1, 'jobStartAndStatitics')
data.setCell(5, 2, 'testCasesSmoke.TestCasesRunning.Datadriver')
data.setCell(5, 3, 28081);
data.setCell(6, 0, 6)
data.setCell(6, 1, 'jobStartAndStatitics')
data.setCell(6, 2, 'testCasesSmoke.TestCasesRunning.Datadriver')
data.setCell(6, 3, 27971);
data.setCell(7, 0, 7)
data.setCell(7, 1, 'jobStartAndStatitics')
data.setCell(7, 2, 'testCasesSmoke.TestCasesRunning.Datadriver')
data.setCell(7, 3, 27659);
data.setCell(8, 0, 8)
data.setCell(8, 1, 'jobStartAndStatitics')
data.setCell(8, 2, 'testCasesSmoke.TestCasesRunning.Datadriver')
data.setCell(8, 3, 27602);
data.setCell(9, 0, 9)
data.setCell(9, 1, 'jobStartAndStatitics')
data.setCell(9, 2, 'testCasesSmoke.TestCasesRunning.Datadriver')
data.setCell(9, 3, 27461);
data.setCell(10, 0, 10)
data.setCell(10, 1, 'jobStartAndStatitics')
data.setCell(10, 2, 'testCasesSmoke.TestCasesRunning.Datadriver')
data.setCell(10, 3, 27149);
data.setCell(11, 0, 11)
data.setCell(11, 1, 'jobStartAndStatitics')
data.setCell(11, 2, 'testCasesSmoke.TestCasesRunning.Datadriver')
data.setCell(11, 3, 26780);
data.setCell(12, 0, 12)
data.setCell(12, 1, 'jobStartAndStatitics')
data.setCell(12, 2, 'testCasesSmoke.TestCasesRunning.Datadriver')
data.setCell(12, 3, 26672);
data.setCell(13, 0, 13)
data.setCell(13, 1, 'jobStartAndStatitics')
data.setCell(13, 2, 'testCasesSmoke.TestCasesRunning.Datadriver')
data.setCell(13, 3, 26660);
data.setCell(14, 0, 14)
data.setCell(14, 1, 'jobStartAndStatitics')
data.setCell(14, 2, 'testCasesSmoke.TestCasesRunning.Datadriver')
data.setCell(14, 3, 26615);
data.setCell(15, 0, 15)
data.setCell(15, 1, 'jobStartAndStatitics')
data.setCell(15, 2, 'testCasesSmoke.TestCasesRunning.Datadriver')
data.setCell(15, 3, 26521);
data.setCell(16, 0, 16)
data.setCell(16, 1, 'jobStartAndStatitics')
data.setCell(16, 2, 'testCasesSmoke.TestCasesRunning.Datadriver')
data.setCell(16, 3, 26478);
data.setCell(17, 0, 17)
data.setCell(17, 1, 'jobStartAndStatitics')
data.setCell(17, 2, 'testCasesSmoke.TestCasesRunning.Datadriver')
data.setCell(17, 3, 26448);
data.setCell(18, 0, 18)
data.setCell(18, 1, 'jobStartAndStatitics')
data.setCell(18, 2, 'testCasesSmoke.TestCasesRunning.Datadriver')
data.setCell(18, 3, 26392);
data.setCell(19, 0, 19)
data.setCell(19, 1, 'jobStartAndStatitics')
data.setCell(19, 2, 'testCasesSmoke.TestCasesRunning.Datadriver')
data.setCell(19, 3, 26282);
data.setCell(20, 0, 20)
data.setCell(20, 1, 'jobStartAndStatitics')
data.setCell(20, 2, 'testCasesSmoke.TestCasesRunning.Datadriver')
data.setCell(20, 3, 26227);
data.setCell(21, 0, 21)
data.setCell(21, 1, 'jobStartAndStatitics')
data.setCell(21, 2, 'testCasesSmoke.TestCasesRunning.Datadriver')
data.setCell(21, 3, 26158);
data.setCell(22, 0, 22)
data.setCell(22, 1, 'jobStartAndStatitics')
data.setCell(22, 2, 'testCasesSmoke.TestCasesRunning.Datadriver')
data.setCell(22, 3, 26142);
data.setCell(23, 0, 23)
data.setCell(23, 1, 'jobStartAndStatitics')
data.setCell(23, 2, 'testCasesSmoke.TestCasesRunning.Datadriver')
data.setCell(23, 3, 26085);
data.setCell(24, 0, 24)
data.setCell(24, 1, 'jobStartAndStatitics')
data.setCell(24, 2, 'testCasesSmoke.TestCasesRunning.Datadriver')
data.setCell(24, 3, 26017);
data.setCell(25, 0, 25)
data.setCell(25, 1, 'jobStartAndStatitics')
data.setCell(25, 2, 'testCasesSmoke.TestCasesRunning.Datadriver')
data.setCell(25, 3, 25978);
data.setCell(26, 0, 26)
data.setCell(26, 1, 'jobStartAndStatitics')
data.setCell(26, 2, 'testCasesSmoke.TestCasesRunning.Datadriver')
data.setCell(26, 3, 25976);
data.setCell(27, 0, 27)
data.setCell(27, 1, 'jobStartAndStatitics')
data.setCell(27, 2, 'testCasesSmoke.TestCasesRunning.Datadriver')
data.setCell(27, 3, 25971);
data.setCell(28, 0, 28)
data.setCell(28, 1, 'jobStartAndStatitics')
data.setCell(28, 2, 'testCasesSmoke.TestCasesRunning.Datadriver')
data.setCell(28, 3, 25731);
data.setCell(29, 0, 29)
data.setCell(29, 1, 'jobStartAndStatitics')
data.setCell(29, 2, 'testCasesSmoke.TestCasesRunning.Datadriver')
data.setCell(29, 3, 25642);
data.setCell(30, 0, 30)
data.setCell(30, 1, 'jobStartAndStatitics')
data.setCell(30, 2, 'testCasesSmoke.TestCasesRunning.Datadriver')
data.setCell(30, 3, 25357);
data.setCell(31, 0, 31)
data.setCell(31, 1, 'jobStartAndStatitics')
data.setCell(31, 2, 'testCasesSmoke.TestCasesRunning.Datadriver')
data.setCell(31, 3, 25342);
data.setCell(32, 0, 32)
data.setCell(32, 1, 'jobStartAndStatitics')
data.setCell(32, 2, 'testCasesSmoke.TestCasesRunning.Datadriver')
data.setCell(32, 3, 25255);
data.setCell(33, 0, 33)
data.setCell(33, 1, 'jobStartAndStatitics')
data.setCell(33, 2, 'testCasesSmoke.TestCasesRunning.Datadriver')
data.setCell(33, 3, 25184);
data.setCell(34, 0, 34)
data.setCell(34, 1, 'jobStartAndStatitics')
data.setCell(34, 2, 'testCasesSmoke.TestCasesRunning.Datadriver')
data.setCell(34, 3, 24714);
data.setCell(35, 0, 35)
data.setCell(35, 1, 'jobStartAndStatitics')
data.setCell(35, 2, 'testCasesSmoke.TestCasesRunning.Datadriver')
data.setCell(35, 3, 24484);
data.setCell(36, 0, 36)
data.setCell(36, 1, 'jobStartAndStatitics')
data.setCell(36, 2, 'testCasesSmoke.TestCasesRunning.Datadriver')
data.setCell(36, 3, 24427);
data.setCell(37, 0, 37)
data.setCell(37, 1, 'jobStartAndStatitics')
data.setCell(37, 2, 'testCasesSmoke.TestCasesRunning.Datadriver')
data.setCell(37, 3, 23821);
data.setCell(38, 0, 38)
data.setCell(38, 1, 'jobStartAndStatitics')
data.setCell(38, 2, 'testCasesSmoke.TestCasesRunning.Datadriver')
data.setCell(38, 3, 23749);
data.setCell(39, 0, 39)
data.setCell(39, 1, 'jobStartAndStatitics')
data.setCell(39, 2, 'testCasesSmoke.TestCasesRunning.Datadriver')
data.setCell(39, 3, 12006);
data.setCell(40, 0, 40)
data.setCell(40, 1, 'jobStartAndStatitics')
data.setCell(40, 2, 'testCasesSmoke.TestCasesRunning.Datadriver')
data.setCell(40, 3, 10029);
data.setCell(41, 0, 41)
data.setCell(41, 1, 'jobStartAndStatitics')
data.setCell(41, 2, 'testCasesSmoke.TestCasesRunning.Datadriver')
data.setCell(41, 3, 9636);
data.setCell(42, 0, 42)
data.setCell(42, 1, 'jobStartAndStatitics')
data.setCell(42, 2, 'testCasesSmoke.TestCasesRunning.Datadriver')
data.setCell(42, 3, 9209);
data.setCell(43, 0, 43)
data.setCell(43, 1, 'jobStartAndStatitics')
data.setCell(43, 2, 'testCasesSmoke.TestCasesRunning.Datadriver')
data.setCell(43, 3, 9132);
data.setCell(44, 0, 44)
data.setCell(44, 1, 'jobStartAndStatitics')
data.setCell(44, 2, 'testCasesSmoke.TestCasesRunning.Datadriver')
data.setCell(44, 3, 8801);
data.setCell(45, 0, 45)
data.setCell(45, 1, 'jobStartAndStatitics')
data.setCell(45, 2, 'testCasesSmoke.TestCasesRunning.Datadriver')
data.setCell(45, 3, 8770);
data.setCell(46, 0, 46)
data.setCell(46, 1, 'jobStartAndStatitics')
data.setCell(46, 2, 'testCasesSmoke.TestCasesRunning.Datadriver')
data.setCell(46, 3, 8726);
data.setCell(47, 0, 47)
data.setCell(47, 1, 'jobStartAndStatitics')
data.setCell(47, 2, 'testCasesSmoke.TestCasesRunning.Datadriver')
data.setCell(47, 3, 8695);
data.setCell(48, 0, 48)
data.setCell(48, 1, 'jobStartAndStatitics')
data.setCell(48, 2, 'testCasesSmoke.TestCasesRunning.Datadriver')
data.setCell(48, 3, 8367);
data.setCell(49, 0, 49)
data.setCell(49, 1, 'jobStartAndStatitics')
data.setCell(49, 2, 'testCasesSmoke.TestCasesRunning.Datadriver')
data.setCell(49, 3, 8350);
data.setCell(50, 0, 50)
data.setCell(50, 1, 'jobStartAndStatitics')
data.setCell(50, 2, 'testCasesSmoke.TestCasesRunning.Datadriver')
data.setCell(50, 3, 8322);
data.setCell(51, 0, 51)
data.setCell(51, 1, 'jobStartAndStatitics')
data.setCell(51, 2, 'testCasesSmoke.TestCasesRunning.Datadriver')
data.setCell(51, 3, 8297);
data.setCell(52, 0, 52)
data.setCell(52, 1, 'jobStartAndStatitics')
data.setCell(52, 2, 'testCasesSmoke.TestCasesRunning.Datadriver')
data.setCell(52, 3, 8279);
data.setCell(53, 0, 53)
data.setCell(53, 1, 'jobStartAndStatitics')
data.setCell(53, 2, 'testCasesSmoke.TestCasesRunning.Datadriver')
data.setCell(53, 3, 8173);
data.setCell(54, 0, 54)
data.setCell(54, 1, 'jobStartAndStatitics')
data.setCell(54, 2, 'testCasesSmoke.TestCasesRunning.Datadriver')
data.setCell(54, 3, 8109);
data.setCell(55, 0, 55)
data.setCell(55, 1, 'jobStartAndStatitics')
data.setCell(55, 2, 'testCasesSmoke.TestCasesRunning.Datadriver')
data.setCell(55, 3, 8041);
data.setCell(56, 0, 56)
data.setCell(56, 1, 'jobStartAndStatitics')
data.setCell(56, 2, 'testCasesSmoke.TestCasesRunning.Datadriver')
data.setCell(56, 3, 7979);
data.setCell(57, 0, 57)
data.setCell(57, 1, 'jobStartAndStatitics')
data.setCell(57, 2, 'testCasesSmoke.TestCasesRunning.Datadriver')
data.setCell(57, 3, 7902);
window.suiteTableData['Default_suite']= { tableData: data, tableDiv: 'times-div-Default_suite'}
return data;
}
              </script>
              <span class="suite-total-time">Total running time: 20 minutes</span>
              <div id="times-div-Default_suite">
              </div> <!-- times-div-Default_suite -->
            </div> <!-- times-div -->
          </div> <!-- main-panel-content rounded-window-bottom -->
        </div> <!-- panel -->
        <div panel-name="reporter-Default_suite" class="panel">
          <div class="main-panel-header rounded-window-top">
            <span class="header-content">Reporter output for Default suite</span>
          </div> <!-- main-panel-header rounded-window-top -->
          <div class="main-panel-content rounded-window-bottom">
          </div> <!-- main-panel-content rounded-window-bottom -->
        </div> <!-- panel -->
        <div panel-name="ignored-methods-Default_suite" class="panel">
          <div class="main-panel-header rounded-window-top">
            <span class="header-content">0 ignored methods</span>
          </div> <!-- main-panel-header rounded-window-top -->
          <div class="main-panel-content rounded-window-bottom">
          </div> <!-- main-panel-content rounded-window-bottom -->
        </div> <!-- panel -->
        <div panel-name="chronological-Default_suite" class="panel">
          <div class="main-panel-header rounded-window-top">
            <span class="header-content">Methods in chronological order</span>
          </div> <!-- main-panel-header rounded-window-top -->
          <div class="main-panel-content rounded-window-bottom">
            <div class="chronological-class">
              <div class="chronological-class-name">testCasesSmoke.TestCasesRunning.Datadriver</div> <!-- chronological-class-name -->
              <div class="configuration-class before">
                <span class="method-name">start</span>
                <span class="method-start">0 ms</span>
              </div> <!-- configuration-class before -->
              <div class="test-method">
                <span class="method-name">jobStartAndStatitics(smkVrs4aBmdInMultiOut, start)</span>
                <span class="method-start">10322 ms</span>
              </div> <!-- test-method -->
              <div class="test-method">
                <span class="method-name">jobStartAndStatitics(smkVrs4bUnicastUdpMp4Out, start)</span>
                <span class="method-start">40694 ms</span>
              </div> <!-- test-method -->
              <div class="test-method">
                <span class="method-name">jobStartAndStatitics(smkVrs4cRtmpInMp4Out, start)</span>
                <span class="method-start">78161 ms</span>
              </div> <!-- test-method -->
              <div class="test-method">
                <img src="failed.png">
                </img>
                <span class="method-name">jobStartAndStatitics(smkVrs4cRtmpInMp4Out, stop)</span>
                <span class="method-start">114485 ms</span>
              </div> <!-- test-method -->
              <div class="test-method">
                <span class="method-name">jobStartAndStatitics(smkVrs4bUnicastUdpMp4Out, stop)</span>
                <span class="method-start">126495 ms</span>
              </div> <!-- test-method -->
              <div class="test-method">
                <span class="method-name">jobStartAndStatitics(smkVrs4aBmdInMultiOut, stop)</span>
                <span class="method-start">161343 ms</span>
              </div> <!-- test-method -->
              <div class="test-method">
                <span class="method-name">jobStartAndStatitics(smkVrs24SwtrRawImageInHlsOut, start)</span>
                <span class="method-start">186599 ms</span>
              </div> <!-- test-method -->
              <div class="test-method">
                <img src="failed.png">
                </img>
                <span class="method-name">jobStartAndStatitics(smkVrs24SwtrRawImageInHlsOut, stop)</span>
                <span class="method-start">212617 ms</span>
              </div> <!-- test-method -->
              <div class="test-method">
                <img src="failed.png">
                </img>
                <span class="method-name">jobStartAndStatitics(smkVrs25SwtrRawTestInHlsDashOut, start)</span>
                <span class="method-start">220661 ms</span>
              </div> <!-- test-method -->
              <div class="test-method">
                <img src="failed.png">
                </img>
                <span class="method-name">jobStartAndStatitics(smkVrs25SwtrRawTestInHlsDashOut, stop)</span>
                <span class="method-start">228642 ms</span>
              </div> <!-- test-method -->
              <div class="test-method">
                <span class="method-name">jobStartAndStatitics(SmkVrs34ScteCueOuInUdpInRawOut, start)</span>
                <span class="method-start">236923 ms</span>
              </div> <!-- test-method -->
              <div class="test-method">
                <span class="method-name">jobStartAndStatitics(SmkVrs34ScteCueOuInUdpInRawOut, stop)</span>
                <span class="method-start">262566 ms</span>
              </div> <!-- test-method -->
              <div class="test-method">
                <img src="failed.png">
                </img>
                <span class="method-name">jobStartAndStatitics(SmkVrs35ScteCueOuDuraUdpInRawOut, start)</span>
                <span class="method-start">287924 ms</span>
              </div> <!-- test-method -->
              <div class="test-method">
                <img src="failed.png">
                </img>
                <span class="method-name">jobStartAndStatitics(SmkVrs35ScteCueOuDuraUdpInRawOut, stop)</span>
                <span class="method-start">296277 ms</span>
              </div> <!-- test-method -->
              <div class="test-method">
                <span class="method-name">jobStartAndStatitics(SmkVrs36SctePerodicUdpInRawOut, start)</span>
                <span class="method-start">306309 ms</span>
              </div> <!-- test-method -->
              <div class="test-method">
                <span class="method-name">jobStartAndStatitics(SmkVrs36SctePerodicUdpInRawOut, stop)</span>
                <span class="method-start">332287 ms</span>
              </div> <!-- test-method -->
              <div class="test-method">
                <span class="method-name">jobStartAndStatitics(SmkVrs37ScteInbandRawInHlsout, start)</span>
                <span class="method-start">358809 ms</span>
              </div> <!-- test-method -->
              <div class="test-method">
                <span class="method-name">jobStartAndStatitics(SmkVrs37ScteInbandRawInHlsout, stop)</span>
                <span class="method-start">385590 ms</span>
              </div> <!-- test-method -->
              <div class="test-method">
                <span class="method-name">jobStartAndStatitics(SmkVrs38ScteOubndCuOuInRawInHls, start)</span>
                <span class="method-start">411562 ms</span>
              </div> <!-- test-method -->
              <div class="test-method">
                <img src="failed.png">
                </img>
                <span class="method-name">jobStartAndStatitics(SmkVrs38ScteOubndCuOuInRawInHls, stop)</span>
                <span class="method-start">436905 ms</span>
              </div> <!-- test-method -->
              <div class="test-method">
                <span class="method-name">jobStartAndStatitics(SmkVrs39ScteOubndCuOuDuraRawInHls, start)</span>
                <span class="method-start">445606 ms</span>
              </div> <!-- test-method -->
              <div class="test-method">
                <span class="method-name">jobStartAndStatitics(SmkVrs39ScteOubndCuOuDuraRawInHls, stop)</span>
                <span class="method-start">472085 ms</span>
              </div> <!-- test-method -->
              <div class="test-method">
                <span class="method-name">jobStartAndStatitics(SmkVrs40SctePerodicRawInHls, start)</span>
                <span class="method-start">498534 ms</span>
              </div> <!-- test-method -->
              <div class="test-method">
                <img src="failed.png">
                </img>
                <span class="method-name">jobStartAndStatitics(SmkVrs40SctePerodicRawInHls, stop)</span>
                <span class="method-start">522284 ms</span>
              </div> <!-- test-method -->
              <div class="test-method">
                <span class="method-name">jobStartAndStatitics(SmkVrs41ScteCueOuInFileInRawOut, start)</span>
                <span class="method-start">530652 ms</span>
              </div> <!-- test-method -->
              <div class="test-method">
                <img src="failed.png">
                </img>
                <span class="method-name">jobStartAndStatitics(SmkVrs41ScteCueOuInFileInRawOut, stop)</span>
                <span class="method-start">555837 ms</span>
              </div> <!-- test-method -->
              <div class="test-method">
                <span class="method-name">jobStartAndStatitics(SmkVrs42ScteInbandRawOutHls, start)</span>
                <span class="method-start">565475 ms</span>
              </div> <!-- test-method -->
              <div class="test-method">
                <span class="method-name">jobStartAndStatitics(SmkVrs42ScteInbandRawOutHls, stop)</span>
                <span class="method-start">592136 ms</span>
              </div> <!-- test-method -->
              <div class="test-method">
                <span class="method-name">jobStartAndStatitics(SmkVrs43ScteCueOuDurFileInRawOut, start)</span>
                <span class="method-start">619738 ms</span>
              </div> <!-- test-method -->
              <div class="test-method">
                <img src="failed.png">
                </img>
                <span class="method-name">jobStartAndStatitics(SmkVrs43ScteCueOuDurFileInRawOut, stop)</span>
                <span class="method-start">644222 ms</span>
              </div> <!-- test-method -->
              <div class="test-method">
                <span class="method-name">jobStartAndStatitics(SmkVrs44ScteInbandRawOutHls, start)</span>
                <span class="method-start">653432 ms</span>
              </div> <!-- test-method -->
              <div class="test-method">
                <span class="method-name">jobStartAndStatitics(SmkVrs44ScteInbandRawOutHls, stop)</span>
                <span class="method-start">681092 ms</span>
              </div> <!-- test-method -->
              <div class="test-method">
                <span class="method-name">jobStartAndStatitics(SmkVrs45MgwlInHls, start)</span>
                <span class="method-start">707485 ms</span>
              </div> <!-- test-method -->
              <div class="test-method">
                <span class="method-name">jobStartAndStatitics(SmkVrs45MgwlInHls, stop)</span>
                <span class="method-start">734947 ms</span>
              </div> <!-- test-method -->
              <div class="test-method">
                <span class="method-name">jobStartAndStatitics(SmkVrs46MgwlInDash, start)</span>
                <span class="method-start">761175 ms</span>
              </div> <!-- test-method -->
              <div class="test-method">
                <img src="failed.png">
                </img>
                <span class="method-name">jobStartAndStatitics(SmkVrs46MgwlInDash, stop)</span>
                <span class="method-start">784997 ms</span>
              </div> <!-- test-method -->
              <div class="test-method">
                <span class="method-name">jobStartAndStatitics(SmkVrs47MgwlInUDPOut, start)</span>
                <span class="method-start">793296 ms</span>
              </div> <!-- test-method -->
              <div class="test-method">
                <span class="method-name">jobStartAndStatitics(SmkVrs47MgwlInUDPOut, stop)</span>
                <span class="method-start">819455 ms</span>
              </div> <!-- test-method -->
              <div class="test-method">
                <span class="method-name">jobStartAndStatitics(smkVrs48MgwlInHlsMp4UserDe, start)</span>
                <span class="method-start">846605 ms</span>
              </div> <!-- test-method -->
              <div class="test-method">
                <span class="method-name">jobStartAndStatitics(smkVrs48MgwlInHlsMp4UserDe, stop)</span>
                <span class="method-start">874937 ms</span>
              </div> <!-- test-method -->
              <div class="test-method">
                <span class="method-name">jobStartAndStatitics(SmkVrs49MagewlInRtmpOut, start)</span>
                <span class="method-start">902908 ms</span>
              </div> <!-- test-method -->
              <div class="test-method">
                <span class="method-name">jobStartAndStatitics(SmkVrs49MagewlInRtmpOut, stop)</span>
                <span class="method-start">929524 ms</span>
              </div> <!-- test-method -->
              <div class="test-method">
                <span class="method-name">jobStartAndStatitics(SmkVrs50VportRawInUDpuni, start)</span>
                <span class="method-start">955256 ms</span>
              </div> <!-- test-method -->
              <div class="test-method">
                <span class="method-name">jobStartAndStatitics(SmkVrs50VportRawInUDpuni, stop)</span>
                <span class="method-start">983337 ms</span>
              </div> <!-- test-method -->
              <div class="test-method">
                <span class="method-name">jobStartAndStatitics(SmkVrs51VportUDpuniRawOut, start)</span>
                <span class="method-start">1009620 ms</span>
              </div> <!-- test-method -->
              <div class="test-method">
                <span class="method-name">jobStartAndStatitics(SmkVrs51VportUDpuniRawOut, stop)</span>
                <span class="method-start">1035762 ms</span>
              </div> <!-- test-method -->
              <div class="test-method">
                <span class="method-name">jobStartAndStatitics(SmkVrs62MgwlInHlsndUdpOut, start)</span>
                <span class="method-start">1061847 ms</span>
              </div> <!-- test-method -->
              <div class="test-method">
                <span class="method-name">jobStartAndStatitics(SmkVrs62MgwlInHlsndUdpOut, stop)</span>
                <span class="method-start">1086561 ms</span>
              </div> <!-- test-method -->
              <div class="test-method">
                <span class="method-name">jobStartAndStatitics(SmkVrs65aMgwlInUDPpTSbasPCR, start)</span>
                <span class="method-start">1112540 ms</span>
              </div> <!-- test-method -->
              <div class="test-method">
                <img src="failed.png">
                </img>
                <span class="method-name">jobStartAndStatitics(SmkVrs65aMgwlInUDPpTSbasPCR, stop)</span>
                <span class="method-start">1136969 ms</span>
              </div> <!-- test-method -->
              <div class="test-method">
                <span class="method-name">jobStartAndStatitics(Smkvrs66HttpInRawOut, start)</span>
                <span class="method-start">1145699 ms</span>
              </div> <!-- test-method -->
              <div class="test-method">
                <img src="failed.png">
                </img>
                <span class="method-name">jobStartAndStatitics(Smkvrs66HttpInRawOut, stop)</span>
                <span class="method-start">1172372 ms</span>
              </div> <!-- test-method -->
              <div class="test-method">
                <img src="failed.png">
                </img>
                <span class="method-name">jobStartAndStatitics(SmkXport47Magewell_UDP, start)</span>
                <span class="method-start">1180696 ms</span>
              </div> <!-- test-method -->
              <div class="test-method">
                <img src="failed.png">
                </img>
                <span class="method-name">jobStartAndStatitics(SmkXport47Magewell_UDP, stop)</span>
                <span class="method-start">1188807 ms</span>
              </div> <!-- test-method -->
              <div class="test-method">
                <img src="failed.png">
                </img>
                <span class="method-name">jobStartAndStatitics(SmokeXport4aBMD_UDP, start)</span>
                <span class="method-start">1196981 ms</span>
              </div> <!-- test-method -->
              <div class="test-method">
                <img src="failed.png">
                </img>
                <span class="method-name">jobStartAndStatitics(SmokeXport4aBMD_UDP, stop)</span>
                <span class="method-start">1206115 ms</span>
              </div> <!-- test-method -->
              <div class="test-method">
                <img src="failed.png">
                </img>
                <span class="method-name">jobStartAndStatitics(SmkXpt63QualityOptMagewellUDP, start)</span>
                <span class="method-start">1214886 ms</span>
              </div> <!-- test-method -->
              <div class="test-method">
                <img src="failed.png">
                </img>
                <span class="method-name">jobStartAndStatitics(SmkXpt63QualityOptMagewellUDP, stop)</span>
                <span class="method-start">1223688 ms</span>
              </div> <!-- test-method -->
              <div class="configuration-class after">
                <span class="method-name">teardown</span>
                <span class="method-start">1231592 ms</span>
              </div> <!-- configuration-class after -->
          </div> <!-- main-panel-content rounded-window-bottom -->
        </div> <!-- panel -->
      </div> <!-- main-panel-root -->
    </div> <!-- wrapper -->
  </body>
</html>
